01:29:41 **** Incremental Build of configuration Debug for project DOT_MATRIX ****
make all 
Invoking: Cross ARM GNU Print Size
arm-none-eabi-size --format=berkeley "DOT_MATRIX.elf"
   text	   data	    bss	    dec	    hex	filename
   8955	    168	    416	   9539	   2543	DOT_MATRIX.elf
Finished building: DOT_MATRIX.siz
 
17:32:13 **** Incremental Build of configuration Debug for project COTS_STK ****
make all 
Building file: ../src/MSTK_Program.c
Invoking: Cross ARM GNU C Compiler
arm-none-eabi-gcc -mcpu=cortex-m4 -mthumb -mfloat-abi=soft -Og -fmessage-length=0 -fsigned-char -ffunction-sections -fdata-sections -ffreestanding -fno-move-loop-invariants -Wall -Wextra  -g3 -DDEBUG -DUSE_FULL_ASSERT -DTRACE -DOS_USE_TRACE_SEMIHOSTING_DEBUG -DSTM32F401xC -DUSE_HAL_DRIVER -DHSE_VALUE=25000000 -I"../include" -I"../system/include" -I"../system/include/cmsis" -I"../system/include/stm32f4-hal" -std=gnu11 -MMD -MP -MF"src/MSTK_Program.d" -MT"src/MSTK_Program.o" -c -o "src/MSTK_Program.o" "../src/MSTK_Program.c"
../src/MSTK_Program.c:23:10: fatal error: LSTD_TYPES.h: No such file or directory
 #include "LSTD_TYPES.h"
          ^~~~~~~~~~~~~~
compilation terminated.
make: *** [src/subdir.mk:38: src/MSTK_Program.o] Error 1
17:32:17 **** Incremental Build of configuration Debug for project DOT_MATRIX ****
make all 
Building file: ../src/HLED_MATRIX_Program.c
Invoking: Cross ARM GNU C Compiler
arm-none-eabi-gcc -mcpu=cortex-m4 -mthumb -mfloat-abi=soft -Og -fmessage-length=0 -fsigned-char -ffunction-sections -fdata-sections -ffreestanding -fno-move-loop-invariants -Wall -Wextra  -g3 -DDEBUG -DUSE_FULL_ASSERT -DTRACE -DOS_USE_TRACE_SEMIHOSTING_DEBUG -DSTM32F401xC -DUSE_HAL_DRIVER -DHSE_VALUE=25000000 -I"../include" -I"../system/include" -I"../system/include/cmsis" -I"../system/include/stm32f4-hal" -std=gnu11 -MMD -MP -MF"src/HLED_MATRIX_Program.d" -MT"src/HLED_MATRIX_Program.o" -c -o "src/HLED_MATRIX_Program.o" "../src/HLED_MATRIX_Program.c"
Finished building: ../src/HLED_MATRIX_Program.c
 
Building file: ../src/MGPIO_Program.c
Invoking: Cross ARM GNU C Compiler
arm-none-eabi-gcc -mcpu=cortex-m4 -mthumb -mfloat-abi=soft -Og -fmessage-length=0 -fsigned-char -ffunction-sections -fdata-sections -ffreestanding -fno-move-loop-invariants -Wall -Wextra  -g3 -DDEBUG -DUSE_FULL_ASSERT -DTRACE -DOS_USE_TRACE_SEMIHOSTING_DEBUG -DSTM32F401xC -DUSE_HAL_DRIVER -DHSE_VALUE=25000000 -I"../include" -I"../system/include" -I"../system/include/cmsis" -I"../system/include/stm32f4-hal" -std=gnu11 -MMD -MP -MF"src/MGPIO_Program.d" -MT"src/MGPIO_Program.o" -c -o "src/MGPIO_Program.o" "../src/MGPIO_Program.c"
../src/MGPIO_Program.c: In function 'MGPIO_voidPinLock':
../src/MGPIO_Program.c:287:27: warning: unused parameter 'Copy_u8PortName' [-Wunused-parameter]
 void MGPIO_voidPinLock(u8 Copy_u8PortName ,u8 Copy_u8PinNum)
                           ^~~~~~~~~~~~~~~
../src/MGPIO_Program.c:287:47: warning: unused parameter 'Copy_u8PinNum' [-Wunused-parameter]
 void MGPIO_voidPinLock(u8 Copy_u8PortName ,u8 Copy_u8PinNum)
                                               ^~~~~~~~~~~~~
../src/MGPIO_Program.c: In function 'MGPIO_voidSetPinAltFun':
../src/MGPIO_Program.c:300:32: warning: unused parameter 'Copy_u8PortName' [-Wunused-parameter]
 void MGPIO_voidSetPinAltFun(u8 Copy_u8PortName ,u8 Copy_u8PinNum, u8 Copy_u8AlFun)
                                ^~~~~~~~~~~~~~~
../src/MGPIO_Program.c:300:52: warning: unused parameter 'Copy_u8PinNum' [-Wunused-parameter]
 void MGPIO_voidSetPinAltFun(u8 Copy_u8PortName ,u8 Copy_u8PinNum, u8 Copy_u8AlFun)
                                                    ^~~~~~~~~~~~~
../src/MGPIO_Program.c:300:70: warning: unused parameter 'Copy_u8AlFun' [-Wunused-parameter]
 void MGPIO_voidSetPinAltFun(u8 Copy_u8PortName ,u8 Copy_u8PinNum, u8 Copy_u8AlFun)
                                                                      ^~~~~~~~~~~~
Finished building: ../src/MGPIO_Program.c
 
Building file: ../src/MNVIC_Program.c
Invoking: Cross ARM GNU C Compiler
arm-none-eabi-gcc -mcpu=cortex-m4 -mthumb -mfloat-abi=soft -Og -fmessage-length=0 -fsigned-char -ffunction-sections -fdata-sections -ffreestanding -fno-move-loop-invariants -Wall -Wextra  -g3 -DDEBUG -DUSE_FULL_ASSERT -DTRACE -DOS_USE_TRACE_SEMIHOSTING_DEBUG -DSTM32F401xC -DUSE_HAL_DRIVER -DHSE_VALUE=25000000 -I"../include" -I"../system/include" -I"../system/include/cmsis" -I"../system/include/stm32f4-hal" -std=gnu11 -MMD -MP -MF"src/MNVIC_Program.d" -MT"src/MNVIC_Program.o" -c -o "src/MNVIC_Program.o" "../src/MNVIC_Program.c"
../src/MNVIC_Program.c: In function 'MNVIC_u8IsInterruptActive':
../src/MNVIC_Program.c:78:14: warning: implicit declaration of function 'GIT_BIT'; did you mean 'GET_BIT'? [-Wimplicit-function-declaration]
      return  GIT_BIT(MNVIC_REG->IABR[Copy_u8IntPos/32],(Copy_u8IntPos % 32 )) ;
              ^~~~~~~
              GET_BIT
Finished building: ../src/MNVIC_Program.c
 
Building file: ../src/MRCC_Program.c
Invoking: Cross ARM GNU C Compiler
arm-none-eabi-gcc -mcpu=cortex-m4 -mthumb -mfloat-abi=soft -Og -fmessage-length=0 -fsigned-char -ffunction-sections -fdata-sections -ffreestanding -fno-move-loop-invariants -Wall -Wextra  -g3 -DDEBUG -DUSE_FULL_ASSERT -DTRACE -DOS_USE_TRACE_SEMIHOSTING_DEBUG -DSTM32F401xC -DUSE_HAL_DRIVER -DHSE_VALUE=25000000 -I"../include" -I"../system/include" -I"../system/include/cmsis" -I"../system/include/stm32f4-hal" -std=gnu11 -MMD -MP -MF"src/MRCC_Program.d" -MT"src/MRCC_Program.o" -c -o "src/MRCC_Program.o" "../src/MRCC_Program.c"
Finished building: ../src/MRCC_Program.c
 
Building file: ../src/MSTK_Program.c
Invoking: Cross ARM GNU C Compiler
arm-none-eabi-gcc -mcpu=cortex-m4 -mthumb -mfloat-abi=soft -Og -fmessage-length=0 -fsigned-char -ffunction-sections -fdata-sections -ffreestanding -fno-move-loop-invariants -Wall -Wextra  -g3 -DDEBUG -DUSE_FULL_ASSERT -DTRACE -DOS_USE_TRACE_SEMIHOSTING_DEBUG -DSTM32F401xC -DUSE_HAL_DRIVER -DHSE_VALUE=25000000 -I"../include" -I"../system/include" -I"../system/include/cmsis" -I"../system/include/stm32f4-hal" -std=gnu11 -MMD -MP -MF"src/MSTK_Program.d" -MT"src/MSTK_Program.o" -c -o "src/MSTK_Program.o" "../src/MSTK_Program.c"
Finished building: ../src/MSTK_Program.c
 
Building file: ../src/main.c
Invoking: Cross ARM GNU C Compiler
arm-none-eabi-gcc -mcpu=cortex-m4 -mthumb -mfloat-abi=soft -Og -fmessage-length=0 -fsigned-char -ffunction-sections -fdata-sections -ffreestanding -fno-move-loop-invariants -Wall -Wextra  -g3 -DDEBUG -DUSE_FULL_ASSERT -DTRACE -DOS_USE_TRACE_SEMIHOSTING_DEBUG -DSTM32F401xC -DUSE_HAL_DRIVER -DHSE_VALUE=25000000 -I"../include" -I"../system/include" -I"../system/include/cmsis" -I"../system/include/stm32f4-hal" -std=gnu11 -MMD -MP -MF"src/main.d" -MT"src/main.o" -c -o "src/main.o" "../src/main.c"
../src/main.c:20:1: warning: braces around scalar initializer
 u8 Data_Array_0[8]={{255, 2, 4, 8, 16, 32, 64, 255},{0, 0, 255, 9, 9, 255, 0, 0},{255, 129, 66, 36, 24, 1, 255, 1},{255, 2, 4, 8, 16, 32, 64, 255},{255, 137, 137, 137, 137, 137, 0, 0}};
 ^~
../src/main.c:20:1: note: (near initialization for 'Data_Array_0[0]')
../src/main.c:20:27: warning: excess elements in scalar initializer
 u8 Data_Array_0[8]={{255, 2, 4, 8, 16, 32, 64, 255},{0, 0, 255, 9, 9, 255, 0, 0},{255, 129, 66, 36, 24, 1, 255, 1},{255, 2, 4, 8, 16, 32, 64, 255},{255, 137, 137, 137, 137, 137, 0, 0}};
                           ^
../src/main.c:20:27: note: (near initialization for 'Data_Array_0[0]')
../src/main.c:20:30: warning: excess elements in scalar initializer
 u8 Data_Array_0[8]={{255, 2, 4, 8, 16, 32, 64, 255},{0, 0, 255, 9, 9, 255, 0, 0},{255, 129, 66, 36, 24, 1, 255, 1},{255, 2, 4, 8, 16, 32, 64, 255},{255, 137, 137, 137, 137, 137, 0, 0}};
                              ^
../src/main.c:20:30: note: (near initialization for 'Data_Array_0[0]')
../src/main.c:20:33: warning: excess elements in scalar initializer
 u8 Data_Array_0[8]={{255, 2, 4, 8, 16, 32, 64, 255},{0, 0, 255, 9, 9, 255, 0, 0},{255, 129, 66, 36, 24, 1, 255, 1},{255, 2, 4, 8, 16, 32, 64, 255},{255, 137, 137, 137, 137, 137, 0, 0}};
                                 ^
../src/main.c:20:33: note: (near initialization for 'Data_Array_0[0]')
../src/main.c:20:36: warning: excess elements in scalar initializer
 u8 Data_Array_0[8]={{255, 2, 4, 8, 16, 32, 64, 255},{0, 0, 255, 9, 9, 255, 0, 0},{255, 129, 66, 36, 24, 1, 255, 1},{255, 2, 4, 8, 16, 32, 64, 255},{255, 137, 137, 137, 137, 137, 0, 0}};
                                    ^~
../src/main.c:20:36: note: (near initialization for 'Data_Array_0[0]')
../src/main.c:20:40: warning: excess elements in scalar initializer
 u8 Data_Array_0[8]={{255, 2, 4, 8, 16, 32, 64, 255},{0, 0, 255, 9, 9, 255, 0, 0},{255, 129, 66, 36, 24, 1, 255, 1},{255, 2, 4, 8, 16, 32, 64, 255},{255, 137, 137, 137, 137, 137, 0, 0}};
                                        ^~
../src/main.c:20:40: note: (near initialization for 'Data_Array_0[0]')
../src/main.c:20:44: warning: excess elements in scalar initializer
 u8 Data_Array_0[8]={{255, 2, 4, 8, 16, 32, 64, 255},{0, 0, 255, 9, 9, 255, 0, 0},{255, 129, 66, 36, 24, 1, 255, 1},{255, 2, 4, 8, 16, 32, 64, 255},{255, 137, 137, 137, 137, 137, 0, 0}};
                                            ^~
../src/main.c:20:44: note: (near initialization for 'Data_Array_0[0]')
../src/main.c:20:48: warning: excess elements in scalar initializer
 u8 Data_Array_0[8]={{255, 2, 4, 8, 16, 32, 64, 255},{0, 0, 255, 9, 9, 255, 0, 0},{255, 129, 66, 36, 24, 1, 255, 1},{255, 2, 4, 8, 16, 32, 64, 255},{255, 137, 137, 137, 137, 137, 0, 0}};
                                                ^~~
../src/main.c:20:48: note: (near initialization for 'Data_Array_0[0]')
../src/main.c:20:1: warning: braces around scalar initializer
 u8 Data_Array_0[8]={{255, 2, 4, 8, 16, 32, 64, 255},{0, 0, 255, 9, 9, 255, 0, 0},{255, 129, 66, 36, 24, 1, 255, 1},{255, 2, 4, 8, 16, 32, 64, 255},{255, 137, 137, 137, 137, 137, 0, 0}};
 ^~
../src/main.c:20:1: note: (near initialization for 'Data_Array_0[1]')
../src/main.c:20:57: warning: excess elements in scalar initializer
 u8 Data_Array_0[8]={{255, 2, 4, 8, 16, 32, 64, 255},{0, 0, 255, 9, 9, 255, 0, 0},{255, 129, 66, 36, 24, 1, 255, 1},{255, 2, 4, 8, 16, 32, 64, 255},{255, 137, 137, 137, 137, 137, 0, 0}};
                                                         ^
../src/main.c:20:57: note: (near initialization for 'Data_Array_0[1]')
../src/main.c:20:60: warning: excess elements in scalar initializer
 u8 Data_Array_0[8]={{255, 2, 4, 8, 16, 32, 64, 255},{0, 0, 255, 9, 9, 255, 0, 0},{255, 129, 66, 36, 24, 1, 255, 1},{255, 2, 4, 8, 16, 32, 64, 255},{255, 137, 137, 137, 137, 137, 0, 0}};
                                                            ^~~
../src/main.c:20:60: note: (near initialization for 'Data_Array_0[1]')
../src/main.c:20:65: warning: excess elements in scalar initializer
 u8 Data_Array_0[8]={{255, 2, 4, 8, 16, 32, 64, 255},{0, 0, 255, 9, 9, 255, 0, 0},{255, 129, 66, 36, 24, 1, 255, 1},{255, 2, 4, 8, 16, 32, 64, 255},{255, 137, 137, 137, 137, 137, 0, 0}};
                                                                 ^
../src/main.c:20:65: note: (near initialization for 'Data_Array_0[1]')
../src/main.c:20:68: warning: excess elements in scalar initializer
 u8 Data_Array_0[8]={{255, 2, 4, 8, 16, 32, 64, 255},{0, 0, 255, 9, 9, 255, 0, 0},{255, 129, 66, 36, 24, 1, 255, 1},{255, 2, 4, 8, 16, 32, 64, 255},{255, 137, 137, 137, 137, 137, 0, 0}};
                                                                    ^
../src/main.c:20:68: note: (near initialization for 'Data_Array_0[1]')
../src/main.c:20:71: warning: excess elements in scalar initializer
 u8 Data_Array_0[8]={{255, 2, 4, 8, 16, 32, 64, 255},{0, 0, 255, 9, 9, 255, 0, 0},{255, 129, 66, 36, 24, 1, 255, 1},{255, 2, 4, 8, 16, 32, 64, 255},{255, 137, 137, 137, 137, 137, 0, 0}};
                                                                       ^~~
../src/main.c:20:71: note: (near initialization for 'Data_Array_0[1]')
../src/main.c:20:76: warning: excess elements in scalar initializer
 u8 Data_Array_0[8]={{255, 2, 4, 8, 16, 32, 64, 255},{0, 0, 255, 9, 9, 255, 0, 0},{255, 129, 66, 36, 24, 1, 255, 1},{255, 2, 4, 8, 16, 32, 64, 255},{255, 137, 137, 137, 137, 137, 0, 0}};
                                                                            ^
../src/main.c:20:76: note: (near initialization for 'Data_Array_0[1]')
../src/main.c:20:79: warning: excess elements in scalar initializer
 u8 Data_Array_0[8]={{255, 2, 4, 8, 16, 32, 64, 255},{0, 0, 255, 9, 9, 255, 0, 0},{255, 129, 66, 36, 24, 1, 255, 1},{255, 2, 4, 8, 16, 32, 64, 255},{255, 137, 137, 137, 137, 137, 0, 0}};
                                                                               ^
../src/main.c:20:79: note: (near initialization for 'Data_Array_0[1]')
../src/main.c:20:1: warning: braces around scalar initializer
 u8 Data_Array_0[8]={{255, 2, 4, 8, 16, 32, 64, 255},{0, 0, 255, 9, 9, 255, 0, 0},{255, 129, 66, 36, 24, 1, 255, 1},{255, 2, 4, 8, 16, 32, 64, 255},{255, 137, 137, 137, 137, 137, 0, 0}};
 ^~
../src/main.c:20:1: note: (near initialization for 'Data_Array_0[2]')
../src/main.c:20:88: warning: excess elements in scalar initializer
 u8 Data_Array_0[8]={{255, 2, 4, 8, 16, 32, 64, 255},{0, 0, 255, 9, 9, 255, 0, 0},{255, 129, 66, 36, 24, 1, 255, 1},{255, 2, 4, 8, 16, 32, 64, 255},{255, 137, 137, 137, 137, 137, 0, 0}};
                                                                                        ^~~
../src/main.c:20:88: note: (near initialization for 'Data_Array_0[2]')
../src/main.c:20:93: warning: excess elements in scalar initializer
 u8 Data_Array_0[8]={{255, 2, 4, 8, 16, 32, 64, 255},{0, 0, 255, 9, 9, 255, 0, 0},{255, 129, 66, 36, 24, 1, 255, 1},{255, 2, 4, 8, 16, 32, 64, 255},{255, 137, 137, 137, 137, 137, 0, 0}};
                                                                                             ^~
../src/main.c:20:93: note: (near initialization for 'Data_Array_0[2]')
../src/main.c:20:97: warning: excess elements in scalar initializer
 u8 Data_Array_0[8]={{255, 2, 4, 8, 16, 32, 64, 255},{0, 0, 255, 9, 9, 255, 0, 0},{255, 129, 66, 36, 24, 1, 255, 1},{255, 2, 4, 8, 16, 32, 64, 255},{255, 137, 137, 137, 137, 137, 0, 0}};
                                                                                                 ^~
../src/main.c:20:97: note: (near initialization for 'Data_Array_0[2]')
../src/main.c:20:101: warning: excess elements in scalar initializer
 u8 Data_Array_0[8]={{255, 2, 4, 8, 16, 32, 64, 255},{0, 0, 255, 9, 9, 255, 0, 0},{255, 129, 66, 36, 24, 1, 255, 1},{255, 2, 4, 8, 16, 32, 64, 255},{255, 137, 137, 137, 137, 137, 0, 0}};
                                                                                                     ^~
../src/main.c:20:101: note: (near initialization for 'Data_Array_0[2]')
../src/main.c:20:105: warning: excess elements in scalar initializer
 u8 Data_Array_0[8]={{255, 2, 4, 8, 16, 32, 64, 255},{0, 0, 255, 9, 9, 255, 0, 0},{255, 129, 66, 36, 24, 1, 255, 1},{255, 2, 4, 8, 16, 32, 64, 255},{255, 137, 137, 137, 137, 137, 0, 0}};
                                                                                                         ^
../src/main.c:20:105: note: (near initialization for 'Data_Array_0[2]')
../src/main.c:20:108: warning: excess elements in scalar initializer
 u8 Data_Array_0[8]={{255, 2, 4, 8, 16, 32, 64, 255},{0, 0, 255, 9, 9, 255, 0, 0},{255, 129, 66, 36, 24, 1, 255, 1},{255, 2, 4, 8, 16, 32, 64, 255},{255, 137, 137, 137, 137, 137, 0, 0}};
                                                                                                            ^~~
../src/main.c:20:108: note: (near initialization for 'Data_Array_0[2]')
../src/main.c:20:113: warning: excess elements in scalar initializer
 u8 Data_Array_0[8]={{255, 2, 4, 8, 16, 32, 64, 255},{0, 0, 255, 9, 9, 255, 0, 0},{255, 129, 66, 36, 24, 1, 255, 1},{255, 2, 4, 8, 16, 32, 64, 255},{255, 137, 137, 137, 137, 137, 0, 0}};
                                                                                                                 ^
../src/main.c:20:113: note: (near initialization for 'Data_Array_0[2]')
../src/main.c:20:1: warning: braces around scalar initializer
 u8 Data_Array_0[8]={{255, 2, 4, 8, 16, 32, 64, 255},{0, 0, 255, 9, 9, 255, 0, 0},{255, 129, 66, 36, 24, 1, 255, 1},{255, 2, 4, 8, 16, 32, 64, 255},{255, 137, 137, 137, 137, 137, 0, 0}};
 ^~
../src/main.c:20:1: note: (near initialization for 'Data_Array_0[3]')
../src/main.c:20:122: warning: excess elements in scalar initializer
 u8 Data_Array_0[8]={{255, 2, 4, 8, 16, 32, 64, 255},{0, 0, 255, 9, 9, 255, 0, 0},{255, 129, 66, 36, 24, 1, 255, 1},{255, 2, 4, 8, 16, 32, 64, 255},{255, 137, 137, 137, 137, 137, 0, 0}};
                                                                                                                          ^
../src/main.c:20:122: note: (near initialization for 'Data_Array_0[3]')
../src/main.c:20:125: warning: excess elements in scalar initializer
 u8 Data_Array_0[8]={{255, 2, 4, 8, 16, 32, 64, 255},{0, 0, 255, 9, 9, 255, 0, 0},{255, 129, 66, 36, 24, 1, 255, 1},{255, 2, 4, 8, 16, 32, 64, 255},{255, 137, 137, 137, 137, 137, 0, 0}};
                                                                                                                             ^
../src/main.c:20:125: note: (near initialization for 'Data_Array_0[3]')
../src/main.c:20:128: warning: excess elements in scalar initializer
 u8 Data_Array_0[8]={{255, 2, 4, 8, 16, 32, 64, 255},{0, 0, 255, 9, 9, 255, 0, 0},{255, 129, 66, 36, 24, 1, 255, 1},{255, 2, 4, 8, 16, 32, 64, 255},{255, 137, 137, 137, 137, 137, 0, 0}};
                                                                                                                                ^
../src/main.c:20:128: note: (near initialization for 'Data_Array_0[3]')
../src/main.c:20:131: warning: excess elements in scalar initializer
 u8 Data_Array_0[8]={{255, 2, 4, 8, 16, 32, 64, 255},{0, 0, 255, 9, 9, 255, 0, 0},{255, 129, 66, 36, 24, 1, 255, 1},{255, 2, 4, 8, 16, 32, 64, 255},{255, 137, 137, 137, 137, 137, 0, 0}};
                                                                                                                                   ^~
../src/main.c:20:131: note: (near initialization for 'Data_Array_0[3]')
../src/main.c:20:135: warning: excess elements in scalar initializer
 u8 Data_Array_0[8]={{255, 2, 4, 8, 16, 32, 64, 255},{0, 0, 255, 9, 9, 255, 0, 0},{255, 129, 66, 36, 24, 1, 255, 1},{255, 2, 4, 8, 16, 32, 64, 255},{255, 137, 137, 137, 137, 137, 0, 0}};
                                                                                                                                       ^~
../src/main.c:20:135: note: (near initialization for 'Data_Array_0[3]')
../src/main.c:20:139: warning: excess elements in scalar initializer
 u8 Data_Array_0[8]={{255, 2, 4, 8, 16, 32, 64, 255},{0, 0, 255, 9, 9, 255, 0, 0},{255, 129, 66, 36, 24, 1, 255, 1},{255, 2, 4, 8, 16, 32, 64, 255},{255, 137, 137, 137, 137, 137, 0, 0}};
                                                                                                                                           ^~
../src/main.c:20:139: note: (near initialization for 'Data_Array_0[3]')
../src/main.c:20:143: warning: excess elements in scalar initializer
 u8 Data_Array_0[8]={{255, 2, 4, 8, 16, 32, 64, 255},{0, 0, 255, 9, 9, 255, 0, 0},{255, 129, 66, 36, 24, 1, 255, 1},{255, 2, 4, 8, 16, 32, 64, 255},{255, 137, 137, 137, 137, 137, 0, 0}};
                                                                                                                                               ^~~
../src/main.c:20:143: note: (near initialization for 'Data_Array_0[3]')
../src/main.c:20:1: warning: braces around scalar initializer
 u8 Data_Array_0[8]={{255, 2, 4, 8, 16, 32, 64, 255},{0, 0, 255, 9, 9, 255, 0, 0},{255, 129, 66, 36, 24, 1, 255, 1},{255, 2, 4, 8, 16, 32, 64, 255},{255, 137, 137, 137, 137, 137, 0, 0}};
 ^~
../src/main.c:20:1: note: (near initialization for 'Data_Array_0[4]')
../src/main.c:20:154: warning: excess elements in scalar initializer
 u8 Data_Array_0[8]={{255, 2, 4, 8, 16, 32, 64, 255},{0, 0, 255, 9, 9, 255, 0, 0},{255, 129, 66, 36, 24, 1, 255, 1},{255, 2, 4, 8, 16, 32, 64, 255},{255, 137, 137, 137, 137, 137, 0, 0}};
                                                                                                                                                          ^~~
../src/main.c:20:154: note: (near initialization for 'Data_Array_0[4]')
../src/main.c:20:159: warning: excess elements in scalar initializer
 u8 Data_Array_0[8]={{255, 2, 4, 8, 16, 32, 64, 255},{0, 0, 255, 9, 9, 255, 0, 0},{255, 129, 66, 36, 24, 1, 255, 1},{255, 2, 4, 8, 16, 32, 64, 255},{255, 137, 137, 137, 137, 137, 0, 0}};
                                                                                                                                                               ^~~
../src/main.c:20:159: note: (near initialization for 'Data_Array_0[4]')
../src/main.c:20:164: warning: excess elements in scalar initializer
 u8 Data_Array_0[8]={{255, 2, 4, 8, 16, 32, 64, 255},{0, 0, 255, 9, 9, 255, 0, 0},{255, 129, 66, 36, 24, 1, 255, 1},{255, 2, 4, 8, 16, 32, 64, 255},{255, 137, 137, 137, 137, 137, 0, 0}};
                                                                                                                                                                    ^~~
../src/main.c:20:164: note: (near initialization for 'Data_Array_0[4]')
../src/main.c:20:169: warning: excess elements in scalar initializer
 u8 Data_Array_0[8]={{255, 2, 4, 8, 16, 32, 64, 255},{0, 0, 255, 9, 9, 255, 0, 0},{255, 129, 66, 36, 24, 1, 255, 1},{255, 2, 4, 8, 16, 32, 64, 255},{255, 137, 137, 137, 137, 137, 0, 0}};
                                                                                                                                                                         ^~~
../src/main.c:20:169: note: (near initialization for 'Data_Array_0[4]')
../src/main.c:20:174: warning: excess elements in scalar initializer
 u8 Data_Array_0[8]={{255, 2, 4, 8, 16, 32, 64, 255},{0, 0, 255, 9, 9, 255, 0, 0},{255, 129, 66, 36, 24, 1, 255, 1},{255, 2, 4, 8, 16, 32, 64, 255},{255, 137, 137, 137, 137, 137, 0, 0}};
                                                                                                                                                                              ^~~
../src/main.c:20:174: note: (near initialization for 'Data_Array_0[4]')
../src/main.c:20:179: warning: excess elements in scalar initializer
 u8 Data_Array_0[8]={{255, 2, 4, 8, 16, 32, 64, 255},{0, 0, 255, 9, 9, 255, 0, 0},{255, 129, 66, 36, 24, 1, 255, 1},{255, 2, 4, 8, 16, 32, 64, 255},{255, 137, 137, 137, 137, 137, 0, 0}};
                                                                                                                                                                                   ^
../src/main.c:20:179: note: (near initialization for 'Data_Array_0[4]')
../src/main.c:20:182: warning: excess elements in scalar initializer
 u8 Data_Array_0[8]={{255, 2, 4, 8, 16, 32, 64, 255},{0, 0, 255, 9, 9, 255, 0, 0},{255, 129, 66, 36, 24, 1, 255, 1},{255, 2, 4, 8, 16, 32, 64, 255},{255, 137, 137, 137, 137, 137, 0, 0}};
                                                                                                                                                                                      ^
../src/main.c:20:182: note: (near initialization for 'Data_Array_0[4]')
Finished building: ../src/main.c
 
Building target: DOT_MATRIX.elf
Invoking: Cross ARM GNU C++ Linker
arm-none-eabi-g++ -mcpu=cortex-m4 -mthumb -mfloat-abi=soft -Og -fmessage-length=0 -fsigned-char -ffunction-sections -fdata-sections -ffreestanding -fno-move-loop-invariants -Wall -Wextra  -g3 -T mem.ld -T libs.ld -T sections.ld -nostartfiles -Xlinker --gc-sections -L"../ldscripts" -Wl,-Map,"DOT_MATRIX.map" --specs=nano.specs -o "DOT_MATRIX.elf"  ./system/src/stm32f4-hal/stm32f4xx_hal.o ./system/src/stm32f4-hal/stm32f4xx_hal_cortex.o ./system/src/stm32f4-hal/stm32f4xx_hal_dfsdm.o ./system/src/stm32f4-hal/stm32f4xx_hal_flash.o ./system/src/stm32f4-hal/stm32f4xx_hal_gpio.o ./system/src/stm32f4-hal/stm32f4xx_hal_iwdg.o ./system/src/stm32f4-hal/stm32f4xx_hal_pwr.o ./system/src/stm32f4-hal/stm32f4xx_hal_rcc.o  ./system/src/newlib/_cxx.o ./system/src/newlib/_exit.o ./system/src/newlib/_sbrk.o ./system/src/newlib/_startup.o ./system/src/newlib/_syscalls.o ./system/src/newlib/assert.o  ./system/src/diag/Trace.o ./system/src/diag/trace_impl.o  ./system/src/cortexm/_initialize_hardware.o ./system/src/cortexm/_reset_hardware.o ./system/src/cortexm/exception_handlers.o  ./system/src/cmsis/system_stm32f4xx.o ./system/src/cmsis/vectors_stm32f401xc.o  ./src/HLED_MATRIX_Program.o ./src/MGPIO_Program.o ./src/MNVIC_Program.o ./src/MRCC_Program.o ./src/MSTK_Program.o ./src/_initialize_hardware.o ./src/_write.o ./src/main.o ./src/stm32f4xx_hal_msp.o   
Finished building target: DOT_MATRIX.elf
 
Invoking: Cross ARM GNU Create Flash Image
arm-none-eabi-objcopy -O ihex "DOT_MATRIX.elf"  "DOT_MATRIX.hex"
Finished building: DOT_MATRIX.hex
 
Invoking: Cross ARM GNU Print Size
arm-none-eabi-size --format=berkeley "DOT_MATRIX.elf"
   text	   data	    bss	    dec	    hex	filename
   8955	    168	    416	   9539	   2543	DOT_MATRIX.elf
Finished building: DOT_MATRIX.siz
 
17:32:37 **** Incremental Build of configuration Debug for project COTS_STK ****
make all 
Building file: ../src/MSTK_Program.c
Invoking: Cross ARM GNU C Compiler
arm-none-eabi-gcc -mcpu=cortex-m4 -mthumb -mfloat-abi=soft -Og -fmessage-length=0 -fsigned-char -ffunction-sections -fdata-sections -ffreestanding -fno-move-loop-invariants -Wall -Wextra  -g3 -DDEBUG -DUSE_FULL_ASSERT -DTRACE -DOS_USE_TRACE_SEMIHOSTING_DEBUG -DSTM32F401xC -DUSE_HAL_DRIVER -DHSE_VALUE=25000000 -I"../include" -I"../system/include" -I"../system/include/cmsis" -I"../system/include/stm32f4-hal" -std=gnu11 -MMD -MP -MF"src/MSTK_Program.d" -MT"src/MSTK_Program.o" -c -o "src/MSTK_Program.o" "../src/MSTK_Program.c"
../src/MSTK_Program.c:23:10: fatal error: LSTD_TYPES.h: No such file or directory
 #include "LSTD_TYPES.h"
          ^~~~~~~~~~~~~~
compilation terminated.
make: *** [src/subdir.mk:38: src/MSTK_Program.o] Error 1
17:32:38 **** Incremental Build of configuration Debug for project DOT_MATRIX ****
make all 
Invoking: Cross ARM GNU Print Size
arm-none-eabi-size --format=berkeley "DOT_MATRIX.elf"
   text	   data	    bss	    dec	    hex	filename
   8955	    168	    416	   9539	   2543	DOT_MATRIX.elf
Finished building: DOT_MATRIX.siz
 
17:32:52 **** Incremental Build of configuration Debug for project COTS_STK ****
make all 
Building file: ../src/MSTK_Program.c
Invoking: Cross ARM GNU C Compiler
arm-none-eabi-gcc -mcpu=cortex-m4 -mthumb -mfloat-abi=soft -Og -fmessage-length=0 -fsigned-char -ffunction-sections -fdata-sections -ffreestanding -fno-move-loop-invariants -Wall -Wextra  -g3 -DDEBUG -DUSE_FULL_ASSERT -DTRACE -DOS_USE_TRACE_SEMIHOSTING_DEBUG -DSTM32F401xC -DUSE_HAL_DRIVER -DHSE_VALUE=25000000 -I"../include" -I"../system/include" -I"../system/include/cmsis" -I"../system/include/stm32f4-hal" -std=gnu11 -MMD -MP -MF"src/MSTK_Program.d" -MT"src/MSTK_Program.o" -c -o "src/MSTK_Program.o" "../src/MSTK_Program.c"
In file included from ../src/MSTK_Program.c:24:0:
../src/MSTK_Program.c: In function 'MSTK_voidStart':
../src/MSTK_Program.c:88:20: error: 'STK_ENABLE_BIT' undeclared (first use in this function)
  SET_BIT(STK->CTRL,STK_ENABLE_BIT);
                    ^
../include/BIT_MATH.h:4:50: note: in definition of macro 'SET_BIT'
 #define SET_BIT(REG,BIT_NO)         REG |= (1 << BIT_NO)
                                                  ^~~~~~
../src/MSTK_Program.c:88:20: note: each undeclared identifier is reported only once for each function it appears in
  SET_BIT(STK->CTRL,STK_ENABLE_BIT);
                    ^
../include/BIT_MATH.h:4:50: note: in definition of macro 'SET_BIT'
 #define SET_BIT(REG,BIT_NO)         REG |= (1 << BIT_NO)
                                                  ^~~~~~
../src/MSTK_Program.c: In function 'MSTK_voidDelayMs':
../src/MSTK_Program.c:104:2: warning: implicit declaration of function 'STK_voidCtrlIntState'; did you mean 'STK_voidStopInterval'? [-Wimplicit-function-declaration]
  STK_voidCtrlIntState(STK_INT_DISABLE) ;
  ^~~~~~~~~~~~~~~~~~~~
  STK_voidStopInterval
../src/MSTK_Program.c:104:23: error: 'STK_INT_DISABLE' undeclared (first use in this function)
  STK_voidCtrlIntState(STK_INT_DISABLE) ;
                       ^~~~~~~~~~~~~~~
../src/MSTK_Program.c:105:2: warning: implicit declaration of function 'STK_voidStart'; did you mean 'MSTK_voidStart'? [-Wimplicit-function-declaration]
  STK_voidStart(Copy_u32DelayMs * 2000) ;
  ^~~~~~~~~~~~~
  MSTK_voidStart
../src/MSTK_Program.c:107:8: warning: implicit declaration of function 'STK_u8ReadFlag' [-Wimplicit-function-declaration]
  while(STK_u8ReadFlag() == 0) ;
        ^~~~~~~~~~~~~~
../src/MSTK_Program.c: In function 'STK_voidDelayUs':
../src/MSTK_Program.c:124:24: error: 'STK_INT_DISABLE' undeclared (first use in this function)
   STK_voidCtrlIntState(STK_INT_DISABLE) ;
                        ^~~~~~~~~~~~~~~
../src/MSTK_Program.c: At top level:
../src/MSTK_Program.c:138:4: error: conflicting types for 'STK_u8ReadFlag'
 u8 STK_u8ReadFlag(void)
    ^~~~~~~~~~~~~~
../src/MSTK_Program.c:107:8: note: previous implicit declaration of 'STK_u8ReadFlag' was here
  while(STK_u8ReadFlag() == 0) ;
        ^~~~~~~~~~~~~~
../src/MSTK_Program.c:150:6: warning: conflicting types for 'STK_voidCtrlIntState'
 void STK_voidCtrlIntState(u8 Copy_u8IntStatus)
      ^~~~~~~~~~~~~~~~~~~~
../src/MSTK_Program.c:104:2: note: previous implicit declaration of 'STK_voidCtrlIntState' was here
  STK_voidCtrlIntState(STK_INT_DISABLE) ;
  ^~~~~~~~~~~~~~~~~~~~
make: *** [src/subdir.mk:38: src/MSTK_Program.o] Error 1
17:32:52 **** Incremental Build of configuration Debug for project DOT_MATRIX ****
make all 
Invoking: Cross ARM GNU Print Size
arm-none-eabi-size --format=berkeley "DOT_MATRIX.elf"
   text	   data	    bss	    dec	    hex	filename
   8955	    168	    416	   9539	   2543	DOT_MATRIX.elf
Finished building: DOT_MATRIX.siz
 
17:34:02 **** Incremental Build of configuration Debug for project COTS_STK ****
make all 
Building file: ../src/MSTK_Program.c
Invoking: Cross ARM GNU C Compiler
arm-none-eabi-gcc -mcpu=cortex-m4 -mthumb -mfloat-abi=soft -Og -fmessage-length=0 -fsigned-char -ffunction-sections -fdata-sections -ffreestanding -fno-move-loop-invariants -Wall -Wextra  -g3 -DDEBUG -DUSE_FULL_ASSERT -DTRACE -DOS_USE_TRACE_SEMIHOSTING_DEBUG -DSTM32F401xC -DUSE_HAL_DRIVER -DHSE_VALUE=25000000 -I"../include" -I"../system/include" -I"../system/include/cmsis" -I"../system/include/stm32f4-hal" -std=gnu11 -MMD -MP -MF"src/MSTK_Program.d" -MT"src/MSTK_Program.o" -c -o "src/MSTK_Program.o" "../src/MSTK_Program.c"
In file included from ../src/MSTK_Program.c:24:0:
../src/MSTK_Program.c: In function 'MSTK_voidStart':
../src/MSTK_Program.c:88:20: error: 'STK_ENABLE_BIT' undeclared (first use in this function)
  SET_BIT(STK->CTRL,STK_ENABLE_BIT);
                    ^
../include/BIT_MATH.h:4:50: note: in definition of macro 'SET_BIT'
 #define SET_BIT(REG,BIT_NO)         REG |= (1 << BIT_NO)
                                                  ^~~~~~
../src/MSTK_Program.c:88:20: note: each undeclared identifier is reported only once for each function it appears in
  SET_BIT(STK->CTRL,STK_ENABLE_BIT);
                    ^
../include/BIT_MATH.h:4:50: note: in definition of macro 'SET_BIT'
 #define SET_BIT(REG,BIT_NO)         REG |= (1 << BIT_NO)
                                                  ^~~~~~
../src/MSTK_Program.c: In function 'MSTK_voidDelayMs':
../src/MSTK_Program.c:104:2: warning: implicit declaration of function 'STK_voidCtrlIntState'; did you mean 'STK_voidStopInterval'? [-Wimplicit-function-declaration]
  STK_voidCtrlIntState(STK_INT_DISABLE) ;
  ^~~~~~~~~~~~~~~~~~~~
  STK_voidStopInterval
../src/MSTK_Program.c:104:23: error: 'STK_INT_DISABLE' undeclared (first use in this function)
  STK_voidCtrlIntState(STK_INT_DISABLE) ;
                       ^~~~~~~~~~~~~~~
../src/MSTK_Program.c:105:2: warning: implicit declaration of function 'STK_voidStart'; did you mean 'MSTK_voidStart'? [-Wimplicit-function-declaration]
  STK_voidStart(Copy_u32DelayMs * 2000) ;
  ^~~~~~~~~~~~~
  MSTK_voidStart
../src/MSTK_Program.c:107:8: warning: implicit declaration of function 'STK_u8ReadFlag' [-Wimplicit-function-declaration]
  while(STK_u8ReadFlag() == 0) ;
        ^~~~~~~~~~~~~~
../src/MSTK_Program.c: In function 'STK_voidDelayUs':
../src/MSTK_Program.c:124:24: error: 'STK_INT_DISABLE' undeclared (first use in this function)
   STK_voidCtrlIntState(STK_INT_DISABLE) ;
                        ^~~~~~~~~~~~~~~
../src/MSTK_Program.c: At top level:
../src/MSTK_Program.c:138:4: error: conflicting types for 'STK_u8ReadFlag'
 u8 STK_u8ReadFlag(void)
    ^~~~~~~~~~~~~~
../src/MSTK_Program.c:107:8: note: previous implicit declaration of 'STK_u8ReadFlag' was here
  while(STK_u8ReadFlag() == 0) ;
        ^~~~~~~~~~~~~~
../src/MSTK_Program.c:150:6: warning: conflicting types for 'STK_voidCtrlIntState'
 void STK_voidCtrlIntState(u8 Copy_u8IntStatus)
      ^~~~~~~~~~~~~~~~~~~~
../src/MSTK_Program.c:104:2: note: previous implicit declaration of 'STK_voidCtrlIntState' was here
  STK_voidCtrlIntState(STK_INT_DISABLE) ;
  ^~~~~~~~~~~~~~~~~~~~
make: *** [src/subdir.mk:38: src/MSTK_Program.o] Error 1
17:34:02 **** Incremental Build of configuration Debug for project DOT_MATRIX ****
make all 
Invoking: Cross ARM GNU Print Size
arm-none-eabi-size --format=berkeley "DOT_MATRIX.elf"
   text	   data	    bss	    dec	    hex	filename
   8955	    168	    416	   9539	   2543	DOT_MATRIX.elf
Finished building: DOT_MATRIX.siz
 
17:38:01 **** Incremental Build of configuration Debug for project COTS_STK ****
make all 
Building file: ../src/STK_Program.c
Invoking: Cross ARM GNU C Compiler
arm-none-eabi-gcc -mcpu=cortex-m4 -mthumb -mfloat-abi=soft -Og -fmessage-length=0 -fsigned-char -ffunction-sections -fdata-sections -ffreestanding -fno-move-loop-invariants -Wall -Wextra  -g3 -DDEBUG -DUSE_FULL_ASSERT -DTRACE -DOS_USE_TRACE_SEMIHOSTING_DEBUG -DSTM32F401xC -DUSE_HAL_DRIVER -DHSE_VALUE=25000000 -I"../include" -I"../system/include" -I"../system/include/cmsis" -I"../system/include/stm32f4-hal" -std=gnu11 -MMD -MP -MF"src/STK_Program.d" -MT"src/STK_Program.o" -c -o "src/STK_Program.o" "../src/STK_Program.c"
In file included from ../src/STK_Program.c:20:0:
../include/STK_Private.h:42:11: error: unknown type name 'u32'
  volatile u32 CTRL ;
           ^~~
../include/STK_Private.h:43:11: error: unknown type name 'u32'
  volatile u32 LOAD ;
           ^~~
../include/STK_Private.h:44:11: error: unknown type name 'u32'
  volatile u32 VAL  ;
           ^~~
../include/STK_Private.h:45:11: error: unknown type name 'u32'
  volatile u32 CALIB;
           ^~~
In file included from ../src/STK_Program.c:21:0:
../include/STK_Interface.h:64:21: error: unknown type name 'u32'
 void MSTK_voidStart(u32 Copy_u32PreloadValue)              ;
                     ^~~
../include/STK_Interface.h:73:23: error: unknown type name 'u32'
 void MSTK_voidDelayMs(u32 Copy_u32DelayMs)                 ;
                       ^~~
../include/STK_Interface.h:82:23: error: unknown type name 'u32'
 void MSTK_voidDelayUs(u32 Copy_u32DelayUs)                 ;
                       ^~~
../include/STK_Interface.h:90:1: error: unknown type name 'u8'
 u8 MSTK_u8ReadFlag(void)                                   ;
 ^~
../include/STK_Interface.h:99:28: error: unknown type name 'u8'
 void MSTK_voidCtrlIntState(u8 Copy_u8IntStatus)            ;
                            ^~
../src/STK_Program.c: In function 'MSTK_voidInit':
../src/STK_Program.c:49:2: error: 'STK' undeclared (first use in this function); did you mean 'MSTK'?
  STK->CTRL = 0x00000000 ;   //Clr_ALL_BITS(MSTK->CTRL) ;
  ^~~
  MSTK
../src/STK_Program.c:49:2: note: each undeclared identifier is reported only once for each function it appears in
../src/STK_Program.c: At top level:
../src/STK_Program.c:61:21: error: unknown type name 'u32'
 void MSTK_voidStart(u32 Copy_u32PreloadValue)
                     ^~~
../src/STK_Program.c:85:23: error: unknown type name 'u32'
 void MSTK_voidDelayMs(u32 Copy_u32DelayMs)
                       ^~~
../src/STK_Program.c:104:22: error: unknown type name 'u32'
 void STK_voidDelayUs(u32 Copy_u32DelayUs)
                      ^~~
../src/STK_Program.c:124:1: error: unknown type name 'u8'
 u8 STK_u8ReadFlag(void)
 ^~
In file included from ../src/STK_Program.c:17:0:
../src/STK_Program.c: In function 'STK_u8ReadFlag':
../src/STK_Program.c:126:18: error: 'STK' undeclared (first use in this function); did you mean 'MSTK'?
  return (GET_BIT(STK->CTRL , 16)) ;
                  ^
../include/BIT_MATH.h:6:37: note: in definition of macro 'GET_BIT'
 #define GET_BIT(REG,BIT_NO)         REG & (1 << BIT_NO)
                                     ^~~
../src/STK_Program.c: At top level:
../src/STK_Program.c:136:27: error: unknown type name 'u8'
 void STK_voidCtrlIntState(u8 Copy_u8IntStatus)
                           ^~
../src/STK_Program.c: In function 'STK_u8ReadFlag':
../src/STK_Program.c:127:1: warning: control reaches end of non-void function [-Wreturn-type]
 }
 ^
make: *** [src/subdir.mk:38: src/STK_Program.o] Error 1
17:39:12 **** Incremental Build of configuration Debug for project COTS_STK ****
make all 
Building file: ../src/STK_Program.c
Invoking: Cross ARM GNU C Compiler
arm-none-eabi-gcc -mcpu=cortex-m4 -mthumb -mfloat-abi=soft -Og -fmessage-length=0 -fsigned-char -ffunction-sections -fdata-sections -ffreestanding -fno-move-loop-invariants -Wall -Wextra  -g3 -DDEBUG -DUSE_FULL_ASSERT -DTRACE -DOS_USE_TRACE_SEMIHOSTING_DEBUG -DSTM32F401xC -DUSE_HAL_DRIVER -DHSE_VALUE=25000000 -I"../include" -I"../system/include" -I"../system/include/cmsis" -I"../system/include/stm32f4-hal" -std=gnu11 -MMD -MP -MF"src/STK_Program.d" -MT"src/STK_Program.o" -c -o "src/STK_Program.o" "../src/STK_Program.c"
In file included from ../src/STK_Program.c:20:0:
../include/STK_Private.h:35:11: error: unknown type name 'u32'
  volatile u32 CTRL ;
           ^~~
../include/STK_Private.h:36:11: error: unknown type name 'u32'
  volatile u32 LOAD ;
           ^~~
../include/STK_Private.h:37:11: error: unknown type name 'u32'
  volatile u32 VAL  ;
           ^~~
../include/STK_Private.h:38:11: error: unknown type name 'u32'
  volatile u32 CALIB;
           ^~~
In file included from ../src/STK_Program.c:21:0:
../include/STK_Interface.h:64:21: error: unknown type name 'u32'
 void MSTK_voidStart(u32 Copy_u32PreloadValue)              ;
                     ^~~
../include/STK_Interface.h:73:23: error: unknown type name 'u32'
 void MSTK_voidDelayMs(u32 Copy_u32DelayMs)                 ;
                       ^~~
../include/STK_Interface.h:82:23: error: unknown type name 'u32'
 void MSTK_voidDelayUs(u32 Copy_u32DelayUs)                 ;
                       ^~~
../include/STK_Interface.h:90:1: error: unknown type name 'u8'
 u8 MSTK_u8ReadFlag(void)                                   ;
 ^~
../include/STK_Interface.h:99:28: error: unknown type name 'u8'
 void MSTK_voidCtrlIntState(u8 Copy_u8IntStatus)            ;
                            ^~
In file included from ../src/STK_Program.c:20:0:
../src/STK_Program.c: In function 'MSTK_voidInit':
../include/STK_Private.h:47:24: error: unknown type name 'STK'
 #define STK ((volatile STK*)STK_BASE_ADRESS)
                        ^
../src/STK_Program.c:49:2: note: in expansion of macro 'STK'
  STK->CTRL = 0x00000000 ;   //Clr_ALL_BITS(MSTK->CTRL) ;
  ^~~
../src/STK_Program.c: At top level:
../src/STK_Program.c:61:21: error: unknown type name 'u32'
 void MSTK_voidStart(u32 Copy_u32PreloadValue)
                     ^~~
../src/STK_Program.c:85:23: error: unknown type name 'u32'
 void MSTK_voidDelayMs(u32 Copy_u32DelayMs)
                       ^~~
../src/STK_Program.c:104:22: error: unknown type name 'u32'
 void STK_voidDelayUs(u32 Copy_u32DelayUs)
                      ^~~
../src/STK_Program.c:124:1: error: unknown type name 'u8'
 u8 STK_u8ReadFlag(void)
 ^~
In file included from ../src/STK_Program.c:17:0:
../src/STK_Program.c: In function 'STK_u8ReadFlag':
../include/STK_Private.h:47:24: error: unknown type name 'STK'
 #define STK ((volatile STK*)STK_BASE_ADRESS)
                        ^
../include/BIT_MATH.h:6:37: note: in definition of macro 'GET_BIT'
 #define GET_BIT(REG,BIT_NO)         REG & (1 << BIT_NO)
                                     ^~~
../src/STK_Program.c:126:18: note: in expansion of macro 'STK'
  return (GET_BIT(STK->CTRL , 16)) ;
                  ^~~
../src/STK_Program.c: At top level:
../src/STK_Program.c:136:27: error: unknown type name 'u8'
 void STK_voidCtrlIntState(u8 Copy_u8IntStatus)
                           ^~
../src/STK_Program.c: In function 'STK_u8ReadFlag':
../src/STK_Program.c:127:1: warning: control reaches end of non-void function [-Wreturn-type]
 }
 ^
make: *** [src/subdir.mk:38: src/STK_Program.o] Error 1
17:39:23 **** Incremental Build of configuration Debug for project COTS_STK ****
make all 
Building file: ../src/STK_Program.c
Invoking: Cross ARM GNU C Compiler
arm-none-eabi-gcc -mcpu=cortex-m4 -mthumb -mfloat-abi=soft -Og -fmessage-length=0 -fsigned-char -ffunction-sections -fdata-sections -ffreestanding -fno-move-loop-invariants -Wall -Wextra  -g3 -DDEBUG -DUSE_FULL_ASSERT -DTRACE -DOS_USE_TRACE_SEMIHOSTING_DEBUG -DSTM32F401xC -DUSE_HAL_DRIVER -DHSE_VALUE=25000000 -I"../include" -I"../system/include" -I"../system/include/cmsis" -I"../system/include/stm32f4-hal" -std=gnu11 -MMD -MP -MF"src/STK_Program.d" -MT"src/STK_Program.o" -c -o "src/STK_Program.o" "../src/STK_Program.c"
In file included from ../src/STK_Program.c:20:0:
../include/STK_Private.h:35:11: error: unknown type name 'u32'
  volatile u32 CTRL ;
           ^~~
../include/STK_Private.h:36:11: error: unknown type name 'u32'
  volatile u32 LOAD ;
           ^~~
../include/STK_Private.h:37:11: error: unknown type name 'u32'
  volatile u32 VAL  ;
           ^~~
../include/STK_Private.h:38:11: error: unknown type name 'u32'
  volatile u32 CALIB;
           ^~~
In file included from ../src/STK_Program.c:21:0:
../include/STK_Interface.h:64:21: error: unknown type name 'u32'
 void MSTK_voidStart(u32 Copy_u32PreloadValue)              ;
                     ^~~
../include/STK_Interface.h:73:23: error: unknown type name 'u32'
 void MSTK_voidDelayMs(u32 Copy_u32DelayMs)                 ;
                       ^~~
../include/STK_Interface.h:82:23: error: unknown type name 'u32'
 void MSTK_voidDelayUs(u32 Copy_u32DelayUs)                 ;
                       ^~~
../include/STK_Interface.h:90:1: error: unknown type name 'u8'
 u8 MSTK_u8ReadFlag(void)                                   ;
 ^~
../include/STK_Interface.h:99:28: error: unknown type name 'u8'
 void MSTK_voidCtrlIntState(u8 Copy_u8IntStatus)            ;
                            ^~
../src/STK_Program.c:61:21: error: unknown type name 'u32'
 void MSTK_voidStart(u32 Copy_u32PreloadValue)
                     ^~~
../src/STK_Program.c:85:23: error: unknown type name 'u32'
 void MSTK_voidDelayMs(u32 Copy_u32DelayMs)
                       ^~~
../src/STK_Program.c:104:22: error: unknown type name 'u32'
 void STK_voidDelayUs(u32 Copy_u32DelayUs)
                      ^~~
../src/STK_Program.c:124:1: error: unknown type name 'u8'
 u8 STK_u8ReadFlag(void)
 ^~
../src/STK_Program.c:136:27: error: unknown type name 'u8'
 void STK_voidCtrlIntState(u8 Copy_u8IntStatus)
                           ^~
make: *** [src/subdir.mk:38: src/STK_Program.o] Error 1
17:39:32 **** Incremental Build of configuration Debug for project COTS_STK ****
make all 
Building file: ../src/STK_Program.c
Invoking: Cross ARM GNU C Compiler
arm-none-eabi-gcc -mcpu=cortex-m4 -mthumb -mfloat-abi=soft -Og -fmessage-length=0 -fsigned-char -ffunction-sections -fdata-sections -ffreestanding -fno-move-loop-invariants -Wall -Wextra  -g3 -DDEBUG -DUSE_FULL_ASSERT -DTRACE -DOS_USE_TRACE_SEMIHOSTING_DEBUG -DSTM32F401xC -DUSE_HAL_DRIVER -DHSE_VALUE=25000000 -I"../include" -I"../system/include" -I"../system/include/cmsis" -I"../system/include/stm32f4-hal" -std=gnu11 -MMD -MP -MF"src/STK_Program.d" -MT"src/STK_Program.o" -c -o "src/STK_Program.o" "../src/STK_Program.c"
In file included from ../src/STK_Program.c:20:0:
../include/STK_Private.h:35:11: error: unknown type name 'u32'
  volatile u32 CTRL ;
           ^~~
../include/STK_Private.h:36:11: error: unknown type name 'u32'
  volatile u32 LOAD ;
           ^~~
../include/STK_Private.h:37:11: error: unknown type name 'u32'
  volatile u32 VAL  ;
           ^~~
../include/STK_Private.h:38:11: error: unknown type name 'u32'
  volatile u32 CALIB;
           ^~~
In file included from ../src/STK_Program.c:21:0:
../include/STK_Interface.h:64:21: error: unknown type name 'u32'
 void MSTK_voidStart(u32 Copy_u32PreloadValue)              ;
                     ^~~
../include/STK_Interface.h:73:23: error: unknown type name 'u32'
 void MSTK_voidDelayMs(u32 Copy_u32DelayMs)                 ;
                       ^~~
../include/STK_Interface.h:82:23: error: unknown type name 'u32'
 void MSTK_voidDelayUs(u32 Copy_u32DelayUs)                 ;
                       ^~~
../include/STK_Interface.h:90:1: error: unknown type name 'u8'
 u8 MSTK_u8ReadFlag(void)                                   ;
 ^~
../include/STK_Interface.h:99:28: error: unknown type name 'u8'
 void MSTK_voidCtrlIntState(u8 Copy_u8IntStatus)            ;
                            ^~
../src/STK_Program.c:61:21: error: unknown type name 'u32'
 void MSTK_voidStart(u32 Copy_u32PreloadValue)
                     ^~~
../src/STK_Program.c:85:23: error: unknown type name 'u32'
 void MSTK_voidDelayMs(u32 Copy_u32DelayMs)
                       ^~~
../src/STK_Program.c:104:22: error: unknown type name 'u32'
 void STK_voidDelayUs(u32 Copy_u32DelayUs)
                      ^~~
../src/STK_Program.c:124:1: error: unknown type name 'u8'
 u8 STK_u8ReadFlag(void)
 ^~
../src/STK_Program.c:136:27: error: unknown type name 'u8'
 void STK_voidCtrlIntState(u8 Copy_u8IntStatus)
                           ^~
make: *** [src/subdir.mk:38: src/STK_Program.o] Error 1
17:42:31 **** Incremental Build of configuration Debug for project COTS_STK ****
make all 
Building file: ../src/STK_Program.c
Invoking: Cross ARM GNU C Compiler
arm-none-eabi-gcc -mcpu=cortex-m4 -mthumb -mfloat-abi=soft -Og -fmessage-length=0 -fsigned-char -ffunction-sections -fdata-sections -ffreestanding -fno-move-loop-invariants -Wall -Wextra  -g3 -DDEBUG -DUSE_FULL_ASSERT -DTRACE -DOS_USE_TRACE_SEMIHOSTING_DEBUG -DSTM32F401xC -DUSE_HAL_DRIVER -DHSE_VALUE=25000000 -I"../include" -I"../system/include" -I"../system/include/cmsis" -I"../system/include/stm32f4-hal" -std=gnu11 -MMD -MP -MF"src/STK_Program.d" -MT"src/STK_Program.o" -c -o "src/STK_Program.o" "../src/STK_Program.c"
In file included from ../src/STK_Program.c:20:0:
../include/STK_Private.h:35:11: error: unknown type name 'u32'
  volatile u32 CTRL ;
           ^~~
../include/STK_Private.h:36:11: error: unknown type name 'u32'
  volatile u32 LOAD ;
           ^~~
../include/STK_Private.h:37:11: error: unknown type name 'u32'
  volatile u32 VAL  ;
           ^~~
../include/STK_Private.h:38:11: error: unknown type name 'u32'
  volatile u32 CALIB;
           ^~~
In file included from ../src/STK_Program.c:21:0:
../include/STK_Interface.h:64:21: error: unknown type name 'u32'
 void MSTK_voidStart(u32 Copy_u32PreloadValue)              ;
                     ^~~
../include/STK_Interface.h:73:23: error: unknown type name 'u32'
 void MSTK_voidDelayMs(u32 Copy_u32DelayMs)                 ;
                       ^~~
../include/STK_Interface.h:82:23: error: unknown type name 'u32'
 void MSTK_voidDelayUs(u32 Copy_u32DelayUs)                 ;
                       ^~~
../include/STK_Interface.h:90:1: error: unknown type name 'u8'
 u8 MSTK_u8ReadFlag(void)                                   ;
 ^~
../include/STK_Interface.h:99:28: error: unknown type name 'u8'
 void MSTK_voidCtrlIntState(u8 Copy_u8IntStatus)            ;
                            ^~
../src/STK_Program.c:61:21: error: unknown type name 'u32'
 void MSTK_voidStart(u32 Copy_u32PreloadValue)
                     ^~~
../src/STK_Program.c:85:23: error: unknown type name 'u32'
 void MSTK_voidDelayMs(u32 Copy_u32DelayMs)
                       ^~~
../src/STK_Program.c:104:22: error: unknown type name 'u32'
 void STK_voidDelayUs(u32 Copy_u32DelayUs)
                      ^~~
../src/STK_Program.c:124:1: error: unknown type name 'u8'
 u8 STK_u8ReadFlag(void)
 ^~
../src/STK_Program.c:136:27: error: unknown type name 'u8'
 void STK_voidCtrlIntState(u8 Copy_u8IntStatus)
                           ^~
make: *** [src/subdir.mk:38: src/STK_Program.o] Error 1
17:44:35 **** Incremental Build of configuration Debug for project COTS_STK ****
make all 
Building file: ../src/GPIO_Program.c
Invoking: Cross ARM GNU C Compiler
arm-none-eabi-gcc -mcpu=cortex-m4 -mthumb -mfloat-abi=soft -Og -fmessage-length=0 -fsigned-char -ffunction-sections -fdata-sections -ffreestanding -fno-move-loop-invariants -Wall -Wextra  -g3 -DDEBUG -DUSE_FULL_ASSERT -DTRACE -DOS_USE_TRACE_SEMIHOSTING_DEBUG -DSTM32F401xC -DUSE_HAL_DRIVER -DHSE_VALUE=25000000 -I"../include" -I"../system/include" -I"../system/include/cmsis" -I"../system/include/stm32f4-hal" -std=gnu11 -MMD -MP -MF"src/GPIO_Program.d" -MT"src/GPIO_Program.o" -c -o "src/GPIO_Program.o" "../src/GPIO_Program.c"
Finished building: ../src/GPIO_Program.c
 
Building file: ../src/RCC_Program.c
Invoking: Cross ARM GNU C Compiler
arm-none-eabi-gcc -mcpu=cortex-m4 -mthumb -mfloat-abi=soft -Og -fmessage-length=0 -fsigned-char -ffunction-sections -fdata-sections -ffreestanding -fno-move-loop-invariants -Wall -Wextra  -g3 -DDEBUG -DUSE_FULL_ASSERT -DTRACE -DOS_USE_TRACE_SEMIHOSTING_DEBUG -DSTM32F401xC -DUSE_HAL_DRIVER -DHSE_VALUE=25000000 -I"../include" -I"../system/include" -I"../system/include/cmsis" -I"../system/include/stm32f4-hal" -std=gnu11 -MMD -MP -MF"src/RCC_Program.d" -MT"src/RCC_Program.o" -c -o "src/RCC_Program.o" "../src/RCC_Program.c"
Finished building: ../src/RCC_Program.c
 
Building file: ../src/STK_Program.c
Invoking: Cross ARM GNU C Compiler
arm-none-eabi-gcc -mcpu=cortex-m4 -mthumb -mfloat-abi=soft -Og -fmessage-length=0 -fsigned-char -ffunction-sections -fdata-sections -ffreestanding -fno-move-loop-invariants -Wall -Wextra  -g3 -DDEBUG -DUSE_FULL_ASSERT -DTRACE -DOS_USE_TRACE_SEMIHOSTING_DEBUG -DSTM32F401xC -DUSE_HAL_DRIVER -DHSE_VALUE=25000000 -I"../include" -I"../system/include" -I"../system/include/cmsis" -I"../system/include/stm32f4-hal" -std=gnu11 -MMD -MP -MF"src/STK_Program.d" -MT"src/STK_Program.o" -c -o "src/STK_Program.o" "../src/STK_Program.c"
In file included from ../src/STK_Program.c:17:0:
../src/STK_Program.c: In function 'MSTK_voidStart':
../src/STK_Program.c:73:20: error: 'STK_ENABLE_BIT' undeclared (first use in this function); did you mean 'MSTK_ENABLE_BIT'?
  SET_BIT(STK->CTRL,STK_ENABLE_BIT);
                    ^
../include/BIT_MATH.h:4:50: note: in definition of macro 'SET_BIT'
 #define SET_BIT(REG,BIT_NO)         REG |= (1 << BIT_NO)
                                                  ^~~~~~
../src/STK_Program.c:73:20: note: each undeclared identifier is reported only once for each function it appears in
  SET_BIT(STK->CTRL,STK_ENABLE_BIT);
                    ^
../include/BIT_MATH.h:4:50: note: in definition of macro 'SET_BIT'
 #define SET_BIT(REG,BIT_NO)         REG |= (1 << BIT_NO)
                                                  ^~~~~~
../src/STK_Program.c: In function 'MSTK_voidDelayMs':
../src/STK_Program.c:88:2: warning: implicit declaration of function 'STK_voidInit'; did you mean 'MSTK_voidInit'? [-Wimplicit-function-declaration]
  STK_voidInit() ;      //function call
  ^~~~~~~~~~~~
  MSTK_voidInit
../src/STK_Program.c:89:2: warning: implicit declaration of function 'STK_voidCtrlIntState'; did you mean 'MSTK_voidCtrlIntState'? [-Wimplicit-function-declaration]
  STK_voidCtrlIntState(STK_INT_DISABLE) ;
  ^~~~~~~~~~~~~~~~~~~~
  MSTK_voidCtrlIntState
../src/STK_Program.c:89:23: error: 'STK_INT_DISABLE' undeclared (first use in this function); did you mean 'MSTK_INT_DISABLE'?
  STK_voidCtrlIntState(STK_INT_DISABLE) ;
                       ^~~~~~~~~~~~~~~
                       MSTK_INT_DISABLE
../src/STK_Program.c:90:2: warning: implicit declaration of function 'STK_voidStart'; did you mean 'MSTK_voidStart'? [-Wimplicit-function-declaration]
  STK_voidStart(Copy_u32DelayMs * 2000) ;
  ^~~~~~~~~~~~~
  MSTK_voidStart
../src/STK_Program.c:92:8: warning: implicit declaration of function 'STK_u8ReadFlag'; did you mean 'MSTK_u8ReadFlag'? [-Wimplicit-function-declaration]
  while(STK_u8ReadFlag() == 0) ;
        ^~~~~~~~~~~~~~
        MSTK_u8ReadFlag
../src/STK_Program.c: In function 'STK_voidDelayUs':
../src/STK_Program.c:109:24: error: 'STK_INT_DISABLE' undeclared (first use in this function); did you mean 'MSTK_INT_DISABLE'?
   STK_voidCtrlIntState(STK_INT_DISABLE) ;
                        ^~~~~~~~~~~~~~~
                        MSTK_INT_DISABLE
../src/STK_Program.c: At top level:
../src/STK_Program.c:123:4: error: conflicting types for 'STK_u8ReadFlag'
 u8 STK_u8ReadFlag(void)
    ^~~~~~~~~~~~~~
../src/STK_Program.c:92:8: note: previous implicit declaration of 'STK_u8ReadFlag' was here
  while(STK_u8ReadFlag() == 0) ;
        ^~~~~~~~~~~~~~
../src/STK_Program.c:135:6: warning: conflicting types for 'STK_voidCtrlIntState'
 void STK_voidCtrlIntState(u8 Copy_u8IntStatus)
      ^~~~~~~~~~~~~~~~~~~~
../src/STK_Program.c:89:2: note: previous implicit declaration of 'STK_voidCtrlIntState' was here
  STK_voidCtrlIntState(STK_INT_DISABLE) ;
  ^~~~~~~~~~~~~~~~~~~~
make: *** [src/subdir.mk:38: src/STK_Program.o] Error 1
17:45:33 **** Incremental Build of configuration Debug for project COTS_STK ****
make all 
Building file: ../src/STK_Program.c
Invoking: Cross ARM GNU C Compiler
arm-none-eabi-gcc -mcpu=cortex-m4 -mthumb -mfloat-abi=soft -Og -fmessage-length=0 -fsigned-char -ffunction-sections -fdata-sections -ffreestanding -fno-move-loop-invariants -Wall -Wextra  -g3 -DDEBUG -DUSE_FULL_ASSERT -DTRACE -DOS_USE_TRACE_SEMIHOSTING_DEBUG -DSTM32F401xC -DUSE_HAL_DRIVER -DHSE_VALUE=25000000 -I"../include" -I"../system/include" -I"../system/include/cmsis" -I"../system/include/stm32f4-hal" -std=gnu11 -MMD -MP -MF"src/STK_Program.d" -MT"src/STK_Program.o" -c -o "src/STK_Program.o" "../src/STK_Program.c"
Finished building: ../src/STK_Program.c
 
Building file: ../src/main.c
Invoking: Cross ARM GNU C Compiler
arm-none-eabi-gcc -mcpu=cortex-m4 -mthumb -mfloat-abi=soft -Og -fmessage-length=0 -fsigned-char -ffunction-sections -fdata-sections -ffreestanding -fno-move-loop-invariants -Wall -Wextra  -g3 -DDEBUG -DUSE_FULL_ASSERT -DTRACE -DOS_USE_TRACE_SEMIHOSTING_DEBUG -DSTM32F401xC -DUSE_HAL_DRIVER -DHSE_VALUE=25000000 -I"../include" -I"../system/include" -I"../system/include/cmsis" -I"../system/include/stm32f4-hal" -std=gnu11 -MMD -MP -MF"src/main.d" -MT"src/main.o" -c -o "src/main.o" "../src/main.c"
../src/main.c: In function 'main':
../src/main.c:20:3: warning: implicit declaration of function 'STK_voidSetBusyWait'; did you mean 'STK_voidStart'? [-Wimplicit-function-declaration]
   STK_voidSetBusyWait(2000);
   ^~~~~~~~~~~~~~~~~~~
   STK_voidStart
Finished building: ../src/main.c
 
Building target: COTS_STK.elf
Invoking: Cross ARM GNU C++ Linker
arm-none-eabi-g++ -mcpu=cortex-m4 -mthumb -mfloat-abi=soft -Og -fmessage-length=0 -fsigned-char -ffunction-sections -fdata-sections -ffreestanding -fno-move-loop-invariants -Wall -Wextra  -g3 -T mem.ld -T libs.ld -T sections.ld -nostartfiles -Xlinker --gc-sections -L"../ldscripts" -Wl,-Map,"COTS_STK.map" --specs=nano.specs -o "COTS_STK.elf"  ./system/src/stm32f4-hal/stm32f4xx_hal.o ./system/src/stm32f4-hal/stm32f4xx_hal_cortex.o ./system/src/stm32f4-hal/stm32f4xx_hal_dfsdm.o ./system/src/stm32f4-hal/stm32f4xx_hal_flash.o ./system/src/stm32f4-hal/stm32f4xx_hal_gpio.o ./system/src/stm32f4-hal/stm32f4xx_hal_iwdg.o ./system/src/stm32f4-hal/stm32f4xx_hal_pwr.o ./system/src/stm32f4-hal/stm32f4xx_hal_rcc.o  ./system/src/newlib/_cxx.o ./system/src/newlib/_exit.o ./system/src/newlib/_sbrk.o ./system/src/newlib/_startup.o ./system/src/newlib/_syscalls.o ./system/src/newlib/assert.o  ./system/src/diag/Trace.o ./system/src/diag/trace_impl.o  ./system/src/cortexm/_initialize_hardware.o ./system/src/cortexm/_reset_hardware.o ./system/src/cortexm/exception_handlers.o  ./system/src/cmsis/system_stm32f4xx.o ./system/src/cmsis/vectors_stm32f401xc.o  ./src/GPIO_Program.o ./src/RCC_Program.o ./src/STK_Program.o ./src/_initialize_hardware.o ./src/_write.o ./src/main.o ./src/stm32f4xx_hal_msp.o   
./src/main.o: In function `main':
F:\Embedded Systems ( ITI )\ITI\ARM\ARM\COTS_STK\Debug/../src/main.c:12: undefined reference to `STK_voidInit'
F:\Embedded Systems ( ITI )\ITI\ARM\ARM\COTS_STK\Debug/../src/main.c:20: undefined reference to `STK_voidSetBusyWait'
F:\Embedded Systems ( ITI )\ITI\ARM\ARM\COTS_STK\Debug/../src/main.c:22: undefined reference to `STK_voidSetBusyWait'
collect2.exe: error: ld returned 1 exit status
make: *** [makefile:64: COTS_STK.elf] Error 1
17:46:22 **** Incremental Build of configuration Debug for project COTS_STK ****
make all 
Building target: COTS_STK.elf
Invoking: Cross ARM GNU C++ Linker
arm-none-eabi-g++ -mcpu=cortex-m4 -mthumb -mfloat-abi=soft -Og -fmessage-length=0 -fsigned-char -ffunction-sections -fdata-sections -ffreestanding -fno-move-loop-invariants -Wall -Wextra  -g3 -T mem.ld -T libs.ld -T sections.ld -nostartfiles -Xlinker --gc-sections -L"../ldscripts" -Wl,-Map,"COTS_STK.map" --specs=nano.specs -o "COTS_STK.elf"  ./system/src/stm32f4-hal/stm32f4xx_hal.o ./system/src/stm32f4-hal/stm32f4xx_hal_cortex.o ./system/src/stm32f4-hal/stm32f4xx_hal_dfsdm.o ./system/src/stm32f4-hal/stm32f4xx_hal_flash.o ./system/src/stm32f4-hal/stm32f4xx_hal_gpio.o ./system/src/stm32f4-hal/stm32f4xx_hal_iwdg.o ./system/src/stm32f4-hal/stm32f4xx_hal_pwr.o ./system/src/stm32f4-hal/stm32f4xx_hal_rcc.o  ./system/src/newlib/_cxx.o ./system/src/newlib/_exit.o ./system/src/newlib/_sbrk.o ./system/src/newlib/_startup.o ./system/src/newlib/_syscalls.o ./system/src/newlib/assert.o  ./system/src/diag/Trace.o ./system/src/diag/trace_impl.o  ./system/src/cortexm/_initialize_hardware.o ./system/src/cortexm/_reset_hardware.o ./system/src/cortexm/exception_handlers.o  ./system/src/cmsis/system_stm32f4xx.o ./system/src/cmsis/vectors_stm32f401xc.o  ./src/GPIO_Program.o ./src/RCC_Program.o ./src/STK_Program.o ./src/_initialize_hardware.o ./src/_write.o ./src/main.o ./src/stm32f4xx_hal_msp.o   
./src/main.o: In function `main':
F:\Embedded Systems ( ITI )\ITI\ARM\ARM\COTS_STK\Debug/../src/main.c:12: undefined reference to `STK_voidInit'
F:\Embedded Systems ( ITI )\ITI\ARM\ARM\COTS_STK\Debug/../src/main.c:20: undefined reference to `STK_voidSetBusyWait'
F:\Embedded Systems ( ITI )\ITI\ARM\ARM\COTS_STK\Debug/../src/main.c:22: undefined reference to `STK_voidSetBusyWait'
collect2.exe: error: ld returned 1 exit status
make: *** [makefile:64: COTS_STK.elf] Error 1
17:46:51 **** Incremental Build of configuration Debug for project COTS_STK ****
make all 
Building file: ../src/main.c
Invoking: Cross ARM GNU C Compiler
arm-none-eabi-gcc -mcpu=cortex-m4 -mthumb -mfloat-abi=soft -Og -fmessage-length=0 -fsigned-char -ffunction-sections -fdata-sections -ffreestanding -fno-move-loop-invariants -Wall -Wextra  -g3 -DDEBUG -DUSE_FULL_ASSERT -DTRACE -DOS_USE_TRACE_SEMIHOSTING_DEBUG -DSTM32F401xC -DUSE_HAL_DRIVER -DHSE_VALUE=25000000 -I"../include" -I"../system/include" -I"../system/include/cmsis" -I"../system/include/stm32f4-hal" -std=gnu11 -MMD -MP -MF"src/main.d" -MT"src/main.o" -c -o "src/main.o" "../src/main.c"
../src/main.c: In function 'main':
../src/main.c:20:3: warning: implicit declaration of function 'STK_voidSetBusyWait'; did you mean 'STK_voidStart'? [-Wimplicit-function-declaration]
   STK_voidSetBusyWait(2000);
   ^~~~~~~~~~~~~~~~~~~
   STK_voidStart
Finished building: ../src/main.c
 
Building target: COTS_STK.elf
Invoking: Cross ARM GNU C++ Linker
arm-none-eabi-g++ -mcpu=cortex-m4 -mthumb -mfloat-abi=soft -Og -fmessage-length=0 -fsigned-char -ffunction-sections -fdata-sections -ffreestanding -fno-move-loop-invariants -Wall -Wextra  -g3 -T mem.ld -T libs.ld -T sections.ld -nostartfiles -Xlinker --gc-sections -L"../ldscripts" -Wl,-Map,"COTS_STK.map" --specs=nano.specs -o "COTS_STK.elf"  ./system/src/stm32f4-hal/stm32f4xx_hal.o ./system/src/stm32f4-hal/stm32f4xx_hal_cortex.o ./system/src/stm32f4-hal/stm32f4xx_hal_dfsdm.o ./system/src/stm32f4-hal/stm32f4xx_hal_flash.o ./system/src/stm32f4-hal/stm32f4xx_hal_gpio.o ./system/src/stm32f4-hal/stm32f4xx_hal_iwdg.o ./system/src/stm32f4-hal/stm32f4xx_hal_pwr.o ./system/src/stm32f4-hal/stm32f4xx_hal_rcc.o  ./system/src/newlib/_cxx.o ./system/src/newlib/_exit.o ./system/src/newlib/_sbrk.o ./system/src/newlib/_startup.o ./system/src/newlib/_syscalls.o ./system/src/newlib/assert.o  ./system/src/diag/Trace.o ./system/src/diag/trace_impl.o  ./system/src/cortexm/_initialize_hardware.o ./system/src/cortexm/_reset_hardware.o ./system/src/cortexm/exception_handlers.o  ./system/src/cmsis/system_stm32f4xx.o ./system/src/cmsis/vectors_stm32f401xc.o  ./src/GPIO_Program.o ./src/RCC_Program.o ./src/STK_Program.o ./src/_initialize_hardware.o ./src/_write.o ./src/main.o ./src/stm32f4xx_hal_msp.o   
./src/main.o: In function `main':
F:\Embedded Systems ( ITI )\ITI\ARM\ARM\COTS_STK\Debug/../src/main.c:12: undefined reference to `STK_voidInit'
F:\Embedded Systems ( ITI )\ITI\ARM\ARM\COTS_STK\Debug/../src/main.c:20: undefined reference to `STK_voidSetBusyWait'
F:\Embedded Systems ( ITI )\ITI\ARM\ARM\COTS_STK\Debug/../src/main.c:22: undefined reference to `STK_voidSetBusyWait'
collect2.exe: error: ld returned 1 exit status
make: *** [makefile:64: COTS_STK.elf] Error 1
17:47:13 **** Incremental Build of configuration Debug for project COTS_STK ****
make all 
Building file: ../src/main.c
Invoking: Cross ARM GNU C Compiler
arm-none-eabi-gcc -mcpu=cortex-m4 -mthumb -mfloat-abi=soft -Og -fmessage-length=0 -fsigned-char -ffunction-sections -fdata-sections -ffreestanding -fno-move-loop-invariants -Wall -Wextra  -g3 -DDEBUG -DUSE_FULL_ASSERT -DTRACE -DOS_USE_TRACE_SEMIHOSTING_DEBUG -DSTM32F401xC -DUSE_HAL_DRIVER -DHSE_VALUE=25000000 -I"../include" -I"../system/include" -I"../system/include/cmsis" -I"../system/include/stm32f4-hal" -std=gnu11 -MMD -MP -MF"src/main.d" -MT"src/main.o" -c -o "src/main.o" "../src/main.c"
../src/main.c: In function 'main':
../src/main.c:20:3: warning: implicit declaration of function 'STK_voidSetBusyWait'; did you mean 'STK_voidStart'? [-Wimplicit-function-declaration]
   STK_voidSetBusyWait(2000);
   ^~~~~~~~~~~~~~~~~~~
   STK_voidStart
Finished building: ../src/main.c
 
Building target: COTS_STK.elf
Invoking: Cross ARM GNU C++ Linker
arm-none-eabi-g++ -mcpu=cortex-m4 -mthumb -mfloat-abi=soft -Og -fmessage-length=0 -fsigned-char -ffunction-sections -fdata-sections -ffreestanding -fno-move-loop-invariants -Wall -Wextra  -g3 -T mem.ld -T libs.ld -T sections.ld -nostartfiles -Xlinker --gc-sections -L"../ldscripts" -Wl,-Map,"COTS_STK.map" --specs=nano.specs -o "COTS_STK.elf"  ./system/src/stm32f4-hal/stm32f4xx_hal.o ./system/src/stm32f4-hal/stm32f4xx_hal_cortex.o ./system/src/stm32f4-hal/stm32f4xx_hal_dfsdm.o ./system/src/stm32f4-hal/stm32f4xx_hal_flash.o ./system/src/stm32f4-hal/stm32f4xx_hal_gpio.o ./system/src/stm32f4-hal/stm32f4xx_hal_iwdg.o ./system/src/stm32f4-hal/stm32f4xx_hal_pwr.o ./system/src/stm32f4-hal/stm32f4xx_hal_rcc.o  ./system/src/newlib/_cxx.o ./system/src/newlib/_exit.o ./system/src/newlib/_sbrk.o ./system/src/newlib/_startup.o ./system/src/newlib/_syscalls.o ./system/src/newlib/assert.o  ./system/src/diag/Trace.o ./system/src/diag/trace_impl.o  ./system/src/cortexm/_initialize_hardware.o ./system/src/cortexm/_reset_hardware.o ./system/src/cortexm/exception_handlers.o  ./system/src/cmsis/system_stm32f4xx.o ./system/src/cmsis/vectors_stm32f401xc.o  ./src/GPIO_Program.o ./src/RCC_Program.o ./src/STK_Program.o ./src/_initialize_hardware.o ./src/_write.o ./src/main.o ./src/stm32f4xx_hal_msp.o   
./src/main.o: In function `main':
F:\Embedded Systems ( ITI )\ITI\ARM\ARM\COTS_STK\Debug/../src/main.c:12: undefined reference to `STK_voidInit'
F:\Embedded Systems ( ITI )\ITI\ARM\ARM\COTS_STK\Debug/../src/main.c:20: undefined reference to `STK_voidSetBusyWait'
F:\Embedded Systems ( ITI )\ITI\ARM\ARM\COTS_STK\Debug/../src/main.c:22: undefined reference to `STK_voidSetBusyWait'
collect2.exe: error: ld returned 1 exit status
make: *** [makefile:64: COTS_STK.elf] Error 1
17:48:16 **** Incremental Build of configuration Debug for project COTS_STK ****
make all 
Building file: ../src/main.c
Invoking: Cross ARM GNU C Compiler
arm-none-eabi-gcc -mcpu=cortex-m4 -mthumb -mfloat-abi=soft -Og -fmessage-length=0 -fsigned-char -ffunction-sections -fdata-sections -ffreestanding -fno-move-loop-invariants -Wall -Wextra  -g3 -DDEBUG -DUSE_FULL_ASSERT -DTRACE -DOS_USE_TRACE_SEMIHOSTING_DEBUG -DSTM32F401xC -DUSE_HAL_DRIVER -DHSE_VALUE=25000000 -I"../include" -I"../system/include" -I"../system/include/cmsis" -I"../system/include/stm32f4-hal" -std=gnu11 -MMD -MP -MF"src/main.d" -MT"src/main.o" -c -o "src/main.o" "../src/main.c"
Finished building: ../src/main.c
 
Building target: COTS_STK.elf
Invoking: Cross ARM GNU C++ Linker
arm-none-eabi-g++ -mcpu=cortex-m4 -mthumb -mfloat-abi=soft -Og -fmessage-length=0 -fsigned-char -ffunction-sections -fdata-sections -ffreestanding -fno-move-loop-invariants -Wall -Wextra  -g3 -T mem.ld -T libs.ld -T sections.ld -nostartfiles -Xlinker --gc-sections -L"../ldscripts" -Wl,-Map,"COTS_STK.map" --specs=nano.specs -o "COTS_STK.elf"  ./system/src/stm32f4-hal/stm32f4xx_hal.o ./system/src/stm32f4-hal/stm32f4xx_hal_cortex.o ./system/src/stm32f4-hal/stm32f4xx_hal_dfsdm.o ./system/src/stm32f4-hal/stm32f4xx_hal_flash.o ./system/src/stm32f4-hal/stm32f4xx_hal_gpio.o ./system/src/stm32f4-hal/stm32f4xx_hal_iwdg.o ./system/src/stm32f4-hal/stm32f4xx_hal_pwr.o ./system/src/stm32f4-hal/stm32f4xx_hal_rcc.o  ./system/src/newlib/_cxx.o ./system/src/newlib/_exit.o ./system/src/newlib/_sbrk.o ./system/src/newlib/_startup.o ./system/src/newlib/_syscalls.o ./system/src/newlib/assert.o  ./system/src/diag/Trace.o ./system/src/diag/trace_impl.o  ./system/src/cortexm/_initialize_hardware.o ./system/src/cortexm/_reset_hardware.o ./system/src/cortexm/exception_handlers.o  ./system/src/cmsis/system_stm32f4xx.o ./system/src/cmsis/vectors_stm32f401xc.o  ./src/GPIO_Program.o ./src/RCC_Program.o ./src/STK_Program.o ./src/_initialize_hardware.o ./src/_write.o ./src/main.o ./src/stm32f4xx_hal_msp.o   
./src/main.o: In function `main':
F:\Embedded Systems ( ITI )\ITI\ARM\ARM\COTS_STK\Debug/../src/main.c:12: undefined reference to `STK_voidInit'
F:\Embedded Systems ( ITI )\ITI\ARM\ARM\COTS_STK\Debug/../src/main.c:20: undefined reference to `STK_voidDelayMs'
F:\Embedded Systems ( ITI )\ITI\ARM\ARM\COTS_STK\Debug/../src/main.c:22: undefined reference to `STK_voidDelayMs'
collect2.exe: error: ld returned 1 exit status
make: *** [makefile:64: COTS_STK.elf] Error 1
17:48:51 **** Incremental Build of configuration Debug for project COTS_STK ****
make all 
Building file: ../src/STK_Program.c
Invoking: Cross ARM GNU C Compiler
arm-none-eabi-gcc -mcpu=cortex-m4 -mthumb -mfloat-abi=soft -Og -fmessage-length=0 -fsigned-char -ffunction-sections -fdata-sections -ffreestanding -fno-move-loop-invariants -Wall -Wextra  -g3 -DDEBUG -DUSE_FULL_ASSERT -DTRACE -DOS_USE_TRACE_SEMIHOSTING_DEBUG -DSTM32F401xC -DUSE_HAL_DRIVER -DHSE_VALUE=25000000 -I"../include" -I"../system/include" -I"../system/include/cmsis" -I"../system/include/stm32f4-hal" -std=gnu11 -MMD -MP -MF"src/STK_Program.d" -MT"src/STK_Program.o" -c -o "src/STK_Program.o" "../src/STK_Program.c"
Finished building: ../src/STK_Program.c
 
Building file: ../src/main.c
Invoking: Cross ARM GNU C Compiler
arm-none-eabi-gcc -mcpu=cortex-m4 -mthumb -mfloat-abi=soft -Og -fmessage-length=0 -fsigned-char -ffunction-sections -fdata-sections -ffreestanding -fno-move-loop-invariants -Wall -Wextra  -g3 -DDEBUG -DUSE_FULL_ASSERT -DTRACE -DOS_USE_TRACE_SEMIHOSTING_DEBUG -DSTM32F401xC -DUSE_HAL_DRIVER -DHSE_VALUE=25000000 -I"../include" -I"../system/include" -I"../system/include/cmsis" -I"../system/include/stm32f4-hal" -std=gnu11 -MMD -MP -MF"src/main.d" -MT"src/main.o" -c -o "src/main.o" "../src/main.c"
Finished building: ../src/main.c
 
Building target: COTS_STK.elf
Invoking: Cross ARM GNU C++ Linker
arm-none-eabi-g++ -mcpu=cortex-m4 -mthumb -mfloat-abi=soft -Og -fmessage-length=0 -fsigned-char -ffunction-sections -fdata-sections -ffreestanding -fno-move-loop-invariants -Wall -Wextra  -g3 -T mem.ld -T libs.ld -T sections.ld -nostartfiles -Xlinker --gc-sections -L"../ldscripts" -Wl,-Map,"COTS_STK.map" --specs=nano.specs -o "COTS_STK.elf"  ./system/src/stm32f4-hal/stm32f4xx_hal.o ./system/src/stm32f4-hal/stm32f4xx_hal_cortex.o ./system/src/stm32f4-hal/stm32f4xx_hal_dfsdm.o ./system/src/stm32f4-hal/stm32f4xx_hal_flash.o ./system/src/stm32f4-hal/stm32f4xx_hal_gpio.o ./system/src/stm32f4-hal/stm32f4xx_hal_iwdg.o ./system/src/stm32f4-hal/stm32f4xx_hal_pwr.o ./system/src/stm32f4-hal/stm32f4xx_hal_rcc.o  ./system/src/newlib/_cxx.o ./system/src/newlib/_exit.o ./system/src/newlib/_sbrk.o ./system/src/newlib/_startup.o ./system/src/newlib/_syscalls.o ./system/src/newlib/assert.o  ./system/src/diag/Trace.o ./system/src/diag/trace_impl.o  ./system/src/cortexm/_initialize_hardware.o ./system/src/cortexm/_reset_hardware.o ./system/src/cortexm/exception_handlers.o  ./system/src/cmsis/system_stm32f4xx.o ./system/src/cmsis/vectors_stm32f401xc.o  ./src/GPIO_Program.o ./src/RCC_Program.o ./src/STK_Program.o ./src/_initialize_hardware.o ./src/_write.o ./src/main.o ./src/stm32f4xx_hal_msp.o   
./src/main.o: In function `main':
F:\Embedded Systems ( ITI )\ITI\ARM\ARM\COTS_STK\Debug/../src/main.c:12: undefined reference to `STK_voidInit'
F:\Embedded Systems ( ITI )\ITI\ARM\ARM\COTS_STK\Debug/../src/main.c:20: undefined reference to `STK_voidDelayMs'
F:\Embedded Systems ( ITI )\ITI\ARM\ARM\COTS_STK\Debug/../src/main.c:22: undefined reference to `STK_voidDelayMs'
collect2.exe: error: ld returned 1 exit status
make: *** [makefile:64: COTS_STK.elf] Error 1
17:49:42 **** Incremental Build of configuration Debug for project COTS_STK ****
make all 
Building file: ../src/main.c
Invoking: Cross ARM GNU C Compiler
arm-none-eabi-gcc -mcpu=cortex-m4 -mthumb -mfloat-abi=soft -Og -fmessage-length=0 -fsigned-char -ffunction-sections -fdata-sections -ffreestanding -fno-move-loop-invariants -Wall -Wextra  -g3 -DDEBUG -DUSE_FULL_ASSERT -DTRACE -DOS_USE_TRACE_SEMIHOSTING_DEBUG -DSTM32F401xC -DUSE_HAL_DRIVER -DHSE_VALUE=25000000 -I"../include" -I"../system/include" -I"../system/include/cmsis" -I"../system/include/stm32f4-hal" -std=gnu11 -MMD -MP -MF"src/main.d" -MT"src/main.o" -c -o "src/main.o" "../src/main.c"
Finished building: ../src/main.c
 
Building target: COTS_STK.elf
Invoking: Cross ARM GNU C++ Linker
arm-none-eabi-g++ -mcpu=cortex-m4 -mthumb -mfloat-abi=soft -Og -fmessage-length=0 -fsigned-char -ffunction-sections -fdata-sections -ffreestanding -fno-move-loop-invariants -Wall -Wextra  -g3 -T mem.ld -T libs.ld -T sections.ld -nostartfiles -Xlinker --gc-sections -L"../ldscripts" -Wl,-Map,"COTS_STK.map" --specs=nano.specs -o "COTS_STK.elf"  ./system/src/stm32f4-hal/stm32f4xx_hal.o ./system/src/stm32f4-hal/stm32f4xx_hal_cortex.o ./system/src/stm32f4-hal/stm32f4xx_hal_dfsdm.o ./system/src/stm32f4-hal/stm32f4xx_hal_flash.o ./system/src/stm32f4-hal/stm32f4xx_hal_gpio.o ./system/src/stm32f4-hal/stm32f4xx_hal_iwdg.o ./system/src/stm32f4-hal/stm32f4xx_hal_pwr.o ./system/src/stm32f4-hal/stm32f4xx_hal_rcc.o  ./system/src/newlib/_cxx.o ./system/src/newlib/_exit.o ./system/src/newlib/_sbrk.o ./system/src/newlib/_startup.o ./system/src/newlib/_syscalls.o ./system/src/newlib/assert.o  ./system/src/diag/Trace.o ./system/src/diag/trace_impl.o  ./system/src/cortexm/_initialize_hardware.o ./system/src/cortexm/_reset_hardware.o ./system/src/cortexm/exception_handlers.o  ./system/src/cmsis/system_stm32f4xx.o ./system/src/cmsis/vectors_stm32f401xc.o  ./src/GPIO_Program.o ./src/RCC_Program.o ./src/STK_Program.o ./src/_initialize_hardware.o ./src/_write.o ./src/main.o ./src/stm32f4xx_hal_msp.o   
./src/main.o: In function `main':
F:\Embedded Systems ( ITI )\ITI\ARM\ARM\COTS_STK\Debug/../src/main.c:12: undefined reference to `STK_voidInit'
F:\Embedded Systems ( ITI )\ITI\ARM\ARM\COTS_STK\Debug/../src/main.c:20: undefined reference to `STK_voidDelayMs'
F:\Embedded Systems ( ITI )\ITI\ARM\ARM\COTS_STK\Debug/../src/main.c:22: undefined reference to `STK_voidDelayMs'
collect2.exe: error: ld returned 1 exit status
make: *** [makefile:64: COTS_STK.elf] Error 1
17:50:39 **** Incremental Build of configuration Debug for project COTS_STK ****
make all 
Building file: ../src/STK_Program.c
Invoking: Cross ARM GNU C Compiler
arm-none-eabi-gcc -mcpu=cortex-m4 -mthumb -mfloat-abi=soft -Og -fmessage-length=0 -fsigned-char -ffunction-sections -fdata-sections -ffreestanding -fno-move-loop-invariants -Wall -Wextra  -g3 -DDEBUG -DUSE_FULL_ASSERT -DTRACE -DOS_USE_TRACE_SEMIHOSTING_DEBUG -DSTM32F401xC -DUSE_HAL_DRIVER -DHSE_VALUE=25000000 -I"../include" -I"../system/include" -I"../system/include/cmsis" -I"../system/include/stm32f4-hal" -std=gnu11 -MMD -MP -MF"src/STK_Program.d" -MT"src/STK_Program.o" -c -o "src/STK_Program.o" "../src/STK_Program.c"
Finished building: ../src/STK_Program.c
 
Building target: COTS_STK.elf
Invoking: Cross ARM GNU C++ Linker
arm-none-eabi-g++ -mcpu=cortex-m4 -mthumb -mfloat-abi=soft -Og -fmessage-length=0 -fsigned-char -ffunction-sections -fdata-sections -ffreestanding -fno-move-loop-invariants -Wall -Wextra  -g3 -T mem.ld -T libs.ld -T sections.ld -nostartfiles -Xlinker --gc-sections -L"../ldscripts" -Wl,-Map,"COTS_STK.map" --specs=nano.specs -o "COTS_STK.elf"  ./system/src/stm32f4-hal/stm32f4xx_hal.o ./system/src/stm32f4-hal/stm32f4xx_hal_cortex.o ./system/src/stm32f4-hal/stm32f4xx_hal_dfsdm.o ./system/src/stm32f4-hal/stm32f4xx_hal_flash.o ./system/src/stm32f4-hal/stm32f4xx_hal_gpio.o ./system/src/stm32f4-hal/stm32f4xx_hal_iwdg.o ./system/src/stm32f4-hal/stm32f4xx_hal_pwr.o ./system/src/stm32f4-hal/stm32f4xx_hal_rcc.o  ./system/src/newlib/_cxx.o ./system/src/newlib/_exit.o ./system/src/newlib/_sbrk.o ./system/src/newlib/_startup.o ./system/src/newlib/_syscalls.o ./system/src/newlib/assert.o  ./system/src/diag/Trace.o ./system/src/diag/trace_impl.o  ./system/src/cortexm/_initialize_hardware.o ./system/src/cortexm/_reset_hardware.o ./system/src/cortexm/exception_handlers.o  ./system/src/cmsis/system_stm32f4xx.o ./system/src/cmsis/vectors_stm32f401xc.o  ./src/GPIO_Program.o ./src/RCC_Program.o ./src/STK_Program.o ./src/_initialize_hardware.o ./src/_write.o ./src/main.o ./src/stm32f4xx_hal_msp.o   
Finished building target: COTS_STK.elf
 
Invoking: Cross ARM GNU Create Flash Image
arm-none-eabi-objcopy -O ihex "COTS_STK.elf"  "COTS_STK.hex"
Finished building: COTS_STK.hex
 
Invoking: Cross ARM GNU Print Size
arm-none-eabi-size --format=berkeley "COTS_STK.elf"
   text	   data	    bss	    dec	    hex	filename
   9227	    160	    416	   9803	   264b	COTS_STK.elf
Finished building: COTS_STK.siz
 
17:50:47 **** Incremental Build of configuration Debug for project COTS_STK ****
make all 
Invoking: Cross ARM GNU Print Size
arm-none-eabi-size --format=berkeley "COTS_STK.elf"
   text	   data	    bss	    dec	    hex	filename
   9227	    160	    416	   9803	   264b	COTS_STK.elf
Finished building: COTS_STK.siz
 
17:52:11 **** Incremental Build of configuration Debug for project COTS_STK ****
make all 
Building file: ../src/main.c
Invoking: Cross ARM GNU C Compiler
arm-none-eabi-gcc -mcpu=cortex-m4 -mthumb -mfloat-abi=soft -Og -fmessage-length=0 -fsigned-char -ffunction-sections -fdata-sections -ffreestanding -fno-move-loop-invariants -Wall -Wextra  -g3 -DDEBUG -DUSE_FULL_ASSERT -DTRACE -DOS_USE_TRACE_SEMIHOSTING_DEBUG -DSTM32F401xC -DUSE_HAL_DRIVER -DHSE_VALUE=25000000 -I"../include" -I"../system/include" -I"../system/include/cmsis" -I"../system/include/stm32f4-hal" -std=gnu11 -MMD -MP -MF"src/main.d" -MT"src/main.o" -c -o "src/main.o" "../src/main.c"
Finished building: ../src/main.c
 
Building target: COTS_STK.elf
Invoking: Cross ARM GNU C++ Linker
arm-none-eabi-g++ -mcpu=cortex-m4 -mthumb -mfloat-abi=soft -Og -fmessage-length=0 -fsigned-char -ffunction-sections -fdata-sections -ffreestanding -fno-move-loop-invariants -Wall -Wextra  -g3 -T mem.ld -T libs.ld -T sections.ld -nostartfiles -Xlinker --gc-sections -L"../ldscripts" -Wl,-Map,"COTS_STK.map" --specs=nano.specs -o "COTS_STK.elf"  ./system/src/stm32f4-hal/stm32f4xx_hal.o ./system/src/stm32f4-hal/stm32f4xx_hal_cortex.o ./system/src/stm32f4-hal/stm32f4xx_hal_dfsdm.o ./system/src/stm32f4-hal/stm32f4xx_hal_flash.o ./system/src/stm32f4-hal/stm32f4xx_hal_gpio.o ./system/src/stm32f4-hal/stm32f4xx_hal_iwdg.o ./system/src/stm32f4-hal/stm32f4xx_hal_pwr.o ./system/src/stm32f4-hal/stm32f4xx_hal_rcc.o  ./system/src/newlib/_cxx.o ./system/src/newlib/_exit.o ./system/src/newlib/_sbrk.o ./system/src/newlib/_startup.o ./system/src/newlib/_syscalls.o ./system/src/newlib/assert.o  ./system/src/diag/Trace.o ./system/src/diag/trace_impl.o  ./system/src/cortexm/_initialize_hardware.o ./system/src/cortexm/_reset_hardware.o ./system/src/cortexm/exception_handlers.o  ./system/src/cmsis/system_stm32f4xx.o ./system/src/cmsis/vectors_stm32f401xc.o  ./src/GPIO_Program.o ./src/RCC_Program.o ./src/STK_Program.o ./src/_initialize_hardware.o ./src/_write.o ./src/main.o ./src/stm32f4xx_hal_msp.o   
Finished building target: COTS_STK.elf
 
Invoking: Cross ARM GNU Create Flash Image
arm-none-eabi-objcopy -O ihex "COTS_STK.elf"  "COTS_STK.hex"
Finished building: COTS_STK.hex
 
Invoking: Cross ARM GNU Print Size
arm-none-eabi-size --format=berkeley "COTS_STK.elf"
   text	   data	    bss	    dec	    hex	filename
   9227	    160	    416	   9803	   264b	COTS_STK.elf
Finished building: COTS_STK.siz
 
17:53:14 **** Incremental Build of configuration Debug for project COTS_STK ****
make all 
Building file: ../src/main.c
Invoking: Cross ARM GNU C Compiler
arm-none-eabi-gcc -mcpu=cortex-m4 -mthumb -mfloat-abi=soft -Og -fmessage-length=0 -fsigned-char -ffunction-sections -fdata-sections -ffreestanding -fno-move-loop-invariants -Wall -Wextra  -g3 -DDEBUG -DUSE_FULL_ASSERT -DTRACE -DOS_USE_TRACE_SEMIHOSTING_DEBUG -DSTM32F401xC -DUSE_HAL_DRIVER -DHSE_VALUE=25000000 -I"../include" -I"../system/include" -I"../system/include/cmsis" -I"../system/include/stm32f4-hal" -std=gnu11 -MMD -MP -MF"src/main.d" -MT"src/main.o" -c -o "src/main.o" "../src/main.c"
Finished building: ../src/main.c
 
Building target: COTS_STK.elf
Invoking: Cross ARM GNU C++ Linker
arm-none-eabi-g++ -mcpu=cortex-m4 -mthumb -mfloat-abi=soft -Og -fmessage-length=0 -fsigned-char -ffunction-sections -fdata-sections -ffreestanding -fno-move-loop-invariants -Wall -Wextra  -g3 -T mem.ld -T libs.ld -T sections.ld -nostartfiles -Xlinker --gc-sections -L"../ldscripts" -Wl,-Map,"COTS_STK.map" --specs=nano.specs -o "COTS_STK.elf"  ./system/src/stm32f4-hal/stm32f4xx_hal.o ./system/src/stm32f4-hal/stm32f4xx_hal_cortex.o ./system/src/stm32f4-hal/stm32f4xx_hal_dfsdm.o ./system/src/stm32f4-hal/stm32f4xx_hal_flash.o ./system/src/stm32f4-hal/stm32f4xx_hal_gpio.o ./system/src/stm32f4-hal/stm32f4xx_hal_iwdg.o ./system/src/stm32f4-hal/stm32f4xx_hal_pwr.o ./system/src/stm32f4-hal/stm32f4xx_hal_rcc.o  ./system/src/newlib/_cxx.o ./system/src/newlib/_exit.o ./system/src/newlib/_sbrk.o ./system/src/newlib/_startup.o ./system/src/newlib/_syscalls.o ./system/src/newlib/assert.o  ./system/src/diag/Trace.o ./system/src/diag/trace_impl.o  ./system/src/cortexm/_initialize_hardware.o ./system/src/cortexm/_reset_hardware.o ./system/src/cortexm/exception_handlers.o  ./system/src/cmsis/system_stm32f4xx.o ./system/src/cmsis/vectors_stm32f401xc.o  ./src/GPIO_Program.o ./src/RCC_Program.o ./src/STK_Program.o ./src/_initialize_hardware.o ./src/_write.o ./src/main.o ./src/stm32f4xx_hal_msp.o   
Finished building target: COTS_STK.elf
 
Invoking: Cross ARM GNU Create Flash Image
arm-none-eabi-objcopy -O ihex "COTS_STK.elf"  "COTS_STK.hex"
Finished building: COTS_STK.hex
 
Invoking: Cross ARM GNU Print Size
arm-none-eabi-size --format=berkeley "COTS_STK.elf"
   text	   data	    bss	    dec	    hex	filename
   9227	    160	    416	   9803	   264b	COTS_STK.elf
Finished building: COTS_STK.siz
 
19:01:07 **** Incremental Build of configuration Debug for project COTS_STK ****
make all 
Building file: ../src/STK_Program.c
Invoking: Cross ARM GNU C Compiler
arm-none-eabi-gcc -mcpu=cortex-m4 -mthumb -mfloat-abi=soft -Og -fmessage-length=0 -fsigned-char -ffunction-sections -fdata-sections -ffreestanding -fno-move-loop-invariants -Wall -Wextra  -g3 -DDEBUG -DUSE_FULL_ASSERT -DTRACE -DOS_USE_TRACE_SEMIHOSTING_DEBUG -DSTM32F401xC -DUSE_HAL_DRIVER -DHSE_VALUE=25000000 -I"../include" -I"../system/include" -I"../system/include/cmsis" -I"../system/include/stm32f4-hal" -std=gnu11 -MMD -MP -MF"src/STK_Program.d" -MT"src/STK_Program.o" -c -o "src/STK_Program.o" "../src/STK_Program.c"
Finished building: ../src/STK_Program.c
 
Building target: COTS_STK.elf
Invoking: Cross ARM GNU C++ Linker
arm-none-eabi-g++ -mcpu=cortex-m4 -mthumb -mfloat-abi=soft -Og -fmessage-length=0 -fsigned-char -ffunction-sections -fdata-sections -ffreestanding -fno-move-loop-invariants -Wall -Wextra  -g3 -T mem.ld -T libs.ld -T sections.ld -nostartfiles -Xlinker --gc-sections -L"../ldscripts" -Wl,-Map,"COTS_STK.map" --specs=nano.specs -o "COTS_STK.elf"  ./system/src/stm32f4-hal/stm32f4xx_hal.o ./system/src/stm32f4-hal/stm32f4xx_hal_cortex.o ./system/src/stm32f4-hal/stm32f4xx_hal_dfsdm.o ./system/src/stm32f4-hal/stm32f4xx_hal_flash.o ./system/src/stm32f4-hal/stm32f4xx_hal_gpio.o ./system/src/stm32f4-hal/stm32f4xx_hal_iwdg.o ./system/src/stm32f4-hal/stm32f4xx_hal_pwr.o ./system/src/stm32f4-hal/stm32f4xx_hal_rcc.o  ./system/src/newlib/_cxx.o ./system/src/newlib/_exit.o ./system/src/newlib/_sbrk.o ./system/src/newlib/_startup.o ./system/src/newlib/_syscalls.o ./system/src/newlib/assert.o  ./system/src/diag/Trace.o ./system/src/diag/trace_impl.o  ./system/src/cortexm/_initialize_hardware.o ./system/src/cortexm/_reset_hardware.o ./system/src/cortexm/exception_handlers.o  ./system/src/cmsis/system_stm32f4xx.o ./system/src/cmsis/vectors_stm32f401xc.o  ./src/GPIO_Program.o ./src/RCC_Program.o ./src/STK_Program.o ./src/_initialize_hardware.o ./src/_write.o ./src/main.o ./src/stm32f4xx_hal_msp.o   
Finished building target: COTS_STK.elf
 
Invoking: Cross ARM GNU Create Flash Image
arm-none-eabi-objcopy -O ihex "COTS_STK.elf"  "COTS_STK.hex"
Finished building: COTS_STK.hex
 
Invoking: Cross ARM GNU Print Size
arm-none-eabi-size --format=berkeley "COTS_STK.elf"
   text	   data	    bss	    dec	    hex	filename
   9227	    160	    416	   9803	   264b	COTS_STK.elf
Finished building: COTS_STK.siz
 
19:02:39 **** Incremental Build of configuration Debug for project COTS_STK ****
make all 
Building file: ../src/STK_Program.c
Invoking: Cross ARM GNU C Compiler
arm-none-eabi-gcc -mcpu=cortex-m4 -mthumb -mfloat-abi=soft -Og -fmessage-length=0 -fsigned-char -ffunction-sections -fdata-sections -ffreestanding -fno-move-loop-invariants -Wall -Wextra  -g3 -DDEBUG -DUSE_FULL_ASSERT -DTRACE -DOS_USE_TRACE_SEMIHOSTING_DEBUG -DSTM32F401xC -DUSE_HAL_DRIVER -DHSE_VALUE=25000000 -I"../include" -I"../system/include" -I"../system/include/cmsis" -I"../system/include/stm32f4-hal" -std=gnu11 -MMD -MP -MF"src/STK_Program.d" -MT"src/STK_Program.o" -c -o "src/STK_Program.o" "../src/STK_Program.c"
Finished building: ../src/STK_Program.c
 
Building target: COTS_STK.elf
Invoking: Cross ARM GNU C++ Linker
arm-none-eabi-g++ -mcpu=cortex-m4 -mthumb -mfloat-abi=soft -Og -fmessage-length=0 -fsigned-char -ffunction-sections -fdata-sections -ffreestanding -fno-move-loop-invariants -Wall -Wextra  -g3 -T mem.ld -T libs.ld -T sections.ld -nostartfiles -Xlinker --gc-sections -L"../ldscripts" -Wl,-Map,"COTS_STK.map" --specs=nano.specs -o "COTS_STK.elf"  ./system/src/stm32f4-hal/stm32f4xx_hal.o ./system/src/stm32f4-hal/stm32f4xx_hal_cortex.o ./system/src/stm32f4-hal/stm32f4xx_hal_dfsdm.o ./system/src/stm32f4-hal/stm32f4xx_hal_flash.o ./system/src/stm32f4-hal/stm32f4xx_hal_gpio.o ./system/src/stm32f4-hal/stm32f4xx_hal_iwdg.o ./system/src/stm32f4-hal/stm32f4xx_hal_pwr.o ./system/src/stm32f4-hal/stm32f4xx_hal_rcc.o  ./system/src/newlib/_cxx.o ./system/src/newlib/_exit.o ./system/src/newlib/_sbrk.o ./system/src/newlib/_startup.o ./system/src/newlib/_syscalls.o ./system/src/newlib/assert.o  ./system/src/diag/Trace.o ./system/src/diag/trace_impl.o  ./system/src/cortexm/_initialize_hardware.o ./system/src/cortexm/_reset_hardware.o ./system/src/cortexm/exception_handlers.o  ./system/src/cmsis/system_stm32f4xx.o ./system/src/cmsis/vectors_stm32f401xc.o  ./src/GPIO_Program.o ./src/RCC_Program.o ./src/STK_Program.o ./src/_initialize_hardware.o ./src/_write.o ./src/main.o ./src/stm32f4xx_hal_msp.o   
Finished building target: COTS_STK.elf
 
Invoking: Cross ARM GNU Create Flash Image
arm-none-eabi-objcopy -O ihex "COTS_STK.elf"  "COTS_STK.hex"
Finished building: COTS_STK.hex
 
Invoking: Cross ARM GNU Print Size
arm-none-eabi-size --format=berkeley "COTS_STK.elf"
   text	   data	    bss	    dec	    hex	filename
   9227	    160	    416	   9803	   264b	COTS_STK.elf
Finished building: COTS_STK.siz
 
09:40:40 **** Build of configuration Debug for project COTS_RTOS ****
make all 
Building file: ../system/src/stm32f4-hal/stm32f4xx_hal.c
Invoking: Cross ARM GNU C Compiler
arm-none-eabi-gcc -mcpu=cortex-m4 -mthumb -mfloat-abi=soft -Og -fmessage-length=0 -fsigned-char -ffunction-sections -fdata-sections -ffreestanding -fno-move-loop-invariants -Wall -Wextra  -g3 -DDEBUG -DUSE_FULL_ASSERT -DTRACE -DOS_USE_TRACE_SEMIHOSTING_DEBUG -DSTM32F401xC -DUSE_HAL_DRIVER -DHSE_VALUE=25000000 -I"../include" -I"../system/include" -I"../system/include/cmsis" -I"../system/include/stm32f4-hal" -std=gnu11 -Wno-bad-function-cast -Wno-conversion -Wno-sign-conversion -Wno-unused-parameter -Wno-sign-compare -Wno-missing-prototypes -Wno-missing-declarations -MMD -MP -MF"system/src/stm32f4-hal/stm32f4xx_hal.d" -MT"system/src/stm32f4-hal/stm32f4xx_hal.o" -c -o "system/src/stm32f4-hal/stm32f4xx_hal.o" "../system/src/stm32f4-hal/stm32f4xx_hal.c"
Finished building: ../system/src/stm32f4-hal/stm32f4xx_hal.c
 
Building file: ../system/src/stm32f4-hal/stm32f4xx_hal_cortex.c
Invoking: Cross ARM GNU C Compiler
arm-none-eabi-gcc -mcpu=cortex-m4 -mthumb -mfloat-abi=soft -Og -fmessage-length=0 -fsigned-char -ffunction-sections -fdata-sections -ffreestanding -fno-move-loop-invariants -Wall -Wextra  -g3 -DDEBUG -DUSE_FULL_ASSERT -DTRACE -DOS_USE_TRACE_SEMIHOSTING_DEBUG -DSTM32F401xC -DUSE_HAL_DRIVER -DHSE_VALUE=25000000 -I"../include" -I"../system/include" -I"../system/include/cmsis" -I"../system/include/stm32f4-hal" -std=gnu11 -Wno-bad-function-cast -Wno-conversion -Wno-sign-conversion -Wno-unused-parameter -Wno-sign-compare -Wno-missing-prototypes -Wno-missing-declarations -MMD -MP -MF"system/src/stm32f4-hal/stm32f4xx_hal_cortex.d" -MT"system/src/stm32f4-hal/stm32f4xx_hal_cortex.o" -c -o "system/src/stm32f4-hal/stm32f4xx_hal_cortex.o" "../system/src/stm32f4-hal/stm32f4xx_hal_cortex.c"
Finished building: ../system/src/stm32f4-hal/stm32f4xx_hal_cortex.c
 
Building file: ../system/src/stm32f4-hal/stm32f4xx_hal_dfsdm.c
Invoking: Cross ARM GNU C Compiler
arm-none-eabi-gcc -mcpu=cortex-m4 -mthumb -mfloat-abi=soft -Og -fmessage-length=0 -fsigned-char -ffunction-sections -fdata-sections -ffreestanding -fno-move-loop-invariants -Wall -Wextra  -g3 -DDEBUG -DUSE_FULL_ASSERT -DTRACE -DOS_USE_TRACE_SEMIHOSTING_DEBUG -DSTM32F401xC -DUSE_HAL_DRIVER -DHSE_VALUE=25000000 -I"../include" -I"../system/include" -I"../system/include/cmsis" -I"../system/include/stm32f4-hal" -std=gnu11 -Wno-bad-function-cast -Wno-conversion -Wno-sign-conversion -Wno-unused-parameter -Wno-sign-compare -Wno-missing-prototypes -Wno-missing-declarations -MMD -MP -MF"system/src/stm32f4-hal/stm32f4xx_hal_dfsdm.d" -MT"system/src/stm32f4-hal/stm32f4xx_hal_dfsdm.o" -c -o "system/src/stm32f4-hal/stm32f4xx_hal_dfsdm.o" "../system/src/stm32f4-hal/stm32f4xx_hal_dfsdm.c"
Finished building: ../system/src/stm32f4-hal/stm32f4xx_hal_dfsdm.c
 
Building file: ../system/src/stm32f4-hal/stm32f4xx_hal_flash.c
Invoking: Cross ARM GNU C Compiler
arm-none-eabi-gcc -mcpu=cortex-m4 -mthumb -mfloat-abi=soft -Og -fmessage-length=0 -fsigned-char -ffunction-sections -fdata-sections -ffreestanding -fno-move-loop-invariants -Wall -Wextra  -g3 -DDEBUG -DUSE_FULL_ASSERT -DTRACE -DOS_USE_TRACE_SEMIHOSTING_DEBUG -DSTM32F401xC -DUSE_HAL_DRIVER -DHSE_VALUE=25000000 -I"../include" -I"../system/include" -I"../system/include/cmsis" -I"../system/include/stm32f4-hal" -std=gnu11 -Wno-bad-function-cast -Wno-conversion -Wno-sign-conversion -Wno-unused-parameter -Wno-sign-compare -Wno-missing-prototypes -Wno-missing-declarations -MMD -MP -MF"system/src/stm32f4-hal/stm32f4xx_hal_flash.d" -MT"system/src/stm32f4-hal/stm32f4xx_hal_flash.o" -c -o "system/src/stm32f4-hal/stm32f4xx_hal_flash.o" "../system/src/stm32f4-hal/stm32f4xx_hal_flash.c"
Finished building: ../system/src/stm32f4-hal/stm32f4xx_hal_flash.c
 
Building file: ../system/src/stm32f4-hal/stm32f4xx_hal_gpio.c
Invoking: Cross ARM GNU C Compiler
arm-none-eabi-gcc -mcpu=cortex-m4 -mthumb -mfloat-abi=soft -Og -fmessage-length=0 -fsigned-char -ffunction-sections -fdata-sections -ffreestanding -fno-move-loop-invariants -Wall -Wextra  -g3 -DDEBUG -DUSE_FULL_ASSERT -DTRACE -DOS_USE_TRACE_SEMIHOSTING_DEBUG -DSTM32F401xC -DUSE_HAL_DRIVER -DHSE_VALUE=25000000 -I"../include" -I"../system/include" -I"../system/include/cmsis" -I"../system/include/stm32f4-hal" -std=gnu11 -Wno-bad-function-cast -Wno-conversion -Wno-sign-conversion -Wno-unused-parameter -Wno-sign-compare -Wno-missing-prototypes -Wno-missing-declarations -MMD -MP -MF"system/src/stm32f4-hal/stm32f4xx_hal_gpio.d" -MT"system/src/stm32f4-hal/stm32f4xx_hal_gpio.o" -c -o "system/src/stm32f4-hal/stm32f4xx_hal_gpio.o" "../system/src/stm32f4-hal/stm32f4xx_hal_gpio.c"
Finished building: ../system/src/stm32f4-hal/stm32f4xx_hal_gpio.c
 
Building file: ../system/src/stm32f4-hal/stm32f4xx_hal_iwdg.c
Invoking: Cross ARM GNU C Compiler
arm-none-eabi-gcc -mcpu=cortex-m4 -mthumb -mfloat-abi=soft -Og -fmessage-length=0 -fsigned-char -ffunction-sections -fdata-sections -ffreestanding -fno-move-loop-invariants -Wall -Wextra  -g3 -DDEBUG -DUSE_FULL_ASSERT -DTRACE -DOS_USE_TRACE_SEMIHOSTING_DEBUG -DSTM32F401xC -DUSE_HAL_DRIVER -DHSE_VALUE=25000000 -I"../include" -I"../system/include" -I"../system/include/cmsis" -I"../system/include/stm32f4-hal" -std=gnu11 -Wno-bad-function-cast -Wno-conversion -Wno-sign-conversion -Wno-unused-parameter -Wno-sign-compare -Wno-missing-prototypes -Wno-missing-declarations -MMD -MP -MF"system/src/stm32f4-hal/stm32f4xx_hal_iwdg.d" -MT"system/src/stm32f4-hal/stm32f4xx_hal_iwdg.o" -c -o "system/src/stm32f4-hal/stm32f4xx_hal_iwdg.o" "../system/src/stm32f4-hal/stm32f4xx_hal_iwdg.c"
Finished building: ../system/src/stm32f4-hal/stm32f4xx_hal_iwdg.c
 
Building file: ../system/src/stm32f4-hal/stm32f4xx_hal_pwr.c
Invoking: Cross ARM GNU C Compiler
arm-none-eabi-gcc -mcpu=cortex-m4 -mthumb -mfloat-abi=soft -Og -fmessage-length=0 -fsigned-char -ffunction-sections -fdata-sections -ffreestanding -fno-move-loop-invariants -Wall -Wextra  -g3 -DDEBUG -DUSE_FULL_ASSERT -DTRACE -DOS_USE_TRACE_SEMIHOSTING_DEBUG -DSTM32F401xC -DUSE_HAL_DRIVER -DHSE_VALUE=25000000 -I"../include" -I"../system/include" -I"../system/include/cmsis" -I"../system/include/stm32f4-hal" -std=gnu11 -Wno-bad-function-cast -Wno-conversion -Wno-sign-conversion -Wno-unused-parameter -Wno-sign-compare -Wno-missing-prototypes -Wno-missing-declarations -MMD -MP -MF"system/src/stm32f4-hal/stm32f4xx_hal_pwr.d" -MT"system/src/stm32f4-hal/stm32f4xx_hal_pwr.o" -c -o "system/src/stm32f4-hal/stm32f4xx_hal_pwr.o" "../system/src/stm32f4-hal/stm32f4xx_hal_pwr.c"
Finished building: ../system/src/stm32f4-hal/stm32f4xx_hal_pwr.c
 
Building file: ../system/src/stm32f4-hal/stm32f4xx_hal_rcc.c
Invoking: Cross ARM GNU C Compiler
arm-none-eabi-gcc -mcpu=cortex-m4 -mthumb -mfloat-abi=soft -Og -fmessage-length=0 -fsigned-char -ffunction-sections -fdata-sections -ffreestanding -fno-move-loop-invariants -Wall -Wextra  -g3 -DDEBUG -DUSE_FULL_ASSERT -DTRACE -DOS_USE_TRACE_SEMIHOSTING_DEBUG -DSTM32F401xC -DUSE_HAL_DRIVER -DHSE_VALUE=25000000 -I"../include" -I"../system/include" -I"../system/include/cmsis" -I"../system/include/stm32f4-hal" -std=gnu11 -Wno-bad-function-cast -Wno-conversion -Wno-sign-conversion -Wno-unused-parameter -Wno-sign-compare -Wno-missing-prototypes -Wno-missing-declarations -MMD -MP -MF"system/src/stm32f4-hal/stm32f4xx_hal_rcc.d" -MT"system/src/stm32f4-hal/stm32f4xx_hal_rcc.o" -c -o "system/src/stm32f4-hal/stm32f4xx_hal_rcc.o" "../system/src/stm32f4-hal/stm32f4xx_hal_rcc.c"
Finished building: ../system/src/stm32f4-hal/stm32f4xx_hal_rcc.c
 
Building file: ../system/src/newlib/_cxx.cpp
Invoking: Cross ARM GNU C++ Compiler
arm-none-eabi-g++ -mcpu=cortex-m4 -mthumb -mfloat-abi=soft -Og -fmessage-length=0 -fsigned-char -ffunction-sections -fdata-sections -ffreestanding -fno-move-loop-invariants -Wall -Wextra  -g3 -DDEBUG -DUSE_FULL_ASSERT -DTRACE -DOS_USE_TRACE_SEMIHOSTING_DEBUG -DSTM32F401xC -DUSE_HAL_DRIVER -DHSE_VALUE=25000000 -I"../include" -I"../system/include" -I"../system/include/cmsis" -I"../system/include/stm32f4-hal" -std=gnu++11 -fabi-version=0 -fno-exceptions -fno-rtti -fno-use-cxa-atexit -fno-threadsafe-statics -MMD -MP -MF"system/src/newlib/_cxx.d" -MT"system/src/newlib/_cxx.o" -c -o "system/src/newlib/_cxx.o" "../system/src/newlib/_cxx.cpp"
Finished building: ../system/src/newlib/_cxx.cpp
 
Building file: ../system/src/newlib/_exit.c
Invoking: Cross ARM GNU C Compiler
arm-none-eabi-gcc -mcpu=cortex-m4 -mthumb -mfloat-abi=soft -Og -fmessage-length=0 -fsigned-char -ffunction-sections -fdata-sections -ffreestanding -fno-move-loop-invariants -Wall -Wextra  -g3 -DDEBUG -DUSE_FULL_ASSERT -DTRACE -DOS_USE_TRACE_SEMIHOSTING_DEBUG -DSTM32F401xC -DUSE_HAL_DRIVER -DHSE_VALUE=25000000 -I"../include" -I"../system/include" -I"../system/include/cmsis" -I"../system/include/stm32f4-hal" -std=gnu11 -MMD -MP -MF"system/src/newlib/_exit.d" -MT"system/src/newlib/_exit.o" -c -o "system/src/newlib/_exit.o" "../system/src/newlib/_exit.c"
Finished building: ../system/src/newlib/_exit.c
 
Building file: ../system/src/newlib/_sbrk.c
Invoking: Cross ARM GNU C Compiler
arm-none-eabi-gcc -mcpu=cortex-m4 -mthumb -mfloat-abi=soft -Og -fmessage-length=0 -fsigned-char -ffunction-sections -fdata-sections -ffreestanding -fno-move-loop-invariants -Wall -Wextra  -g3 -DDEBUG -DUSE_FULL_ASSERT -DTRACE -DOS_USE_TRACE_SEMIHOSTING_DEBUG -DSTM32F401xC -DUSE_HAL_DRIVER -DHSE_VALUE=25000000 -I"../include" -I"../system/include" -I"../system/include/cmsis" -I"../system/include/stm32f4-hal" -std=gnu11 -MMD -MP -MF"system/src/newlib/_sbrk.d" -MT"system/src/newlib/_sbrk.o" -c -o "system/src/newlib/_sbrk.o" "../system/src/newlib/_sbrk.c"
Finished building: ../system/src/newlib/_sbrk.c
 
Building file: ../system/src/newlib/_startup.c
Invoking: Cross ARM GNU C Compiler
arm-none-eabi-gcc -mcpu=cortex-m4 -mthumb -mfloat-abi=soft -Og -fmessage-length=0 -fsigned-char -ffunction-sections -fdata-sections -ffreestanding -fno-move-loop-invariants -Wall -Wextra  -g3 -DDEBUG -DUSE_FULL_ASSERT -DTRACE -DOS_USE_TRACE_SEMIHOSTING_DEBUG -DSTM32F401xC -DUSE_HAL_DRIVER -DHSE_VALUE=25000000 -DOS_INCLUDE_STARTUP_INIT_MULTIPLE_RAM_SECTIONS -I"../include" -I"../system/include" -I"../system/include/cmsis" -I"../system/include/stm32f4-hal" -std=gnu11 -MMD -MP -MF"system/src/newlib/_startup.d" -MT"system/src/newlib/_startup.d" -c -o "system/src/newlib/_startup.o" "../system/src/newlib/_startup.c"
Finished building: ../system/src/newlib/_startup.c
 
Building file: ../system/src/newlib/_syscalls.c
Invoking: Cross ARM GNU C Compiler
arm-none-eabi-gcc -mcpu=cortex-m4 -mthumb -mfloat-abi=soft -Og -fmessage-length=0 -fsigned-char -ffunction-sections -fdata-sections -ffreestanding -fno-move-loop-invariants -Wall -Wextra  -g3 -DDEBUG -DUSE_FULL_ASSERT -DTRACE -DOS_USE_TRACE_SEMIHOSTING_DEBUG -DSTM32F401xC -DUSE_HAL_DRIVER -DHSE_VALUE=25000000 -I"../include" -I"../system/include" -I"../system/include/cmsis" -I"../system/include/stm32f4-hal" -std=gnu11 -MMD -MP -MF"system/src/newlib/_syscalls.d" -MT"system/src/newlib/_syscalls.o" -c -o "system/src/newlib/_syscalls.o" "../system/src/newlib/_syscalls.c"
Finished building: ../system/src/newlib/_syscalls.c
 
Building file: ../system/src/newlib/assert.c
Invoking: Cross ARM GNU C Compiler
arm-none-eabi-gcc -mcpu=cortex-m4 -mthumb -mfloat-abi=soft -Og -fmessage-length=0 -fsigned-char -ffunction-sections -fdata-sections -ffreestanding -fno-move-loop-invariants -Wall -Wextra  -g3 -DDEBUG -DUSE_FULL_ASSERT -DTRACE -DOS_USE_TRACE_SEMIHOSTING_DEBUG -DSTM32F401xC -DUSE_HAL_DRIVER -DHSE_VALUE=25000000 -I"../include" -I"../system/include" -I"../system/include/cmsis" -I"../system/include/stm32f4-hal" -std=gnu11 -MMD -MP -MF"system/src/newlib/assert.d" -MT"system/src/newlib/assert.o" -c -o "system/src/newlib/assert.o" "../system/src/newlib/assert.c"
Finished building: ../system/src/newlib/assert.c
 
Building file: ../system/src/diag/Trace.c
Invoking: Cross ARM GNU C Compiler
arm-none-eabi-gcc -mcpu=cortex-m4 -mthumb -mfloat-abi=soft -Og -fmessage-length=0 -fsigned-char -ffunction-sections -fdata-sections -ffreestanding -fno-move-loop-invariants -Wall -Wextra  -g3 -DDEBUG -DUSE_FULL_ASSERT -DTRACE -DOS_USE_TRACE_SEMIHOSTING_DEBUG -DSTM32F401xC -DUSE_HAL_DRIVER -DHSE_VALUE=25000000 -I"../include" -I"../system/include" -I"../system/include/cmsis" -I"../system/include/stm32f4-hal" -std=gnu11 -MMD -MP -MF"system/src/diag/Trace.d" -MT"system/src/diag/Trace.o" -c -o "system/src/diag/Trace.o" "../system/src/diag/Trace.c"
Finished building: ../system/src/diag/Trace.c
 
Building file: ../system/src/diag/trace_impl.c
Invoking: Cross ARM GNU C Compiler
arm-none-eabi-gcc -mcpu=cortex-m4 -mthumb -mfloat-abi=soft -Og -fmessage-length=0 -fsigned-char -ffunction-sections -fdata-sections -ffreestanding -fno-move-loop-invariants -Wall -Wextra  -g3 -DDEBUG -DUSE_FULL_ASSERT -DTRACE -DOS_USE_TRACE_SEMIHOSTING_DEBUG -DSTM32F401xC -DUSE_HAL_DRIVER -DHSE_VALUE=25000000 -I"../include" -I"../system/include" -I"../system/include/cmsis" -I"../system/include/stm32f4-hal" -std=gnu11 -MMD -MP -MF"system/src/diag/trace_impl.d" -MT"system/src/diag/trace_impl.o" -c -o "system/src/diag/trace_impl.o" "../system/src/diag/trace_impl.c"
Finished building: ../system/src/diag/trace_impl.c
 
Building file: ../system/src/cortexm/_initialize_hardware.c
Invoking: Cross ARM GNU C Compiler
arm-none-eabi-gcc -mcpu=cortex-m4 -mthumb -mfloat-abi=soft -Og -fmessage-length=0 -fsigned-char -ffunction-sections -fdata-sections -ffreestanding -fno-move-loop-invariants -Wall -Wextra  -g3 -DDEBUG -DUSE_FULL_ASSERT -DTRACE -DOS_USE_TRACE_SEMIHOSTING_DEBUG -DSTM32F401xC -DUSE_HAL_DRIVER -DHSE_VALUE=25000000 -I"../include" -I"../system/include" -I"../system/include/cmsis" -I"../system/include/stm32f4-hal" -std=gnu11 -MMD -MP -MF"system/src/cortexm/_initialize_hardware.d" -MT"system/src/cortexm/_initialize_hardware.o" -c -o "system/src/cortexm/_initialize_hardware.o" "../system/src/cortexm/_initialize_hardware.c"
Finished building: ../system/src/cortexm/_initialize_hardware.c
 
Building file: ../system/src/cortexm/_reset_hardware.c
Invoking: Cross ARM GNU C Compiler
arm-none-eabi-gcc -mcpu=cortex-m4 -mthumb -mfloat-abi=soft -Og -fmessage-length=0 -fsigned-char -ffunction-sections -fdata-sections -ffreestanding -fno-move-loop-invariants -Wall -Wextra  -g3 -DDEBUG -DUSE_FULL_ASSERT -DTRACE -DOS_USE_TRACE_SEMIHOSTING_DEBUG -DSTM32F401xC -DUSE_HAL_DRIVER -DHSE_VALUE=25000000 -I"../include" -I"../system/include" -I"../system/include/cmsis" -I"../system/include/stm32f4-hal" -std=gnu11 -MMD -MP -MF"system/src/cortexm/_reset_hardware.d" -MT"system/src/cortexm/_reset_hardware.o" -c -o "system/src/cortexm/_reset_hardware.o" "../system/src/cortexm/_reset_hardware.c"
Finished building: ../system/src/cortexm/_reset_hardware.c
 
Building file: ../system/src/cortexm/exception_handlers.c
Invoking: Cross ARM GNU C Compiler
arm-none-eabi-gcc -mcpu=cortex-m4 -mthumb -mfloat-abi=soft -Og -fmessage-length=0 -fsigned-char -ffunction-sections -fdata-sections -ffreestanding -fno-move-loop-invariants -Wall -Wextra  -g3 -DDEBUG -DUSE_FULL_ASSERT -DTRACE -DOS_USE_TRACE_SEMIHOSTING_DEBUG -DSTM32F401xC -DUSE_HAL_DRIVER -DHSE_VALUE=25000000 -I"../include" -I"../system/include" -I"../system/include/cmsis" -I"../system/include/stm32f4-hal" -std=gnu11 -MMD -MP -MF"system/src/cortexm/exception_handlers.d" -MT"system/src/cortexm/exception_handlers.o" -c -o "system/src/cortexm/exception_handlers.o" "../system/src/cortexm/exception_handlers.c"
Finished building: ../system/src/cortexm/exception_handlers.c
 
Building file: ../system/src/cmsis/system_stm32f4xx.c
Invoking: Cross ARM GNU C Compiler
arm-none-eabi-gcc -mcpu=cortex-m4 -mthumb -mfloat-abi=soft -Og -fmessage-length=0 -fsigned-char -ffunction-sections -fdata-sections -ffreestanding -fno-move-loop-invariants -Wall -Wextra  -g3 -DDEBUG -DUSE_FULL_ASSERT -DTRACE -DOS_USE_TRACE_SEMIHOSTING_DEBUG -DSTM32F401xC -DUSE_HAL_DRIVER -DHSE_VALUE=25000000 -I"../include" -I"../system/include" -I"../system/include/cmsis" -I"../system/include/stm32f4-hal" -std=gnu11 -MMD -MP -MF"system/src/cmsis/system_stm32f4xx.d" -MT"system/src/cmsis/system_stm32f4xx.o" -c -o "system/src/cmsis/system_stm32f4xx.o" "../system/src/cmsis/system_stm32f4xx.c"
Finished building: ../system/src/cmsis/system_stm32f4xx.c
 
Building file: ../system/src/cmsis/vectors_stm32f401xc.c
Invoking: Cross ARM GNU C Compiler
arm-none-eabi-gcc -mcpu=cortex-m4 -mthumb -mfloat-abi=soft -Og -fmessage-length=0 -fsigned-char -ffunction-sections -fdata-sections -ffreestanding -fno-move-loop-invariants -Wall -Wextra  -g3 -DDEBUG -DUSE_FULL_ASSERT -DTRACE -DOS_USE_TRACE_SEMIHOSTING_DEBUG -DSTM32F401xC -DUSE_HAL_DRIVER -DHSE_VALUE=25000000 -I"../include" -I"../system/include" -I"../system/include/cmsis" -I"../system/include/stm32f4-hal" -std=gnu11 -MMD -MP -MF"system/src/cmsis/vectors_stm32f401xc.d" -MT"system/src/cmsis/vectors_stm32f401xc.o" -c -o "system/src/cmsis/vectors_stm32f401xc.o" "../system/src/cmsis/vectors_stm32f401xc.c"
Finished building: ../system/src/cmsis/vectors_stm32f401xc.c
 
Building file: ../src/RTOS_Program.c
Invoking: Cross ARM GNU C Compiler
arm-none-eabi-gcc -mcpu=cortex-m4 -mthumb -mfloat-abi=soft -Og -fmessage-length=0 -fsigned-char -ffunction-sections -fdata-sections -ffreestanding -fno-move-loop-invariants -Wall -Wextra  -g3 -DDEBUG -DUSE_FULL_ASSERT -DTRACE -DOS_USE_TRACE_SEMIHOSTING_DEBUG -DSTM32F401xC -DUSE_HAL_DRIVER -DHSE_VALUE=25000000 -I"../include" -I"../system/include" -I"../system/include/cmsis" -I"../system/include/stm32f4-hal" -std=gnu11 -MMD -MP -MF"src/RTOS_Program.d" -MT"src/RTOS_Program.o" -c -o "src/RTOS_Program.o" "../src/RTOS_Program.c"
In file included from ../src/RTOS_Program.c:12:0:
../include/RTOS_Private.h:18:1: error: unknown type name 'TCB_t'; did you mean 'TCB'?
 TCB_t Task_Arr[No_Of_Tasks] = {NULL};
 ^~~~~
 TCB
../include/RTOS_Private.h:18:16: error: 'No_Of_Tasks' undeclared here (not in a function)
 TCB_t Task_Arr[No_Of_Tasks] = {NULL};
                ^~~~~~~~~~~
../include/RTOS_Private.h:18:32: error: 'NULL' undeclared here (not in a function)
 TCB_t Task_Arr[No_Of_Tasks] = {NULL};
                                ^~~~
../src/RTOS_Program.c: In function 'RTOS_Scheduler':
../src/RTOS_Program.c:19:36: error: 'No' undeclared (first use in this function)
  for(Local_u8Count=0;Local_u8Count<No)
                                    ^~
../src/RTOS_Program.c:19:36: note: each undeclared identifier is reported only once for each function it appears in
../src/RTOS_Program.c:19:38: error: expected ';' before ')' token
  for(Local_u8Count=0;Local_u8Count<No)
                                      ^
../src/RTOS_Program.c:20:1: error: expected expression before '}' token
 }
 ^
At top level:
../src/RTOS_Program.c:16:13: warning: 'RTOS_Scheduler' defined but not used [-Wunused-function]
 static void RTOS_Scheduler(void)
             ^~~~~~~~~~~~~~
make: *** [src/subdir.mk:32: src/RTOS_Program.o] Error 1
09:40:55 **** Build of configuration Debug for project COTS_STK ****
make all 
Building file: ../src/STK_Program.c
Invoking: Cross ARM GNU C Compiler
arm-none-eabi-gcc -mcpu=cortex-m4 -mthumb -mfloat-abi=soft -Og -fmessage-length=0 -fsigned-char -ffunction-sections -fdata-sections -ffreestanding -fno-move-loop-invariants -Wall -Wextra  -g3 -DDEBUG -DUSE_FULL_ASSERT -DTRACE -DOS_USE_TRACE_SEMIHOSTING_DEBUG -DSTM32F401xC -DUSE_HAL_DRIVER -DHSE_VALUE=25000000 -I"../include" -I"../system/include" -I"../system/include/cmsis" -I"../system/include/stm32f4-hal" -std=gnu11 -MMD -MP -MF"src/STK_Program.d" -MT"src/STK_Program.o" -c -o "src/STK_Program.o" "../src/STK_Program.c"
Finished building: ../src/STK_Program.c
 
Building target: COTS_STK.elf
Invoking: Cross ARM GNU C++ Linker
arm-none-eabi-g++ -mcpu=cortex-m4 -mthumb -mfloat-abi=soft -Og -fmessage-length=0 -fsigned-char -ffunction-sections -fdata-sections -ffreestanding -fno-move-loop-invariants -Wall -Wextra  -g3 -T mem.ld -T libs.ld -T sections.ld -nostartfiles -Xlinker --gc-sections -L"../ldscripts" -Wl,-Map,"COTS_STK.map" --specs=nano.specs -o "COTS_STK.elf"  ./system/src/stm32f4-hal/stm32f4xx_hal.o ./system/src/stm32f4-hal/stm32f4xx_hal_cortex.o ./system/src/stm32f4-hal/stm32f4xx_hal_dfsdm.o ./system/src/stm32f4-hal/stm32f4xx_hal_flash.o ./system/src/stm32f4-hal/stm32f4xx_hal_gpio.o ./system/src/stm32f4-hal/stm32f4xx_hal_iwdg.o ./system/src/stm32f4-hal/stm32f4xx_hal_pwr.o ./system/src/stm32f4-hal/stm32f4xx_hal_rcc.o  ./system/src/newlib/_cxx.o ./system/src/newlib/_exit.o ./system/src/newlib/_sbrk.o ./system/src/newlib/_startup.o ./system/src/newlib/_syscalls.o ./system/src/newlib/assert.o  ./system/src/diag/Trace.o ./system/src/diag/trace_impl.o  ./system/src/cortexm/_initialize_hardware.o ./system/src/cortexm/_reset_hardware.o ./system/src/cortexm/exception_handlers.o  ./system/src/cmsis/system_stm32f4xx.o ./system/src/cmsis/vectors_stm32f401xc.o  ./src/GPIO_Program.o ./src/RCC_Program.o ./src/STK_Program.o ./src/_initialize_hardware.o ./src/_write.o ./src/main.o ./src/stm32f4xx_hal_msp.o   
Finished building target: COTS_STK.elf
 
Invoking: Cross ARM GNU Create Flash Image
arm-none-eabi-objcopy -O ihex "COTS_STK.elf"  "COTS_STK.hex"
Finished building: COTS_STK.hex
 
Invoking: Cross ARM GNU Print Size
arm-none-eabi-size --format=berkeley "COTS_STK.elf"
   text	   data	    bss	    dec	    hex	filename
   9227	    160	    416	   9803	   264b	COTS_STK.elf
Finished building: COTS_STK.siz
 
09:40:57 **** Build of configuration Debug for project COTS_Schedular ****
make all 
Building file: ../system/src/stm32f4-hal/stm32f4xx_hal.c
Invoking: Cross ARM GNU C Compiler
arm-none-eabi-gcc -mcpu=cortex-m4 -mthumb -mfloat-abi=soft -Og -fmessage-length=0 -fsigned-char -ffunction-sections -fdata-sections -ffreestanding -fno-move-loop-invariants -Wall -Wextra  -g3 -DDEBUG -DUSE_FULL_ASSERT -DTRACE -DOS_USE_TRACE_SEMIHOSTING_DEBUG -DSTM32F401xC -DUSE_HAL_DRIVER -DHSE_VALUE=25000000 -I"../include" -I"../system/include" -I"../system/include/cmsis" -I"../system/include/stm32f4-hal" -std=gnu11 -Wno-bad-function-cast -Wno-conversion -Wno-sign-conversion -Wno-unused-parameter -Wno-sign-compare -Wno-missing-prototypes -Wno-missing-declarations -MMD -MP -MF"system/src/stm32f4-hal/stm32f4xx_hal.d" -MT"system/src/stm32f4-hal/stm32f4xx_hal.o" -c -o "system/src/stm32f4-hal/stm32f4xx_hal.o" "../system/src/stm32f4-hal/stm32f4xx_hal.c"
Finished building: ../system/src/stm32f4-hal/stm32f4xx_hal.c
 
Building file: ../system/src/stm32f4-hal/stm32f4xx_hal_cortex.c
Invoking: Cross ARM GNU C Compiler
arm-none-eabi-gcc -mcpu=cortex-m4 -mthumb -mfloat-abi=soft -Og -fmessage-length=0 -fsigned-char -ffunction-sections -fdata-sections -ffreestanding -fno-move-loop-invariants -Wall -Wextra  -g3 -DDEBUG -DUSE_FULL_ASSERT -DTRACE -DOS_USE_TRACE_SEMIHOSTING_DEBUG -DSTM32F401xC -DUSE_HAL_DRIVER -DHSE_VALUE=25000000 -I"../include" -I"../system/include" -I"../system/include/cmsis" -I"../system/include/stm32f4-hal" -std=gnu11 -Wno-bad-function-cast -Wno-conversion -Wno-sign-conversion -Wno-unused-parameter -Wno-sign-compare -Wno-missing-prototypes -Wno-missing-declarations -MMD -MP -MF"system/src/stm32f4-hal/stm32f4xx_hal_cortex.d" -MT"system/src/stm32f4-hal/stm32f4xx_hal_cortex.o" -c -o "system/src/stm32f4-hal/stm32f4xx_hal_cortex.o" "../system/src/stm32f4-hal/stm32f4xx_hal_cortex.c"
Finished building: ../system/src/stm32f4-hal/stm32f4xx_hal_cortex.c
 
Building file: ../system/src/stm32f4-hal/stm32f4xx_hal_dfsdm.c
Invoking: Cross ARM GNU C Compiler
arm-none-eabi-gcc -mcpu=cortex-m4 -mthumb -mfloat-abi=soft -Og -fmessage-length=0 -fsigned-char -ffunction-sections -fdata-sections -ffreestanding -fno-move-loop-invariants -Wall -Wextra  -g3 -DDEBUG -DUSE_FULL_ASSERT -DTRACE -DOS_USE_TRACE_SEMIHOSTING_DEBUG -DSTM32F401xC -DUSE_HAL_DRIVER -DHSE_VALUE=25000000 -I"../include" -I"../system/include" -I"../system/include/cmsis" -I"../system/include/stm32f4-hal" -std=gnu11 -Wno-bad-function-cast -Wno-conversion -Wno-sign-conversion -Wno-unused-parameter -Wno-sign-compare -Wno-missing-prototypes -Wno-missing-declarations -MMD -MP -MF"system/src/stm32f4-hal/stm32f4xx_hal_dfsdm.d" -MT"system/src/stm32f4-hal/stm32f4xx_hal_dfsdm.o" -c -o "system/src/stm32f4-hal/stm32f4xx_hal_dfsdm.o" "../system/src/stm32f4-hal/stm32f4xx_hal_dfsdm.c"
Finished building: ../system/src/stm32f4-hal/stm32f4xx_hal_dfsdm.c
 
Building file: ../system/src/stm32f4-hal/stm32f4xx_hal_flash.c
Invoking: Cross ARM GNU C Compiler
arm-none-eabi-gcc -mcpu=cortex-m4 -mthumb -mfloat-abi=soft -Og -fmessage-length=0 -fsigned-char -ffunction-sections -fdata-sections -ffreestanding -fno-move-loop-invariants -Wall -Wextra  -g3 -DDEBUG -DUSE_FULL_ASSERT -DTRACE -DOS_USE_TRACE_SEMIHOSTING_DEBUG -DSTM32F401xC -DUSE_HAL_DRIVER -DHSE_VALUE=25000000 -I"../include" -I"../system/include" -I"../system/include/cmsis" -I"../system/include/stm32f4-hal" -std=gnu11 -Wno-bad-function-cast -Wno-conversion -Wno-sign-conversion -Wno-unused-parameter -Wno-sign-compare -Wno-missing-prototypes -Wno-missing-declarations -MMD -MP -MF"system/src/stm32f4-hal/stm32f4xx_hal_flash.d" -MT"system/src/stm32f4-hal/stm32f4xx_hal_flash.o" -c -o "system/src/stm32f4-hal/stm32f4xx_hal_flash.o" "../system/src/stm32f4-hal/stm32f4xx_hal_flash.c"
Finished building: ../system/src/stm32f4-hal/stm32f4xx_hal_flash.c
 
Building file: ../system/src/stm32f4-hal/stm32f4xx_hal_gpio.c
Invoking: Cross ARM GNU C Compiler
arm-none-eabi-gcc -mcpu=cortex-m4 -mthumb -mfloat-abi=soft -Og -fmessage-length=0 -fsigned-char -ffunction-sections -fdata-sections -ffreestanding -fno-move-loop-invariants -Wall -Wextra  -g3 -DDEBUG -DUSE_FULL_ASSERT -DTRACE -DOS_USE_TRACE_SEMIHOSTING_DEBUG -DSTM32F401xC -DUSE_HAL_DRIVER -DHSE_VALUE=25000000 -I"../include" -I"../system/include" -I"../system/include/cmsis" -I"../system/include/stm32f4-hal" -std=gnu11 -Wno-bad-function-cast -Wno-conversion -Wno-sign-conversion -Wno-unused-parameter -Wno-sign-compare -Wno-missing-prototypes -Wno-missing-declarations -MMD -MP -MF"system/src/stm32f4-hal/stm32f4xx_hal_gpio.d" -MT"system/src/stm32f4-hal/stm32f4xx_hal_gpio.o" -c -o "system/src/stm32f4-hal/stm32f4xx_hal_gpio.o" "../system/src/stm32f4-hal/stm32f4xx_hal_gpio.c"
Finished building: ../system/src/stm32f4-hal/stm32f4xx_hal_gpio.c
 
Building file: ../system/src/stm32f4-hal/stm32f4xx_hal_iwdg.c
Invoking: Cross ARM GNU C Compiler
arm-none-eabi-gcc -mcpu=cortex-m4 -mthumb -mfloat-abi=soft -Og -fmessage-length=0 -fsigned-char -ffunction-sections -fdata-sections -ffreestanding -fno-move-loop-invariants -Wall -Wextra  -g3 -DDEBUG -DUSE_FULL_ASSERT -DTRACE -DOS_USE_TRACE_SEMIHOSTING_DEBUG -DSTM32F401xC -DUSE_HAL_DRIVER -DHSE_VALUE=25000000 -I"../include" -I"../system/include" -I"../system/include/cmsis" -I"../system/include/stm32f4-hal" -std=gnu11 -Wno-bad-function-cast -Wno-conversion -Wno-sign-conversion -Wno-unused-parameter -Wno-sign-compare -Wno-missing-prototypes -Wno-missing-declarations -MMD -MP -MF"system/src/stm32f4-hal/stm32f4xx_hal_iwdg.d" -MT"system/src/stm32f4-hal/stm32f4xx_hal_iwdg.o" -c -o "system/src/stm32f4-hal/stm32f4xx_hal_iwdg.o" "../system/src/stm32f4-hal/stm32f4xx_hal_iwdg.c"
Finished building: ../system/src/stm32f4-hal/stm32f4xx_hal_iwdg.c
 
Building file: ../system/src/stm32f4-hal/stm32f4xx_hal_pwr.c
Invoking: Cross ARM GNU C Compiler
arm-none-eabi-gcc -mcpu=cortex-m4 -mthumb -mfloat-abi=soft -Og -fmessage-length=0 -fsigned-char -ffunction-sections -fdata-sections -ffreestanding -fno-move-loop-invariants -Wall -Wextra  -g3 -DDEBUG -DUSE_FULL_ASSERT -DTRACE -DOS_USE_TRACE_SEMIHOSTING_DEBUG -DSTM32F401xC -DUSE_HAL_DRIVER -DHSE_VALUE=25000000 -I"../include" -I"../system/include" -I"../system/include/cmsis" -I"../system/include/stm32f4-hal" -std=gnu11 -Wno-bad-function-cast -Wno-conversion -Wno-sign-conversion -Wno-unused-parameter -Wno-sign-compare -Wno-missing-prototypes -Wno-missing-declarations -MMD -MP -MF"system/src/stm32f4-hal/stm32f4xx_hal_pwr.d" -MT"system/src/stm32f4-hal/stm32f4xx_hal_pwr.o" -c -o "system/src/stm32f4-hal/stm32f4xx_hal_pwr.o" "../system/src/stm32f4-hal/stm32f4xx_hal_pwr.c"
Finished building: ../system/src/stm32f4-hal/stm32f4xx_hal_pwr.c
 
Building file: ../system/src/stm32f4-hal/stm32f4xx_hal_rcc.c
Invoking: Cross ARM GNU C Compiler
arm-none-eabi-gcc -mcpu=cortex-m4 -mthumb -mfloat-abi=soft -Og -fmessage-length=0 -fsigned-char -ffunction-sections -fdata-sections -ffreestanding -fno-move-loop-invariants -Wall -Wextra  -g3 -DDEBUG -DUSE_FULL_ASSERT -DTRACE -DOS_USE_TRACE_SEMIHOSTING_DEBUG -DSTM32F401xC -DUSE_HAL_DRIVER -DHSE_VALUE=25000000 -I"../include" -I"../system/include" -I"../system/include/cmsis" -I"../system/include/stm32f4-hal" -std=gnu11 -Wno-bad-function-cast -Wno-conversion -Wno-sign-conversion -Wno-unused-parameter -Wno-sign-compare -Wno-missing-prototypes -Wno-missing-declarations -MMD -MP -MF"system/src/stm32f4-hal/stm32f4xx_hal_rcc.d" -MT"system/src/stm32f4-hal/stm32f4xx_hal_rcc.o" -c -o "system/src/stm32f4-hal/stm32f4xx_hal_rcc.o" "../system/src/stm32f4-hal/stm32f4xx_hal_rcc.c"
Finished building: ../system/src/stm32f4-hal/stm32f4xx_hal_rcc.c
 
Building file: ../system/src/newlib/_cxx.cpp
Invoking: Cross ARM GNU C++ Compiler
arm-none-eabi-g++ -mcpu=cortex-m4 -mthumb -mfloat-abi=soft -Og -fmessage-length=0 -fsigned-char -ffunction-sections -fdata-sections -ffreestanding -fno-move-loop-invariants -Wall -Wextra  -g3 -DDEBUG -DUSE_FULL_ASSERT -DTRACE -DOS_USE_TRACE_SEMIHOSTING_DEBUG -DSTM32F401xC -DUSE_HAL_DRIVER -DHSE_VALUE=25000000 -I"../include" -I"../system/include" -I"../system/include/cmsis" -I"../system/include/stm32f4-hal" -std=gnu++11 -fabi-version=0 -fno-exceptions -fno-rtti -fno-use-cxa-atexit -fno-threadsafe-statics -MMD -MP -MF"system/src/newlib/_cxx.d" -MT"system/src/newlib/_cxx.o" -c -o "system/src/newlib/_cxx.o" "../system/src/newlib/_cxx.cpp"
Finished building: ../system/src/newlib/_cxx.cpp
 
Building file: ../system/src/newlib/_exit.c
Invoking: Cross ARM GNU C Compiler
arm-none-eabi-gcc -mcpu=cortex-m4 -mthumb -mfloat-abi=soft -Og -fmessage-length=0 -fsigned-char -ffunction-sections -fdata-sections -ffreestanding -fno-move-loop-invariants -Wall -Wextra  -g3 -DDEBUG -DUSE_FULL_ASSERT -DTRACE -DOS_USE_TRACE_SEMIHOSTING_DEBUG -DSTM32F401xC -DUSE_HAL_DRIVER -DHSE_VALUE=25000000 -I"../include" -I"../system/include" -I"../system/include/cmsis" -I"../system/include/stm32f4-hal" -std=gnu11 -MMD -MP -MF"system/src/newlib/_exit.d" -MT"system/src/newlib/_exit.o" -c -o "system/src/newlib/_exit.o" "../system/src/newlib/_exit.c"
Finished building: ../system/src/newlib/_exit.c
 
Building file: ../system/src/newlib/_sbrk.c
Invoking: Cross ARM GNU C Compiler
arm-none-eabi-gcc -mcpu=cortex-m4 -mthumb -mfloat-abi=soft -Og -fmessage-length=0 -fsigned-char -ffunction-sections -fdata-sections -ffreestanding -fno-move-loop-invariants -Wall -Wextra  -g3 -DDEBUG -DUSE_FULL_ASSERT -DTRACE -DOS_USE_TRACE_SEMIHOSTING_DEBUG -DSTM32F401xC -DUSE_HAL_DRIVER -DHSE_VALUE=25000000 -I"../include" -I"../system/include" -I"../system/include/cmsis" -I"../system/include/stm32f4-hal" -std=gnu11 -MMD -MP -MF"system/src/newlib/_sbrk.d" -MT"system/src/newlib/_sbrk.o" -c -o "system/src/newlib/_sbrk.o" "../system/src/newlib/_sbrk.c"
Finished building: ../system/src/newlib/_sbrk.c
 
Building file: ../system/src/newlib/_startup.c
Invoking: Cross ARM GNU C Compiler
arm-none-eabi-gcc -mcpu=cortex-m4 -mthumb -mfloat-abi=soft -Og -fmessage-length=0 -fsigned-char -ffunction-sections -fdata-sections -ffreestanding -fno-move-loop-invariants -Wall -Wextra  -g3 -DDEBUG -DUSE_FULL_ASSERT -DTRACE -DOS_USE_TRACE_SEMIHOSTING_DEBUG -DSTM32F401xC -DUSE_HAL_DRIVER -DHSE_VALUE=25000000 -DOS_INCLUDE_STARTUP_INIT_MULTIPLE_RAM_SECTIONS -I"../include" -I"../system/include" -I"../system/include/cmsis" -I"../system/include/stm32f4-hal" -std=gnu11 -MMD -MP -MF"system/src/newlib/_startup.d" -MT"system/src/newlib/_startup.d" -c -o "system/src/newlib/_startup.o" "../system/src/newlib/_startup.c"
Finished building: ../system/src/newlib/_startup.c
 
Building file: ../system/src/newlib/_syscalls.c
Invoking: Cross ARM GNU C Compiler
arm-none-eabi-gcc -mcpu=cortex-m4 -mthumb -mfloat-abi=soft -Og -fmessage-length=0 -fsigned-char -ffunction-sections -fdata-sections -ffreestanding -fno-move-loop-invariants -Wall -Wextra  -g3 -DDEBUG -DUSE_FULL_ASSERT -DTRACE -DOS_USE_TRACE_SEMIHOSTING_DEBUG -DSTM32F401xC -DUSE_HAL_DRIVER -DHSE_VALUE=25000000 -I"../include" -I"../system/include" -I"../system/include/cmsis" -I"../system/include/stm32f4-hal" -std=gnu11 -MMD -MP -MF"system/src/newlib/_syscalls.d" -MT"system/src/newlib/_syscalls.o" -c -o "system/src/newlib/_syscalls.o" "../system/src/newlib/_syscalls.c"
Finished building: ../system/src/newlib/_syscalls.c
 
Building file: ../system/src/newlib/assert.c
Invoking: Cross ARM GNU C Compiler
arm-none-eabi-gcc -mcpu=cortex-m4 -mthumb -mfloat-abi=soft -Og -fmessage-length=0 -fsigned-char -ffunction-sections -fdata-sections -ffreestanding -fno-move-loop-invariants -Wall -Wextra  -g3 -DDEBUG -DUSE_FULL_ASSERT -DTRACE -DOS_USE_TRACE_SEMIHOSTING_DEBUG -DSTM32F401xC -DUSE_HAL_DRIVER -DHSE_VALUE=25000000 -I"../include" -I"../system/include" -I"../system/include/cmsis" -I"../system/include/stm32f4-hal" -std=gnu11 -MMD -MP -MF"system/src/newlib/assert.d" -MT"system/src/newlib/assert.o" -c -o "system/src/newlib/assert.o" "../system/src/newlib/assert.c"
Finished building: ../system/src/newlib/assert.c
 
Building file: ../system/src/diag/Trace.c
Invoking: Cross ARM GNU C Compiler
arm-none-eabi-gcc -mcpu=cortex-m4 -mthumb -mfloat-abi=soft -Og -fmessage-length=0 -fsigned-char -ffunction-sections -fdata-sections -ffreestanding -fno-move-loop-invariants -Wall -Wextra  -g3 -DDEBUG -DUSE_FULL_ASSERT -DTRACE -DOS_USE_TRACE_SEMIHOSTING_DEBUG -DSTM32F401xC -DUSE_HAL_DRIVER -DHSE_VALUE=25000000 -I"../include" -I"../system/include" -I"../system/include/cmsis" -I"../system/include/stm32f4-hal" -std=gnu11 -MMD -MP -MF"system/src/diag/Trace.d" -MT"system/src/diag/Trace.o" -c -o "system/src/diag/Trace.o" "../system/src/diag/Trace.c"
Finished building: ../system/src/diag/Trace.c
 
Building file: ../system/src/diag/trace_impl.c
Invoking: Cross ARM GNU C Compiler
arm-none-eabi-gcc -mcpu=cortex-m4 -mthumb -mfloat-abi=soft -Og -fmessage-length=0 -fsigned-char -ffunction-sections -fdata-sections -ffreestanding -fno-move-loop-invariants -Wall -Wextra  -g3 -DDEBUG -DUSE_FULL_ASSERT -DTRACE -DOS_USE_TRACE_SEMIHOSTING_DEBUG -DSTM32F401xC -DUSE_HAL_DRIVER -DHSE_VALUE=25000000 -I"../include" -I"../system/include" -I"../system/include/cmsis" -I"../system/include/stm32f4-hal" -std=gnu11 -MMD -MP -MF"system/src/diag/trace_impl.d" -MT"system/src/diag/trace_impl.o" -c -o "system/src/diag/trace_impl.o" "../system/src/diag/trace_impl.c"
Finished building: ../system/src/diag/trace_impl.c
 
Building file: ../system/src/cortexm/_initialize_hardware.c
Invoking: Cross ARM GNU C Compiler
arm-none-eabi-gcc -mcpu=cortex-m4 -mthumb -mfloat-abi=soft -Og -fmessage-length=0 -fsigned-char -ffunction-sections -fdata-sections -ffreestanding -fno-move-loop-invariants -Wall -Wextra  -g3 -DDEBUG -DUSE_FULL_ASSERT -DTRACE -DOS_USE_TRACE_SEMIHOSTING_DEBUG -DSTM32F401xC -DUSE_HAL_DRIVER -DHSE_VALUE=25000000 -I"../include" -I"../system/include" -I"../system/include/cmsis" -I"../system/include/stm32f4-hal" -std=gnu11 -MMD -MP -MF"system/src/cortexm/_initialize_hardware.d" -MT"system/src/cortexm/_initialize_hardware.o" -c -o "system/src/cortexm/_initialize_hardware.o" "../system/src/cortexm/_initialize_hardware.c"
Finished building: ../system/src/cortexm/_initialize_hardware.c
 
Building file: ../system/src/cortexm/_reset_hardware.c
Invoking: Cross ARM GNU C Compiler
arm-none-eabi-gcc -mcpu=cortex-m4 -mthumb -mfloat-abi=soft -Og -fmessage-length=0 -fsigned-char -ffunction-sections -fdata-sections -ffreestanding -fno-move-loop-invariants -Wall -Wextra  -g3 -DDEBUG -DUSE_FULL_ASSERT -DTRACE -DOS_USE_TRACE_SEMIHOSTING_DEBUG -DSTM32F401xC -DUSE_HAL_DRIVER -DHSE_VALUE=25000000 -I"../include" -I"../system/include" -I"../system/include/cmsis" -I"../system/include/stm32f4-hal" -std=gnu11 -MMD -MP -MF"system/src/cortexm/_reset_hardware.d" -MT"system/src/cortexm/_reset_hardware.o" -c -o "system/src/cortexm/_reset_hardware.o" "../system/src/cortexm/_reset_hardware.c"
Finished building: ../system/src/cortexm/_reset_hardware.c
 
Building file: ../system/src/cortexm/exception_handlers.c
Invoking: Cross ARM GNU C Compiler
arm-none-eabi-gcc -mcpu=cortex-m4 -mthumb -mfloat-abi=soft -Og -fmessage-length=0 -fsigned-char -ffunction-sections -fdata-sections -ffreestanding -fno-move-loop-invariants -Wall -Wextra  -g3 -DDEBUG -DUSE_FULL_ASSERT -DTRACE -DOS_USE_TRACE_SEMIHOSTING_DEBUG -DSTM32F401xC -DUSE_HAL_DRIVER -DHSE_VALUE=25000000 -I"../include" -I"../system/include" -I"../system/include/cmsis" -I"../system/include/stm32f4-hal" -std=gnu11 -MMD -MP -MF"system/src/cortexm/exception_handlers.d" -MT"system/src/cortexm/exception_handlers.o" -c -o "system/src/cortexm/exception_handlers.o" "../system/src/cortexm/exception_handlers.c"
Finished building: ../system/src/cortexm/exception_handlers.c
 
Building file: ../system/src/cmsis/system_stm32f4xx.c
Invoking: Cross ARM GNU C Compiler
arm-none-eabi-gcc -mcpu=cortex-m4 -mthumb -mfloat-abi=soft -Og -fmessage-length=0 -fsigned-char -ffunction-sections -fdata-sections -ffreestanding -fno-move-loop-invariants -Wall -Wextra  -g3 -DDEBUG -DUSE_FULL_ASSERT -DTRACE -DOS_USE_TRACE_SEMIHOSTING_DEBUG -DSTM32F401xC -DUSE_HAL_DRIVER -DHSE_VALUE=25000000 -I"../include" -I"../system/include" -I"../system/include/cmsis" -I"../system/include/stm32f4-hal" -std=gnu11 -MMD -MP -MF"system/src/cmsis/system_stm32f4xx.d" -MT"system/src/cmsis/system_stm32f4xx.o" -c -o "system/src/cmsis/system_stm32f4xx.o" "../system/src/cmsis/system_stm32f4xx.c"
Finished building: ../system/src/cmsis/system_stm32f4xx.c
 
Building file: ../system/src/cmsis/vectors_stm32f401xc.c
Invoking: Cross ARM GNU C Compiler
arm-none-eabi-gcc -mcpu=cortex-m4 -mthumb -mfloat-abi=soft -Og -fmessage-length=0 -fsigned-char -ffunction-sections -fdata-sections -ffreestanding -fno-move-loop-invariants -Wall -Wextra  -g3 -DDEBUG -DUSE_FULL_ASSERT -DTRACE -DOS_USE_TRACE_SEMIHOSTING_DEBUG -DSTM32F401xC -DUSE_HAL_DRIVER -DHSE_VALUE=25000000 -I"../include" -I"../system/include" -I"../system/include/cmsis" -I"../system/include/stm32f4-hal" -std=gnu11 -MMD -MP -MF"system/src/cmsis/vectors_stm32f401xc.d" -MT"system/src/cmsis/vectors_stm32f401xc.o" -c -o "system/src/cmsis/vectors_stm32f401xc.o" "../system/src/cmsis/vectors_stm32f401xc.c"
Finished building: ../system/src/cmsis/vectors_stm32f401xc.c
 
Building file: ../src/Schedular_Program.c
Invoking: Cross ARM GNU C Compiler
arm-none-eabi-gcc -mcpu=cortex-m4 -mthumb -mfloat-abi=soft -Og -fmessage-length=0 -fsigned-char -ffunction-sections -fdata-sections -ffreestanding -fno-move-loop-invariants -Wall -Wextra  -g3 -DDEBUG -DUSE_FULL_ASSERT -DTRACE -DOS_USE_TRACE_SEMIHOSTING_DEBUG -DSTM32F401xC -DUSE_HAL_DRIVER -DHSE_VALUE=25000000 -I"../include" -I"../system/include" -I"../system/include/cmsis" -I"../system/include/stm32f4-hal" -std=gnu11 -MMD -MP -MF"src/Schedular_Program.d" -MT"src/Schedular_Program.o" -c -o "src/Schedular_Program.o" "../src/Schedular_Program.c"
Finished building: ../src/Schedular_Program.c
 
Building file: ../src/_initialize_hardware.c
Invoking: Cross ARM GNU C Compiler
arm-none-eabi-gcc -mcpu=cortex-m4 -mthumb -mfloat-abi=soft -Og -fmessage-length=0 -fsigned-char -ffunction-sections -fdata-sections -ffreestanding -fno-move-loop-invariants -Wall -Wextra  -g3 -DDEBUG -DUSE_FULL_ASSERT -DTRACE -DOS_USE_TRACE_SEMIHOSTING_DEBUG -DSTM32F401xC -DUSE_HAL_DRIVER -DHSE_VALUE=25000000 -I"../include" -I"../system/include" -I"../system/include/cmsis" -I"../system/include/stm32f4-hal" -std=gnu11 -MMD -MP -MF"src/_initialize_hardware.d" -MT"src/_initialize_hardware.o" -c -o "src/_initialize_hardware.o" "../src/_initialize_hardware.c"
../src/_initialize_hardware.c: In function 'SystemClock_Config':
../src/_initialize_hardware.c:126:2: warning: #warning "Please check if the SystemClock_Config() settings match your board!" [-Wcpp]
 #warning "Please check if the SystemClock_Config() settings match your board!"
  ^~~~~~~
Finished building: ../src/_initialize_hardware.c
 
Building file: ../src/_write.c
Invoking: Cross ARM GNU C Compiler
arm-none-eabi-gcc -mcpu=cortex-m4 -mthumb -mfloat-abi=soft -Og -fmessage-length=0 -fsigned-char -ffunction-sections -fdata-sections -ffreestanding -fno-move-loop-invariants -Wall -Wextra  -g3 -DDEBUG -DUSE_FULL_ASSERT -DTRACE -DOS_USE_TRACE_SEMIHOSTING_DEBUG -DSTM32F401xC -DUSE_HAL_DRIVER -DHSE_VALUE=25000000 -I"../include" -I"../system/include" -I"../system/include/cmsis" -I"../system/include/stm32f4-hal" -std=gnu11 -MMD -MP -MF"src/_write.d" -MT"src/_write.o" -c -o "src/_write.o" "../src/_write.c"
Finished building: ../src/_write.c
 
Building file: ../src/main.c
Invoking: Cross ARM GNU C Compiler
arm-none-eabi-gcc -mcpu=cortex-m4 -mthumb -mfloat-abi=soft -Og -fmessage-length=0 -fsigned-char -ffunction-sections -fdata-sections -ffreestanding -fno-move-loop-invariants -Wall -Wextra  -g3 -DDEBUG -DUSE_FULL_ASSERT -DTRACE -DOS_USE_TRACE_SEMIHOSTING_DEBUG -DSTM32F401xC -DUSE_HAL_DRIVER -DHSE_VALUE=25000000 -I"../include" -I"../system/include" -I"../system/include/cmsis" -I"../system/include/stm32f4-hal" -std=gnu11 -MMD -MP -MF"src/main.d" -MT"src/main.o" -c -o "src/main.o" "../src/main.c"
Finished building: ../src/main.c
 
Building file: ../src/stm32f4xx_hal_msp.c
Invoking: Cross ARM GNU C Compiler
arm-none-eabi-gcc -mcpu=cortex-m4 -mthumb -mfloat-abi=soft -Og -fmessage-length=0 -fsigned-char -ffunction-sections -fdata-sections -ffreestanding -fno-move-loop-invariants -Wall -Wextra  -g3 -DDEBUG -DUSE_FULL_ASSERT -DTRACE -DOS_USE_TRACE_SEMIHOSTING_DEBUG -DSTM32F401xC -DUSE_HAL_DRIVER -DHSE_VALUE=25000000 -I"../include" -I"../system/include" -I"../system/include/cmsis" -I"../system/include/stm32f4-hal" -std=gnu11 -Wno-missing-prototypes -Wno-missing-declarations -MMD -MP -MF"src/stm32f4xx_hal_msp.d" -MT"src/stm32f4xx_hal_msp.d" -c -o "src/stm32f4xx_hal_msp.o" "../src/stm32f4xx_hal_msp.c"
Finished building: ../src/stm32f4xx_hal_msp.c
 
Building target: COTS_Schedular.elf
Invoking: Cross ARM GNU C++ Linker
arm-none-eabi-g++ -mcpu=cortex-m4 -mthumb -mfloat-abi=soft -Og -fmessage-length=0 -fsigned-char -ffunction-sections -fdata-sections -ffreestanding -fno-move-loop-invariants -Wall -Wextra  -g3 -T mem.ld -T libs.ld -T sections.ld -nostartfiles -Xlinker --gc-sections -L"../ldscripts" -Wl,-Map,"COTS_Schedular.map" --specs=nano.specs -o "COTS_Schedular.elf"  ./system/src/stm32f4-hal/stm32f4xx_hal.o ./system/src/stm32f4-hal/stm32f4xx_hal_cortex.o ./system/src/stm32f4-hal/stm32f4xx_hal_dfsdm.o ./system/src/stm32f4-hal/stm32f4xx_hal_flash.o ./system/src/stm32f4-hal/stm32f4xx_hal_gpio.o ./system/src/stm32f4-hal/stm32f4xx_hal_iwdg.o ./system/src/stm32f4-hal/stm32f4xx_hal_pwr.o ./system/src/stm32f4-hal/stm32f4xx_hal_rcc.o  ./system/src/newlib/_cxx.o ./system/src/newlib/_exit.o ./system/src/newlib/_sbrk.o ./system/src/newlib/_startup.o ./system/src/newlib/_syscalls.o ./system/src/newlib/assert.o  ./system/src/diag/Trace.o ./system/src/diag/trace_impl.o  ./system/src/cortexm/_initialize_hardware.o ./system/src/cortexm/_reset_hardware.o ./system/src/cortexm/exception_handlers.o  ./system/src/cmsis/system_stm32f4xx.o ./system/src/cmsis/vectors_stm32f401xc.o  ./src/Schedular_Program.o ./src/_initialize_hardware.o ./src/_write.o ./src/main.o ./src/stm32f4xx_hal_msp.o   
Finished building target: COTS_Schedular.elf
 
Invoking: Cross ARM GNU Create Flash Image
arm-none-eabi-objcopy -O ihex "COTS_Schedular.elf"  "COTS_Schedular.hex"
Finished building: COTS_Schedular.hex
 
Invoking: Cross ARM GNU Print Size
arm-none-eabi-size --format=berkeley "COTS_Schedular.elf"
   text	   data	    bss	    dec	    hex	filename
   7147	    160	    416	   7723	   1e2b	COTS_Schedular.elf
Finished building: COTS_Schedular.siz
 
10:00:01 **** Incremental Build of configuration Debug for project COTS_RTOS ****
make all 
Building file: ../src/GPIO_Program.c
Invoking: Cross ARM GNU C Compiler
arm-none-eabi-gcc -mcpu=cortex-m4 -mthumb -mfloat-abi=soft -Og -fmessage-length=0 -fsigned-char -ffunction-sections -fdata-sections -ffreestanding -fno-move-loop-invariants -Wall -Wextra  -g3 -DDEBUG -DUSE_FULL_ASSERT -DTRACE -DOS_USE_TRACE_SEMIHOSTING_DEBUG -DSTM32F401xC -DUSE_HAL_DRIVER -DHSE_VALUE=25000000 -I"../include" -I"../system/include" -I"../system/include/cmsis" -I"../system/include/stm32f4-hal" -std=gnu11 -MMD -MP -MF"src/GPIO_Program.d" -MT"src/GPIO_Program.o" -c -o "src/GPIO_Program.o" "../src/GPIO_Program.c"
Finished building: ../src/GPIO_Program.c
 
Building file: ../src/RCC_Program.c
Invoking: Cross ARM GNU C Compiler
arm-none-eabi-gcc -mcpu=cortex-m4 -mthumb -mfloat-abi=soft -Og -fmessage-length=0 -fsigned-char -ffunction-sections -fdata-sections -ffreestanding -fno-move-loop-invariants -Wall -Wextra  -g3 -DDEBUG -DUSE_FULL_ASSERT -DTRACE -DOS_USE_TRACE_SEMIHOSTING_DEBUG -DSTM32F401xC -DUSE_HAL_DRIVER -DHSE_VALUE=25000000 -I"../include" -I"../system/include" -I"../system/include/cmsis" -I"../system/include/stm32f4-hal" -std=gnu11 -MMD -MP -MF"src/RCC_Program.d" -MT"src/RCC_Program.o" -c -o "src/RCC_Program.o" "../src/RCC_Program.c"
Finished building: ../src/RCC_Program.c
 
Building file: ../src/RTOS_Program.c
Invoking: Cross ARM GNU C Compiler
arm-none-eabi-gcc -mcpu=cortex-m4 -mthumb -mfloat-abi=soft -Og -fmessage-length=0 -fsigned-char -ffunction-sections -fdata-sections -ffreestanding -fno-move-loop-invariants -Wall -Wextra  -g3 -DDEBUG -DUSE_FULL_ASSERT -DTRACE -DOS_USE_TRACE_SEMIHOSTING_DEBUG -DSTM32F401xC -DUSE_HAL_DRIVER -DHSE_VALUE=25000000 -I"../include" -I"../system/include" -I"../system/include/cmsis" -I"../system/include/stm32f4-hal" -std=gnu11 -MMD -MP -MF"src/RTOS_Program.d" -MT"src/RTOS_Program.o" -c -o "src/RTOS_Program.o" "../src/RTOS_Program.c"
In file included from ../src/RTOS_Program.c:12:0:
../include/RTOS_Private.h:18:1: error: unknown type name 'TCB_t'; did you mean 'TCB'?
 TCB_t Task_Arr[No_Of_Tasks] = {NULL};
 ^~~~~
 TCB
../include/RTOS_Private.h:18:16: error: 'No_Of_Tasks' undeclared here (not in a function)
 TCB_t Task_Arr[No_Of_Tasks] = {NULL};
                ^~~~~~~~~~~
../include/RTOS_Private.h:18:32: error: 'NULL' undeclared here (not in a function)
 TCB_t Task_Arr[No_Of_Tasks] = {NULL};
                                ^~~~
../src/RTOS_Program.c: In function 'RTOS_Scheduler':
../src/RTOS_Program.c:19:36: error: 'No' undeclared (first use in this function)
  for(Local_u8Count=0;Local_u8Count<No)
                                    ^~
../src/RTOS_Program.c:19:36: note: each undeclared identifier is reported only once for each function it appears in
../src/RTOS_Program.c:19:38: error: expected ';' before ')' token
  for(Local_u8Count=0;Local_u8Count<No)
                                      ^
../src/RTOS_Program.c:20:1: error: expected expression before '}' token
 }
 ^
At top level:
../src/RTOS_Program.c:16:13: warning: 'RTOS_Scheduler' defined but not used [-Wunused-function]
 static void RTOS_Scheduler(void)
             ^~~~~~~~~~~~~~
make: *** [src/subdir.mk:41: src/RTOS_Program.o] Error 1
10:00:03 **** Incremental Build of configuration Debug for project COTS_STK ****
make all 
Invoking: Cross ARM GNU Print Size
arm-none-eabi-size --format=berkeley "COTS_STK.elf"
   text	   data	    bss	    dec	    hex	filename
   9227	    160	    416	   9803	   264b	COTS_STK.elf
Finished building: COTS_STK.siz
 
10:01:26 **** Incremental Build of configuration Debug for project COTS_RTOS ****
make all 
Building file: ../src/RTOS_Program.c
Invoking: Cross ARM GNU C Compiler
arm-none-eabi-gcc -mcpu=cortex-m4 -mthumb -mfloat-abi=soft -Og -fmessage-length=0 -fsigned-char -ffunction-sections -fdata-sections -ffreestanding -fno-move-loop-invariants -Wall -Wextra  -g3 -DDEBUG -DUSE_FULL_ASSERT -DTRACE -DOS_USE_TRACE_SEMIHOSTING_DEBUG -DSTM32F401xC -DUSE_HAL_DRIVER -DHSE_VALUE=25000000 -I"../include" -I"../system/include" -I"../system/include/cmsis" -I"../system/include/stm32f4-hal" -std=gnu11 -MMD -MP -MF"src/RTOS_Program.d" -MT"src/RTOS_Program.o" -c -o "src/RTOS_Program.o" "../src/RTOS_Program.c"
In file included from ../src/RTOS_Program.c:12:0:
../include/RTOS_Private.h:18:1: error: unknown type name 'TCB_t'; did you mean 'TCB'?
 TCB_t Task_Arr[No_Of_Tasks] = {NULL};
 ^~~~~
 TCB
../include/RTOS_Private.h:18:16: error: 'No_Of_Tasks' undeclared here (not in a function)
 TCB_t Task_Arr[No_Of_Tasks] = {NULL};
                ^~~~~~~~~~~
../include/RTOS_Private.h:18:32: error: 'NULL' undeclared here (not in a function)
 TCB_t Task_Arr[No_Of_Tasks] = {NULL};
                                ^~~~
../src/RTOS_Program.c: In function 'RTOS_Scheduler':
../src/RTOS_Program.c:19:36: error: 'No' undeclared (first use in this function)
  for(Local_u8Count=0;Local_u8Count<No)
                                    ^~
../src/RTOS_Program.c:19:36: note: each undeclared identifier is reported only once for each function it appears in
../src/RTOS_Program.c:19:38: error: expected ';' before ')' token
  for(Local_u8Count=0;Local_u8Count<No)
                                      ^
../src/RTOS_Program.c:20:1: error: expected expression before '}' token
 }
 ^
At top level:
../src/RTOS_Program.c:16:13: warning: 'RTOS_Scheduler' defined but not used [-Wunused-function]
 static void RTOS_Scheduler(void)
             ^~~~~~~~~~~~~~
make: *** [src/subdir.mk:41: src/RTOS_Program.o] Error 1
10:01:27 **** Incremental Build of configuration Debug for project COTS_STK ****
make all 
Invoking: Cross ARM GNU Print Size
arm-none-eabi-size --format=berkeley "COTS_STK.elf"
   text	   data	    bss	    dec	    hex	filename
   9227	    160	    416	   9803	   264b	COTS_STK.elf
Finished building: COTS_STK.siz
 
10:14:10 **** Incremental Build of configuration Debug for project COTS_RTOS ****
make all 
Building file: ../src/RTOS_Program.c
Invoking: Cross ARM GNU C Compiler
arm-none-eabi-gcc -mcpu=cortex-m4 -mthumb -mfloat-abi=soft -Og -fmessage-length=0 -fsigned-char -ffunction-sections -fdata-sections -ffreestanding -fno-move-loop-invariants -Wall -Wextra  -g3 -DDEBUG -DUSE_FULL_ASSERT -DTRACE -DOS_USE_TRACE_SEMIHOSTING_DEBUG -DSTM32F401xC -DUSE_HAL_DRIVER -DHSE_VALUE=25000000 -I"../include" -I"../system/include" -I"../system/include/cmsis" -I"../system/include/stm32f4-hal" -std=gnu11 -MMD -MP -MF"src/RTOS_Program.d" -MT"src/RTOS_Program.o" -c -o "src/RTOS_Program.o" "../src/RTOS_Program.c"
In file included from ../src/RTOS_Program.c:12:0:
../include/RTOS_Private.h:18:1: error: unknown type name 'TCB_t'; did you mean 'TCB'?
 TCB_t Task_Arr[No_Of_Tasks] = {NULL};
 ^~~~~
 TCB
../include/RTOS_Private.h:18:16: error: 'No_Of_Tasks' undeclared here (not in a function)
 TCB_t Task_Arr[No_Of_Tasks] = {NULL};
                ^~~~~~~~~~~
../include/RTOS_Private.h:18:32: error: 'NULL' undeclared here (not in a function)
 TCB_t Task_Arr[No_Of_Tasks] = {NULL};
                                ^~~~
../src/RTOS_Program.c: In function 'RTOS_Scheduler':
../src/RTOS_Program.c:19:36: error: 'No' undeclared (first use in this function)
  for(Local_u8Count=0;Local_u8Count<No)
                                    ^~
../src/RTOS_Program.c:19:36: note: each undeclared identifier is reported only once for each function it appears in
../src/RTOS_Program.c:19:38: error: expected ';' before ')' token
  for(Local_u8Count=0;Local_u8Count<No)
                                      ^
../src/RTOS_Program.c:20:1: error: expected expression before '}' token
 }
 ^
At top level:
../src/RTOS_Program.c:16:13: warning: 'RTOS_Scheduler' defined but not used [-Wunused-function]
 static void RTOS_Scheduler(void)
             ^~~~~~~~~~~~~~
make: *** [src/subdir.mk:41: src/RTOS_Program.o] Error 1
10:14:10 **** Incremental Build of configuration Debug for project COTS_STK ****
make all 
Invoking: Cross ARM GNU Print Size
arm-none-eabi-size --format=berkeley "COTS_STK.elf"
   text	   data	    bss	    dec	    hex	filename
   9227	    160	    416	   9803	   264b	COTS_STK.elf
Finished building: COTS_STK.siz
 
10:19:45 **** Incremental Build of configuration Debug for project COTS_RTOS ****
make all 
Building file: ../src/RTOS_Program.c
Invoking: Cross ARM GNU C Compiler
arm-none-eabi-gcc -mcpu=cortex-m4 -mthumb -mfloat-abi=soft -Og -fmessage-length=0 -fsigned-char -ffunction-sections -fdata-sections -ffreestanding -fno-move-loop-invariants -Wall -Wextra  -g3 -DDEBUG -DUSE_FULL_ASSERT -DTRACE -DOS_USE_TRACE_SEMIHOSTING_DEBUG -DSTM32F401xC -DUSE_HAL_DRIVER -DHSE_VALUE=25000000 -I"../include" -I"../system/include" -I"../system/include/cmsis" -I"../system/include/stm32f4-hal" -std=gnu11 -MMD -MP -MF"src/RTOS_Program.d" -MT"src/RTOS_Program.o" -c -o "src/RTOS_Program.o" "../src/RTOS_Program.c"
In file included from ../src/RTOS_Program.c:12:0:
../include/RTOS_Private.h:18:1: error: unknown type name 'TCB_t'; did you mean 'TCB'?
 TCB_t Task_Arr[No_Of_Tasks] = {NULL};
 ^~~~~
 TCB
../include/RTOS_Private.h:18:16: error: 'No_Of_Tasks' undeclared here (not in a function)
 TCB_t Task_Arr[No_Of_Tasks] = {NULL};
                ^~~~~~~~~~~
../include/RTOS_Private.h:18:32: error: 'NULL' undeclared here (not in a function)
 TCB_t Task_Arr[No_Of_Tasks] = {NULL};
                                ^~~~
../src/RTOS_Program.c: In function 'RTOS_Scheduler':
../src/RTOS_Program.c:19:36: error: 'No' undeclared (first use in this function)
  for(Local_u8Count=0;Local_u8Count<No)
                                    ^~
../src/RTOS_Program.c:19:36: note: each undeclared identifier is reported only once for each function it appears in
../src/RTOS_Program.c:19:38: error: expected ';' before ')' token
  for(Local_u8Count=0;Local_u8Count<No)
                                      ^
../src/RTOS_Program.c:20:1: error: expected expression before '}' token
 }
 ^
At top level:
../src/RTOS_Program.c:16:13: warning: 'RTOS_Scheduler' defined but not used [-Wunused-function]
 static void RTOS_Scheduler(void)
             ^~~~~~~~~~~~~~
make: *** [src/subdir.mk:41: src/RTOS_Program.o] Error 1
10:19:46 **** Incremental Build of configuration Debug for project COTS_STK ****
make all 
Invoking: Cross ARM GNU Print Size
arm-none-eabi-size --format=berkeley "COTS_STK.elf"
   text	   data	    bss	    dec	    hex	filename
   9227	    160	    416	   9803	   264b	COTS_STK.elf
Finished building: COTS_STK.siz
 
10:22:15 **** Incremental Build of configuration Debug for project COTS_RTOS ****
make all 
Building file: ../src/RTOS_Program.c
Invoking: Cross ARM GNU C Compiler
arm-none-eabi-gcc -mcpu=cortex-m4 -mthumb -mfloat-abi=soft -Og -fmessage-length=0 -fsigned-char -ffunction-sections -fdata-sections -ffreestanding -fno-move-loop-invariants -Wall -Wextra  -g3 -DDEBUG -DUSE_FULL_ASSERT -DTRACE -DOS_USE_TRACE_SEMIHOSTING_DEBUG -DSTM32F401xC -DUSE_HAL_DRIVER -DHSE_VALUE=25000000 -I"../include" -I"../system/include" -I"../system/include/cmsis" -I"../system/include/stm32f4-hal" -std=gnu11 -MMD -MP -MF"src/RTOS_Program.d" -MT"src/RTOS_Program.o" -c -o "src/RTOS_Program.o" "../src/RTOS_Program.c"
In file included from ../src/RTOS_Program.c:12:0:
../include/RTOS_Private.h:18:1: error: unknown type name 'TCB_t'; did you mean 'TCB'?
 TCB_t Task_Arr[No_Of_Tasks] = {NULL};
 ^~~~~
 TCB
../include/RTOS_Private.h:18:16: error: 'No_Of_Tasks' undeclared here (not in a function)
 TCB_t Task_Arr[No_Of_Tasks] = {NULL};
                ^~~~~~~~~~~
../include/RTOS_Private.h:18:32: error: 'NULL' undeclared here (not in a function)
 TCB_t Task_Arr[No_Of_Tasks] = {NULL};
                                ^~~~
../src/RTOS_Program.c:16:13: warning: 'RTOS_Scheduler' defined but not used [-Wunused-function]
 static void RTOS_Scheduler(void)
             ^~~~~~~~~~~~~~
make: *** [src/subdir.mk:41: src/RTOS_Program.o] Error 1
10:22:15 **** Incremental Build of configuration Debug for project COTS_STK ****
make all 
Invoking: Cross ARM GNU Print Size
arm-none-eabi-size --format=berkeley "COTS_STK.elf"
   text	   data	    bss	    dec	    hex	filename
   9227	    160	    416	   9803	   264b	COTS_STK.elf
Finished building: COTS_STK.siz
 
10:25:43 **** Incremental Build of configuration Debug for project COTS_RTOS ****
make all 
Building file: ../src/RTOS_Program.c
Invoking: Cross ARM GNU C Compiler
arm-none-eabi-gcc -mcpu=cortex-m4 -mthumb -mfloat-abi=soft -Og -fmessage-length=0 -fsigned-char -ffunction-sections -fdata-sections -ffreestanding -fno-move-loop-invariants -Wall -Wextra  -g3 -DDEBUG -DUSE_FULL_ASSERT -DTRACE -DOS_USE_TRACE_SEMIHOSTING_DEBUG -DSTM32F401xC -DUSE_HAL_DRIVER -DHSE_VALUE=25000000 -I"../include" -I"../system/include" -I"../system/include/cmsis" -I"../system/include/stm32f4-hal" -std=gnu11 -MMD -MP -MF"src/RTOS_Program.d" -MT"src/RTOS_Program.o" -c -o "src/RTOS_Program.o" "../src/RTOS_Program.c"
In file included from ../src/RTOS_Program.c:12:0:
../include/RTOS_Private.h:18:1: error: unknown type name 'TCB_t'; did you mean 'TCB'?
 TCB_t Task_Arr[No_Of_Tasks] = {NULL};
 ^~~~~
 TCB
../include/RTOS_Private.h:18:16: error: 'No_Of_Tasks' undeclared here (not in a function)
 TCB_t Task_Arr[No_Of_Tasks] = {NULL};
                ^~~~~~~~~~~
../include/RTOS_Private.h:18:32: error: 'NULL' undeclared here (not in a function)
 TCB_t Task_Arr[No_Of_Tasks] = {NULL};
                                ^~~~
../include/RTOS_Private.h:20:13: warning: 'RTOS_Sceduler' declared 'static' but never defined [-Wunused-function]
 static void RTOS_Sceduler(void);
             ^~~~~~~~~~~~~
../src/RTOS_Program.c:16:13: warning: 'RTOS_Scheduler' defined but not used [-Wunused-function]
 static void RTOS_Scheduler(void)
             ^~~~~~~~~~~~~~
make: *** [src/subdir.mk:41: src/RTOS_Program.o] Error 1
10:25:43 **** Incremental Build of configuration Debug for project COTS_STK ****
make all 
Invoking: Cross ARM GNU Print Size
arm-none-eabi-size --format=berkeley "COTS_STK.elf"
   text	   data	    bss	    dec	    hex	filename
   9227	    160	    416	   9803	   264b	COTS_STK.elf
Finished building: COTS_STK.siz
 
09:39:42 **** Build of configuration Debug for project COTS_RTOS ****
make all 
Building file: ../src/RTOS_Program.c
Invoking: Cross ARM GNU C Compiler
arm-none-eabi-gcc -mcpu=cortex-m4 -mthumb -mfloat-abi=soft -Og -fmessage-length=0 -fsigned-char -ffunction-sections -fdata-sections -ffreestanding -fno-move-loop-invariants -Wall -Wextra  -g3 -DDEBUG -DUSE_FULL_ASSERT -DTRACE -DOS_USE_TRACE_SEMIHOSTING_DEBUG -DSTM32F401xC -DUSE_HAL_DRIVER -DHSE_VALUE=25000000 -I"../include" -I"../system/include" -I"../system/include/cmsis" -I"../system/include/stm32f4-hal" -std=gnu11 -MMD -MP -MF"src/RTOS_Program.d" -MT"src/RTOS_Program.o" -c -o "src/RTOS_Program.o" "../src/RTOS_Program.c"
In file included from ../src/RTOS_Program.c:12:0:
../include/RTOS_Private.h:18:1: error: unknown type name 'TCB_t'; did you mean 'TCB'?
 TCB_t Task_Arr[No_Of_Tasks] = {NULL};
 ^~~~~
 TCB
../include/RTOS_Private.h:18:16: error: 'No_Of_Tasks' undeclared here (not in a function)
 TCB_t Task_Arr[No_Of_Tasks] = {NULL};
                ^~~~~~~~~~~
../include/RTOS_Private.h:18:32: error: 'NULL' undeclared here (not in a function)
 TCB_t Task_Arr[No_Of_Tasks] = {NULL};
                                ^~~~
../include/RTOS_Private.h:20:13: warning: 'RTOS_Sceduler' declared 'static' but never defined [-Wunused-function]
 static void RTOS_Sceduler(void);
             ^~~~~~~~~~~~~
../src/RTOS_Program.c:16:13: warning: 'RTOS_Scheduler' defined but not used [-Wunused-function]
 static void RTOS_Scheduler(void)
             ^~~~~~~~~~~~~~
make: *** [src/subdir.mk:68: src/RTOS_Program.o] Error 1
09:40:06 **** Incremental Build of configuration Debug for project COTS_RTOS ****
make all 
Building file: ../src/RTOS_Program.c
Invoking: Cross ARM GNU C Compiler
arm-none-eabi-gcc -mcpu=cortex-m4 -mthumb -mfloat-abi=soft -Og -fmessage-length=0 -fsigned-char -ffunction-sections -fdata-sections -ffreestanding -fno-move-loop-invariants -Wall -Wextra  -g3 -DDEBUG -DUSE_FULL_ASSERT -DTRACE -DOS_USE_TRACE_SEMIHOSTING_DEBUG -DSTM32F401xC -DUSE_HAL_DRIVER -DHSE_VALUE=25000000 -I"../include" -I"../system/include" -I"../system/include/cmsis" -I"../system/include/stm32f4-hal" -std=gnu11 -MMD -MP -MF"src/RTOS_Program.d" -MT"src/RTOS_Program.o" -c -o "src/RTOS_Program.o" "../src/RTOS_Program.c"
../src/RTOS_Program.c: In function 'RTOS_Scheduler':
../src/RTOS_Program.c:21:7: error: 'Task_Arr' undeclared (first use in this function)
   if((Task_Arr[Local_u8Count].First_Delay==0)&&(Task_Arr[Local_u8Count].Pf))
       ^~~~~~~~
../src/RTOS_Program.c:21:7: note: each undeclared identifier is reported only once for each function it appears in
At top level:
../src/RTOS_Program.c:16:13: warning: 'RTOS_Scheduler' defined but not used [-Wunused-function]
 static void RTOS_Scheduler(void)
             ^~~~~~~~~~~~~~
make: *** [src/subdir.mk:68: src/RTOS_Program.o] Error 1
09:40:23 **** Incremental Build of configuration Debug for project COTS_RTOS ****
make all 
Building file: ../src/RTOS_Program.c
Invoking: Cross ARM GNU C Compiler
arm-none-eabi-gcc -mcpu=cortex-m4 -mthumb -mfloat-abi=soft -Og -fmessage-length=0 -fsigned-char -ffunction-sections -fdata-sections -ffreestanding -fno-move-loop-invariants -Wall -Wextra  -g3 -DDEBUG -DUSE_FULL_ASSERT -DTRACE -DOS_USE_TRACE_SEMIHOSTING_DEBUG -DSTM32F401xC -DUSE_HAL_DRIVER -DHSE_VALUE=25000000 -I"../include" -I"../system/include" -I"../system/include/cmsis" -I"../system/include/stm32f4-hal" -std=gnu11 -MMD -MP -MF"src/RTOS_Program.d" -MT"src/RTOS_Program.o" -c -o "src/RTOS_Program.o" "../src/RTOS_Program.c"
Finished building: ../src/RTOS_Program.c
 
Building file: ../src/STK_Program.c
Invoking: Cross ARM GNU C Compiler
arm-none-eabi-gcc -mcpu=cortex-m4 -mthumb -mfloat-abi=soft -Og -fmessage-length=0 -fsigned-char -ffunction-sections -fdata-sections -ffreestanding -fno-move-loop-invariants -Wall -Wextra  -g3 -DDEBUG -DUSE_FULL_ASSERT -DTRACE -DOS_USE_TRACE_SEMIHOSTING_DEBUG -DSTM32F401xC -DUSE_HAL_DRIVER -DHSE_VALUE=25000000 -I"../include" -I"../system/include" -I"../system/include/cmsis" -I"../system/include/stm32f4-hal" -std=gnu11 -MMD -MP -MF"src/STK_Program.d" -MT"src/STK_Program.o" -c -o "src/STK_Program.o" "../src/STK_Program.c"
../src/STK_Program.c:142:6: error: redefinition of 'STK_voidCtrlIntState'
 void STK_voidCtrlIntState(u8 Copy_u8IntStatuse)
      ^~~~~~~~~~~~~~~~~~~~
../src/STK_Program.c:126:6: note: previous definition of 'STK_voidCtrlIntState' was here
 void STK_voidCtrlIntState(u8 Copy_u8IntStatus)
      ^~~~~~~~~~~~~~~~~~~~
../src/STK_Program.c: In function 'STK_voidCallBack':
../src/STK_Program.c:150:19: error: lvalue required as left operand of assignment
  STK_voidCallBack = Fptr;
                   ^
../src/STK_Program.c: In function 'SysTick_Handeler':
../src/STK_Program.c:156:2: error: too few arguments to function 'STK_voidCallBack'
  STK_voidCallBack();
  ^~~~~~~~~~~~~~~~
../src/STK_Program.c:148:6: note: declared here
 void STK_voidCallBack(void (*Fptr)(void))
      ^~~~~~~~~~~~~~~~
../src/STK_Program.c:155:14: warning: variable 'Local_u8Temp' set but not used [-Wunused-but-set-variable]
  volatile u8 Local_u8Temp = 0;
              ^~~~~~~~~~~~
make: *** [src/subdir.mk:68: src/STK_Program.o] Error 1
09:46:53 **** Incremental Build of configuration Debug for project COTS_RTOS ****
make all 
Building file: ../src/STK_Program.c
Invoking: Cross ARM GNU C Compiler
arm-none-eabi-gcc -mcpu=cortex-m4 -mthumb -mfloat-abi=softfp -mfpu=fpv4-sp-d16 -Og -fmessage-length=0 -fsigned-char -ffunction-sections -fdata-sections -ffreestanding -fno-move-loop-invariants -Wall -Wextra  -g3 -DDEBUG -DUSE_FULL_ASSERT -DTRACE -DOS_USE_TRACE_SEMIHOSTING_DEBUG -DSTM32F401xC -DUSE_HAL_DRIVER -DHSE_VALUE=25000000 -I"../include" -I"../system/include" -I"../system/include/cmsis" -I"../system/include/stm32f4-hal" -std=gnu11 -MMD -MP -MF"src/STK_Program.d" -MT"src/STK_Program.o" -c -o "src/STK_Program.o" "../src/STK_Program.c"
../src/STK_Program.c:142:6: error: redefinition of 'STK_voidCtrlIntState'
 void STK_voidCtrlIntState(u8 Copy_u8IntStatuse)
      ^~~~~~~~~~~~~~~~~~~~
../src/STK_Program.c:126:6: note: previous definition of 'STK_voidCtrlIntState' was here
 void STK_voidCtrlIntState(u8 Copy_u8IntStatus)
      ^~~~~~~~~~~~~~~~~~~~
../src/STK_Program.c: In function 'STK_voidCallBack':
../src/STK_Program.c:150:19: error: lvalue required as left operand of assignment
  STK_voidCallBack = Fptr;
                   ^
../src/STK_Program.c: In function 'SysTick_Handeler':
../src/STK_Program.c:156:2: error: too few arguments to function 'STK_voidCallBack'
  STK_voidCallBack();
  ^~~~~~~~~~~~~~~~
../src/STK_Program.c:148:6: note: declared here
 void STK_voidCallBack(void (*Fptr)(void))
      ^~~~~~~~~~~~~~~~
../src/STK_Program.c:155:14: warning: variable 'Local_u8Temp' set but not used [-Wunused-but-set-variable]
  volatile u8 Local_u8Temp = 0;
              ^~~~~~~~~~~~
make: *** [src/subdir.mk:68: src/STK_Program.o] Error 1
09:47:08 **** Incremental Build of configuration Debug for project COTS_RTOS ****
make all 
Building file: ../src/STK_Program.c
Invoking: Cross ARM GNU C Compiler
arm-none-eabi-gcc -mcpu=cortex-m4 -mthumb -mfloat-abi=softfp -mfpu=fpv4-sp-d16 -Og -fmessage-length=0 -fsigned-char -ffunction-sections -fdata-sections -ffreestanding -fno-move-loop-invariants -Wall -Wextra  -g3 -DDEBUG -DUSE_FULL_ASSERT -DTRACE -DOS_USE_TRACE_SEMIHOSTING_DEBUG -DSTM32F401xC -DUSE_HAL_DRIVER -DHSE_VALUE=25000000 -I"../include" -I"../system/include" -I"../system/include/cmsis" -I"../system/include/stm32f4-hal" -std=gnu11 -MMD -MP -MF"src/STK_Program.d" -MT"src/STK_Program.o" -c -o "src/STK_Program.o" "../src/STK_Program.c"
Finished building: ../src/STK_Program.c
 
Building file: ../src/_initialize_hardware.c
Invoking: Cross ARM GNU C Compiler
arm-none-eabi-gcc -mcpu=cortex-m4 -mthumb -mfloat-abi=softfp -mfpu=fpv4-sp-d16 -Og -fmessage-length=0 -fsigned-char -ffunction-sections -fdata-sections -ffreestanding -fno-move-loop-invariants -Wall -Wextra  -g3 -DDEBUG -DUSE_FULL_ASSERT -DTRACE -DOS_USE_TRACE_SEMIHOSTING_DEBUG -DSTM32F401xC -DUSE_HAL_DRIVER -DHSE_VALUE=25000000 -I"../include" -I"../system/include" -I"../system/include/cmsis" -I"../system/include/stm32f4-hal" -std=gnu11 -MMD -MP -MF"src/_initialize_hardware.d" -MT"src/_initialize_hardware.o" -c -o "src/_initialize_hardware.o" "../src/_initialize_hardware.c"
../src/_initialize_hardware.c: In function 'SystemClock_Config':
../src/_initialize_hardware.c:126:2: warning: #warning "Please check if the SystemClock_Config() settings match your board!" [-Wcpp]
 #warning "Please check if the SystemClock_Config() settings match your board!"
  ^~~~~~~
Finished building: ../src/_initialize_hardware.c
 
Building file: ../src/_write.c
Invoking: Cross ARM GNU C Compiler
arm-none-eabi-gcc -mcpu=cortex-m4 -mthumb -mfloat-abi=softfp -mfpu=fpv4-sp-d16 -Og -fmessage-length=0 -fsigned-char -ffunction-sections -fdata-sections -ffreestanding -fno-move-loop-invariants -Wall -Wextra  -g3 -DDEBUG -DUSE_FULL_ASSERT -DTRACE -DOS_USE_TRACE_SEMIHOSTING_DEBUG -DSTM32F401xC -DUSE_HAL_DRIVER -DHSE_VALUE=25000000 -I"../include" -I"../system/include" -I"../system/include/cmsis" -I"../system/include/stm32f4-hal" -std=gnu11 -MMD -MP -MF"src/_write.d" -MT"src/_write.o" -c -o "src/_write.o" "../src/_write.c"
Finished building: ../src/_write.c
 
Building file: ../src/croutine.c
Invoking: Cross ARM GNU C Compiler
arm-none-eabi-gcc -mcpu=cortex-m4 -mthumb -mfloat-abi=softfp -mfpu=fpv4-sp-d16 -Og -fmessage-length=0 -fsigned-char -ffunction-sections -fdata-sections -ffreestanding -fno-move-loop-invariants -Wall -Wextra  -g3 -DDEBUG -DUSE_FULL_ASSERT -DTRACE -DOS_USE_TRACE_SEMIHOSTING_DEBUG -DSTM32F401xC -DUSE_HAL_DRIVER -DHSE_VALUE=25000000 -I"../include" -I"../system/include" -I"../system/include/cmsis" -I"../system/include/stm32f4-hal" -std=gnu11 -MMD -MP -MF"src/croutine.d" -MT"src/croutine.o" -c -o "src/croutine.o" "../src/croutine.c"
Finished building: ../src/croutine.c
 
Building file: ../src/event_groups.c
Invoking: Cross ARM GNU C Compiler
arm-none-eabi-gcc -mcpu=cortex-m4 -mthumb -mfloat-abi=softfp -mfpu=fpv4-sp-d16 -Og -fmessage-length=0 -fsigned-char -ffunction-sections -fdata-sections -ffreestanding -fno-move-loop-invariants -Wall -Wextra  -g3 -DDEBUG -DUSE_FULL_ASSERT -DTRACE -DOS_USE_TRACE_SEMIHOSTING_DEBUG -DSTM32F401xC -DUSE_HAL_DRIVER -DHSE_VALUE=25000000 -I"../include" -I"../system/include" -I"../system/include/cmsis" -I"../system/include/stm32f4-hal" -std=gnu11 -MMD -MP -MF"src/event_groups.d" -MT"src/event_groups.o" -c -o "src/event_groups.o" "../src/event_groups.c"
Finished building: ../src/event_groups.c
 
Building file: ../src/heap_4.c
Invoking: Cross ARM GNU C Compiler
arm-none-eabi-gcc -mcpu=cortex-m4 -mthumb -mfloat-abi=softfp -mfpu=fpv4-sp-d16 -Og -fmessage-length=0 -fsigned-char -ffunction-sections -fdata-sections -ffreestanding -fno-move-loop-invariants -Wall -Wextra  -g3 -DDEBUG -DUSE_FULL_ASSERT -DTRACE -DOS_USE_TRACE_SEMIHOSTING_DEBUG -DSTM32F401xC -DUSE_HAL_DRIVER -DHSE_VALUE=25000000 -I"../include" -I"../system/include" -I"../system/include/cmsis" -I"../system/include/stm32f4-hal" -std=gnu11 -MMD -MP -MF"src/heap_4.d" -MT"src/heap_4.o" -c -o "src/heap_4.o" "../src/heap_4.c"
Finished building: ../src/heap_4.c
 
Building file: ../src/list.c
Invoking: Cross ARM GNU C Compiler
arm-none-eabi-gcc -mcpu=cortex-m4 -mthumb -mfloat-abi=softfp -mfpu=fpv4-sp-d16 -Og -fmessage-length=0 -fsigned-char -ffunction-sections -fdata-sections -ffreestanding -fno-move-loop-invariants -Wall -Wextra  -g3 -DDEBUG -DUSE_FULL_ASSERT -DTRACE -DOS_USE_TRACE_SEMIHOSTING_DEBUG -DSTM32F401xC -DUSE_HAL_DRIVER -DHSE_VALUE=25000000 -I"../include" -I"../system/include" -I"../system/include/cmsis" -I"../system/include/stm32f4-hal" -std=gnu11 -MMD -MP -MF"src/list.d" -MT"src/list.o" -c -o "src/list.o" "../src/list.c"
Finished building: ../src/list.c
 
Building file: ../src/main.c
Invoking: Cross ARM GNU C Compiler
arm-none-eabi-gcc -mcpu=cortex-m4 -mthumb -mfloat-abi=softfp -mfpu=fpv4-sp-d16 -Og -fmessage-length=0 -fsigned-char -ffunction-sections -fdata-sections -ffreestanding -fno-move-loop-invariants -Wall -Wextra  -g3 -DDEBUG -DUSE_FULL_ASSERT -DTRACE -DOS_USE_TRACE_SEMIHOSTING_DEBUG -DSTM32F401xC -DUSE_HAL_DRIVER -DHSE_VALUE=25000000 -I"../include" -I"../system/include" -I"../system/include/cmsis" -I"../system/include/stm32f4-hal" -std=gnu11 -MMD -MP -MF"src/main.d" -MT"src/main.o" -c -o "src/main.o" "../src/main.c"
In file included from ../src/main.c:1:0:
../src/main.c: In function 'APP_LED1':
../include/BIT_MATH.h:6:41: warning: suggest parentheses around comparison in operand of '&' [-Wparentheses]
 #define GET_BIT(REG,BIT_NO)         REG & (1 << BIT_NO)
                                         ^
../include/BIT_MATH.h:7:37: note: in expansion of macro 'GET_BIT'
 #define TOG_BIT(REG,BIT_NO)         GET_BIT(REG,BIT_NO) == 1? SET_BIT(REG,BIT_NO):CLR_BIT(REG,BIT_NO)
                                     ^~~~~~~
../src/main.c:15:2: note: in expansion of macro 'TOG_BIT'
  TOG_BIT(Local_u8BitValue,0);
  ^~~~~~~
../include/BIT_MATH.h:5:41: error: lvalue required as left operand of assignment
 #define CLR_BIT(REG,BIT_NO)         REG &= ~(1 << BIT_NO)
                                         ^
../include/BIT_MATH.h:7:83: note: in expansion of macro 'CLR_BIT'
 #define TOG_BIT(REG,BIT_NO)         GET_BIT(REG,BIT_NO) == 1? SET_BIT(REG,BIT_NO):CLR_BIT(REG,BIT_NO)
                                                                                   ^~~~~~~
../src/main.c:15:2: note: in expansion of macro 'TOG_BIT'
  TOG_BIT(Local_u8BitValue,0);
  ^~~~~~~
../src/main.c: In function 'APP_LED2':
../include/BIT_MATH.h:6:41: warning: suggest parentheses around comparison in operand of '&' [-Wparentheses]
 #define GET_BIT(REG,BIT_NO)         REG & (1 << BIT_NO)
                                         ^
../include/BIT_MATH.h:7:37: note: in expansion of macro 'GET_BIT'
 #define TOG_BIT(REG,BIT_NO)         GET_BIT(REG,BIT_NO) == 1? SET_BIT(REG,BIT_NO):CLR_BIT(REG,BIT_NO)
                                     ^~~~~~~
../src/main.c:21:2: note: in expansion of macro 'TOG_BIT'
  TOG_BIT(Local_u8BitValue,0);
  ^~~~~~~
../include/BIT_MATH.h:5:41: error: lvalue required as left operand of assignment
 #define CLR_BIT(REG,BIT_NO)         REG &= ~(1 << BIT_NO)
                                         ^
../include/BIT_MATH.h:7:83: note: in expansion of macro 'CLR_BIT'
 #define TOG_BIT(REG,BIT_NO)         GET_BIT(REG,BIT_NO) == 1? SET_BIT(REG,BIT_NO):CLR_BIT(REG,BIT_NO)
                                                                                   ^~~~~~~
../src/main.c:21:2: note: in expansion of macro 'TOG_BIT'
  TOG_BIT(Local_u8BitValue,0);
  ^~~~~~~
../src/main.c: At top level:
../src/main.c:24:6: error: redefinition of 'APP_LED1'
 void APP_LED1(void)
      ^~~~~~~~
../src/main.c:12:6: note: previous definition of 'APP_LED1' was here
 void APP_LED1(void)
      ^~~~~~~~
In file included from ../src/main.c:1:0:
../src/main.c: In function 'APP_LED1':
../include/BIT_MATH.h:6:41: warning: suggest parentheses around comparison in operand of '&' [-Wparentheses]
 #define GET_BIT(REG,BIT_NO)         REG & (1 << BIT_NO)
                                         ^
../include/BIT_MATH.h:7:37: note: in expansion of macro 'GET_BIT'
 #define TOG_BIT(REG,BIT_NO)         GET_BIT(REG,BIT_NO) == 1? SET_BIT(REG,BIT_NO):CLR_BIT(REG,BIT_NO)
                                     ^~~~~~~
../src/main.c:27:2: note: in expansion of macro 'TOG_BIT'
  TOG_BIT(Local_u8BitValue,0);
  ^~~~~~~
../include/BIT_MATH.h:5:41: error: lvalue required as left operand of assignment
 #define CLR_BIT(REG,BIT_NO)         REG &= ~(1 << BIT_NO)
                                         ^
../include/BIT_MATH.h:7:83: note: in expansion of macro 'CLR_BIT'
 #define TOG_BIT(REG,BIT_NO)         GET_BIT(REG,BIT_NO) == 1? SET_BIT(REG,BIT_NO):CLR_BIT(REG,BIT_NO)
                                                                                   ^~~~~~~
../src/main.c:27:2: note: in expansion of macro 'TOG_BIT'
  TOG_BIT(Local_u8BitValue,0);
  ^~~~~~~
make: *** [src/subdir.mk:68: src/main.o] Error 1
09:48:00 **** Incremental Build of configuration Debug for project COTS_RTOS ****
make all 
Building file: ../src/main.c
Invoking: Cross ARM GNU C Compiler
arm-none-eabi-gcc -mcpu=cortex-m4 -mthumb -mfloat-abi=softfp -mfpu=fpv4-sp-d16 -Og -fmessage-length=0 -fsigned-char -ffunction-sections -fdata-sections -ffreestanding -fno-move-loop-invariants -Wall -Wextra  -g3 -DDEBUG -DUSE_FULL_ASSERT -DTRACE -DOS_USE_TRACE_SEMIHOSTING_DEBUG -DSTM32F401xC -DUSE_HAL_DRIVER -DHSE_VALUE=25000000 -I"../include" -I"../system/include" -I"../system/include/cmsis" -I"../system/include/stm32f4-hal" -std=gnu11 -MMD -MP -MF"src/main.d" -MT"src/main.o" -c -o "src/main.o" "../src/main.c"
In file included from ../src/main.c:1:0:
../src/main.c: In function 'APP_LED1':
../include/BIT_MATH.h:6:41: warning: suggest parentheses around comparison in operand of '&' [-Wparentheses]
 #define GET_BIT(REG,BIT_NO)         REG & (1 << BIT_NO)
                                         ^
../include/BIT_MATH.h:7:37: note: in expansion of macro 'GET_BIT'
 #define TOG_BIT(REG,BIT_NO)         GET_BIT(REG,BIT_NO) == 1? SET_BIT(REG,BIT_NO):CLR_BIT(REG,BIT_NO)
                                     ^~~~~~~
../src/main.c:19:2: note: in expansion of macro 'TOG_BIT'
  TOG_BIT(Local_u8BitValue,0);
  ^~~~~~~
../include/BIT_MATH.h:5:41: error: lvalue required as left operand of assignment
 #define CLR_BIT(REG,BIT_NO)         REG &= ~(1 << BIT_NO)
                                         ^
../include/BIT_MATH.h:7:83: note: in expansion of macro 'CLR_BIT'
 #define TOG_BIT(REG,BIT_NO)         GET_BIT(REG,BIT_NO) == 1? SET_BIT(REG,BIT_NO):CLR_BIT(REG,BIT_NO)
                                                                                   ^~~~~~~
../src/main.c:19:2: note: in expansion of macro 'TOG_BIT'
  TOG_BIT(Local_u8BitValue,0);
  ^~~~~~~
../src/main.c: In function 'APP_LED2':
../include/BIT_MATH.h:6:41: warning: suggest parentheses around comparison in operand of '&' [-Wparentheses]
 #define GET_BIT(REG,BIT_NO)         REG & (1 << BIT_NO)
                                         ^
../include/BIT_MATH.h:7:37: note: in expansion of macro 'GET_BIT'
 #define TOG_BIT(REG,BIT_NO)         GET_BIT(REG,BIT_NO) == 1? SET_BIT(REG,BIT_NO):CLR_BIT(REG,BIT_NO)
                                     ^~~~~~~
../src/main.c:25:2: note: in expansion of macro 'TOG_BIT'
  TOG_BIT(Local_u8BitValue,0);
  ^~~~~~~
../include/BIT_MATH.h:5:41: error: lvalue required as left operand of assignment
 #define CLR_BIT(REG,BIT_NO)         REG &= ~(1 << BIT_NO)
                                         ^
../include/BIT_MATH.h:7:83: note: in expansion of macro 'CLR_BIT'
 #define TOG_BIT(REG,BIT_NO)         GET_BIT(REG,BIT_NO) == 1? SET_BIT(REG,BIT_NO):CLR_BIT(REG,BIT_NO)
                                                                                   ^~~~~~~
../src/main.c:25:2: note: in expansion of macro 'TOG_BIT'
  TOG_BIT(Local_u8BitValue,0);
  ^~~~~~~
../src/main.c: At top level:
../src/main.c:28:6: error: redefinition of 'APP_LED1'
 void APP_LED1(void)
      ^~~~~~~~
../src/main.c:16:6: note: previous definition of 'APP_LED1' was here
 void APP_LED1(void)
      ^~~~~~~~
In file included from ../src/main.c:1:0:
../src/main.c: In function 'APP_LED1':
../include/BIT_MATH.h:6:41: warning: suggest parentheses around comparison in operand of '&' [-Wparentheses]
 #define GET_BIT(REG,BIT_NO)         REG & (1 << BIT_NO)
                                         ^
../include/BIT_MATH.h:7:37: note: in expansion of macro 'GET_BIT'
 #define TOG_BIT(REG,BIT_NO)         GET_BIT(REG,BIT_NO) == 1? SET_BIT(REG,BIT_NO):CLR_BIT(REG,BIT_NO)
                                     ^~~~~~~
../src/main.c:31:2: note: in expansion of macro 'TOG_BIT'
  TOG_BIT(Local_u8BitValue,0);
  ^~~~~~~
../include/BIT_MATH.h:5:41: error: lvalue required as left operand of assignment
 #define CLR_BIT(REG,BIT_NO)         REG &= ~(1 << BIT_NO)
                                         ^
../include/BIT_MATH.h:7:83: note: in expansion of macro 'CLR_BIT'
 #define TOG_BIT(REG,BIT_NO)         GET_BIT(REG,BIT_NO) == 1? SET_BIT(REG,BIT_NO):CLR_BIT(REG,BIT_NO)
                                                                                   ^~~~~~~
../src/main.c:31:2: note: in expansion of macro 'TOG_BIT'
  TOG_BIT(Local_u8BitValue,0);
  ^~~~~~~
make: *** [src/subdir.mk:68: src/main.o] Error 1
09:48:06 **** Incremental Build of configuration Debug for project COTS_RTOS ****
make all 
Building file: ../src/main.c
Invoking: Cross ARM GNU C Compiler
arm-none-eabi-gcc -mcpu=cortex-m4 -mthumb -mfloat-abi=softfp -mfpu=fpv4-sp-d16 -Og -fmessage-length=0 -fsigned-char -ffunction-sections -fdata-sections -ffreestanding -fno-move-loop-invariants -Wall -Wextra  -g3 -DDEBUG -DUSE_FULL_ASSERT -DTRACE -DOS_USE_TRACE_SEMIHOSTING_DEBUG -DSTM32F401xC -DUSE_HAL_DRIVER -DHSE_VALUE=25000000 -I"../include" -I"../system/include" -I"../system/include/cmsis" -I"../system/include/stm32f4-hal" -std=gnu11 -MMD -MP -MF"src/main.d" -MT"src/main.o" -c -o "src/main.o" "../src/main.c"
In file included from ../src/main.c:1:0:
../src/main.c: In function 'APP_LED1':
../include/BIT_MATH.h:6:41: warning: suggest parentheses around comparison in operand of '&' [-Wparentheses]
 #define GET_BIT(REG,BIT_NO)         REG & (1 << BIT_NO)
                                         ^
../include/BIT_MATH.h:7:37: note: in expansion of macro 'GET_BIT'
 #define TOG_BIT(REG,BIT_NO)         GET_BIT(REG,BIT_NO) == 1? SET_BIT(REG,BIT_NO):CLR_BIT(REG,BIT_NO)
                                     ^~~~~~~
../src/main.c:19:2: note: in expansion of macro 'TOG_BIT'
  TOG_BIT(Local_u8BitValue,0);
  ^~~~~~~
../include/BIT_MATH.h:5:41: error: lvalue required as left operand of assignment
 #define CLR_BIT(REG,BIT_NO)         REG &= ~(1 << BIT_NO)
                                         ^
../include/BIT_MATH.h:7:83: note: in expansion of macro 'CLR_BIT'
 #define TOG_BIT(REG,BIT_NO)         GET_BIT(REG,BIT_NO) == 1? SET_BIT(REG,BIT_NO):CLR_BIT(REG,BIT_NO)
                                                                                   ^~~~~~~
../src/main.c:19:2: note: in expansion of macro 'TOG_BIT'
  TOG_BIT(Local_u8BitValue,0);
  ^~~~~~~
../src/main.c: In function 'APP_LED2':
../include/BIT_MATH.h:6:41: warning: suggest parentheses around comparison in operand of '&' [-Wparentheses]
 #define GET_BIT(REG,BIT_NO)         REG & (1 << BIT_NO)
                                         ^
../include/BIT_MATH.h:7:37: note: in expansion of macro 'GET_BIT'
 #define TOG_BIT(REG,BIT_NO)         GET_BIT(REG,BIT_NO) == 1? SET_BIT(REG,BIT_NO):CLR_BIT(REG,BIT_NO)
                                     ^~~~~~~
../src/main.c:25:2: note: in expansion of macro 'TOG_BIT'
  TOG_BIT(Local_u8BitValue,0);
  ^~~~~~~
../include/BIT_MATH.h:5:41: error: lvalue required as left operand of assignment
 #define CLR_BIT(REG,BIT_NO)         REG &= ~(1 << BIT_NO)
                                         ^
../include/BIT_MATH.h:7:83: note: in expansion of macro 'CLR_BIT'
 #define TOG_BIT(REG,BIT_NO)         GET_BIT(REG,BIT_NO) == 1? SET_BIT(REG,BIT_NO):CLR_BIT(REG,BIT_NO)
                                                                                   ^~~~~~~
../src/main.c:25:2: note: in expansion of macro 'TOG_BIT'
  TOG_BIT(Local_u8BitValue,0);
  ^~~~~~~
../src/main.c: At top level:
../src/main.c:28:6: error: redefinition of 'APP_LED1'
 void APP_LED1(void)
      ^~~~~~~~
../src/main.c:16:6: note: previous definition of 'APP_LED1' was here
 void APP_LED1(void)
      ^~~~~~~~
In file included from ../src/main.c:1:0:
../src/main.c: In function 'APP_LED1':
../include/BIT_MATH.h:6:41: warning: suggest parentheses around comparison in operand of '&' [-Wparentheses]
 #define GET_BIT(REG,BIT_NO)         REG & (1 << BIT_NO)
                                         ^
../include/BIT_MATH.h:7:37: note: in expansion of macro 'GET_BIT'
 #define TOG_BIT(REG,BIT_NO)         GET_BIT(REG,BIT_NO) == 1? SET_BIT(REG,BIT_NO):CLR_BIT(REG,BIT_NO)
                                     ^~~~~~~
../src/main.c:31:2: note: in expansion of macro 'TOG_BIT'
  TOG_BIT(Local_u8BitValue,0);
  ^~~~~~~
../include/BIT_MATH.h:5:41: error: lvalue required as left operand of assignment
 #define CLR_BIT(REG,BIT_NO)         REG &= ~(1 << BIT_NO)
                                         ^
../include/BIT_MATH.h:7:83: note: in expansion of macro 'CLR_BIT'
 #define TOG_BIT(REG,BIT_NO)         GET_BIT(REG,BIT_NO) == 1? SET_BIT(REG,BIT_NO):CLR_BIT(REG,BIT_NO)
                                                                                   ^~~~~~~
../src/main.c:31:2: note: in expansion of macro 'TOG_BIT'
  TOG_BIT(Local_u8BitValue,0);
  ^~~~~~~
make: *** [src/subdir.mk:68: src/main.o] Error 1
09:52:30 **** Incremental Build of configuration Debug for project COTS_RTOS ****
make all 
Building file: ../src/main.c
Invoking: Cross ARM GNU C Compiler
arm-none-eabi-gcc -mcpu=cortex-m4 -mthumb -mfloat-abi=softfp -mfpu=fpv4-sp-d16 -Og -fmessage-length=0 -fsigned-char -ffunction-sections -fdata-sections -ffreestanding -fno-move-loop-invariants -Wall -Wextra  -g3 -DDEBUG -DUSE_FULL_ASSERT -DTRACE -DOS_USE_TRACE_SEMIHOSTING_DEBUG -DSTM32F401xC -DUSE_HAL_DRIVER -DHSE_VALUE=25000000 -I"../include" -I"../system/include" -I"../system/include/cmsis" -I"../system/include/stm32f4-hal" -std=gnu11 -MMD -MP -MF"src/main.d" -MT"src/main.o" -c -o "src/main.o" "../src/main.c"
Finished building: ../src/main.c
 
Building file: ../src/port.c
Invoking: Cross ARM GNU C Compiler
arm-none-eabi-gcc -mcpu=cortex-m4 -mthumb -mfloat-abi=softfp -mfpu=fpv4-sp-d16 -Og -fmessage-length=0 -fsigned-char -ffunction-sections -fdata-sections -ffreestanding -fno-move-loop-invariants -Wall -Wextra  -g3 -DDEBUG -DUSE_FULL_ASSERT -DTRACE -DOS_USE_TRACE_SEMIHOSTING_DEBUG -DSTM32F401xC -DUSE_HAL_DRIVER -DHSE_VALUE=25000000 -I"../include" -I"../system/include" -I"../system/include/cmsis" -I"../system/include/stm32f4-hal" -std=gnu11 -MMD -MP -MF"src/port.d" -MT"src/port.o" -c -o "src/port.o" "../src/port.c"
Finished building: ../src/port.c
 
Building file: ../src/queue.c
Invoking: Cross ARM GNU C Compiler
arm-none-eabi-gcc -mcpu=cortex-m4 -mthumb -mfloat-abi=softfp -mfpu=fpv4-sp-d16 -Og -fmessage-length=0 -fsigned-char -ffunction-sections -fdata-sections -ffreestanding -fno-move-loop-invariants -Wall -Wextra  -g3 -DDEBUG -DUSE_FULL_ASSERT -DTRACE -DOS_USE_TRACE_SEMIHOSTING_DEBUG -DSTM32F401xC -DUSE_HAL_DRIVER -DHSE_VALUE=25000000 -I"../include" -I"../system/include" -I"../system/include/cmsis" -I"../system/include/stm32f4-hal" -std=gnu11 -MMD -MP -MF"src/queue.d" -MT"src/queue.o" -c -o "src/queue.o" "../src/queue.c"
Finished building: ../src/queue.c
 
Building file: ../src/stm32f4xx_hal_msp.c
Invoking: Cross ARM GNU C Compiler
arm-none-eabi-gcc -mcpu=cortex-m4 -mthumb -mfloat-abi=softfp -mfpu=fpv4-sp-d16 -Og -fmessage-length=0 -fsigned-char -ffunction-sections -fdata-sections -ffreestanding -fno-move-loop-invariants -Wall -Wextra  -g3 -DDEBUG -DUSE_FULL_ASSERT -DTRACE -DOS_USE_TRACE_SEMIHOSTING_DEBUG -DSTM32F401xC -DUSE_HAL_DRIVER -DHSE_VALUE=25000000 -I"../include" -I"../system/include" -I"../system/include/cmsis" -I"../system/include/stm32f4-hal" -std=gnu11 -Wno-missing-prototypes -Wno-missing-declarations -MMD -MP -MF"src/stm32f4xx_hal_msp.d" -MT"src/stm32f4xx_hal_msp.d" -c -o "src/stm32f4xx_hal_msp.o" "../src/stm32f4xx_hal_msp.c"
Finished building: ../src/stm32f4xx_hal_msp.c
 
Building file: ../src/stream_buffer.c
Invoking: Cross ARM GNU C Compiler
arm-none-eabi-gcc -mcpu=cortex-m4 -mthumb -mfloat-abi=softfp -mfpu=fpv4-sp-d16 -Og -fmessage-length=0 -fsigned-char -ffunction-sections -fdata-sections -ffreestanding -fno-move-loop-invariants -Wall -Wextra  -g3 -DDEBUG -DUSE_FULL_ASSERT -DTRACE -DOS_USE_TRACE_SEMIHOSTING_DEBUG -DSTM32F401xC -DUSE_HAL_DRIVER -DHSE_VALUE=25000000 -I"../include" -I"../system/include" -I"../system/include/cmsis" -I"../system/include/stm32f4-hal" -std=gnu11 -MMD -MP -MF"src/stream_buffer.d" -MT"src/stream_buffer.o" -c -o "src/stream_buffer.o" "../src/stream_buffer.c"
Finished building: ../src/stream_buffer.c
 
Building file: ../src/tasks.c
Invoking: Cross ARM GNU C Compiler
arm-none-eabi-gcc -mcpu=cortex-m4 -mthumb -mfloat-abi=softfp -mfpu=fpv4-sp-d16 -Og -fmessage-length=0 -fsigned-char -ffunction-sections -fdata-sections -ffreestanding -fno-move-loop-invariants -Wall -Wextra  -g3 -DDEBUG -DUSE_FULL_ASSERT -DTRACE -DOS_USE_TRACE_SEMIHOSTING_DEBUG -DSTM32F401xC -DUSE_HAL_DRIVER -DHSE_VALUE=25000000 -I"../include" -I"../system/include" -I"../system/include/cmsis" -I"../system/include/stm32f4-hal" -std=gnu11 -MMD -MP -MF"src/tasks.d" -MT"src/tasks.o" -c -o "src/tasks.o" "../src/tasks.c"
Finished building: ../src/tasks.c
 
Building file: ../src/timers.c
Invoking: Cross ARM GNU C Compiler
arm-none-eabi-gcc -mcpu=cortex-m4 -mthumb -mfloat-abi=softfp -mfpu=fpv4-sp-d16 -Og -fmessage-length=0 -fsigned-char -ffunction-sections -fdata-sections -ffreestanding -fno-move-loop-invariants -Wall -Wextra  -g3 -DDEBUG -DUSE_FULL_ASSERT -DTRACE -DOS_USE_TRACE_SEMIHOSTING_DEBUG -DSTM32F401xC -DUSE_HAL_DRIVER -DHSE_VALUE=25000000 -I"../include" -I"../system/include" -I"../system/include/cmsis" -I"../system/include/stm32f4-hal" -std=gnu11 -MMD -MP -MF"src/timers.d" -MT"src/timers.o" -c -o "src/timers.o" "../src/timers.c"
Finished building: ../src/timers.c
 
Building target: COTS_RTOS.elf
Invoking: Cross ARM GNU C++ Linker
arm-none-eabi-g++ -mcpu=cortex-m4 -mthumb -mfloat-abi=softfp -mfpu=fpv4-sp-d16 -Og -fmessage-length=0 -fsigned-char -ffunction-sections -fdata-sections -ffreestanding -fno-move-loop-invariants -Wall -Wextra  -g3 -T mem.ld -T libs.ld -T sections.ld -nostartfiles -Xlinker --gc-sections -L"../ldscripts" -Wl,-Map,"COTS_RTOS.map" --specs=nano.specs -o "COTS_RTOS.elf"  ./system/src/stm32f4-hal/stm32f4xx_hal.o ./system/src/stm32f4-hal/stm32f4xx_hal_cortex.o ./system/src/stm32f4-hal/stm32f4xx_hal_dfsdm.o ./system/src/stm32f4-hal/stm32f4xx_hal_flash.o ./system/src/stm32f4-hal/stm32f4xx_hal_gpio.o ./system/src/stm32f4-hal/stm32f4xx_hal_iwdg.o ./system/src/stm32f4-hal/stm32f4xx_hal_pwr.o ./system/src/stm32f4-hal/stm32f4xx_hal_rcc.o  ./system/src/newlib/_cxx.o ./system/src/newlib/_exit.o ./system/src/newlib/_sbrk.o ./system/src/newlib/_startup.o ./system/src/newlib/_syscalls.o ./system/src/newlib/assert.o  ./system/src/diag/Trace.o ./system/src/diag/trace_impl.o  ./system/src/cortexm/_initialize_hardware.o ./system/src/cortexm/_reset_hardware.o ./system/src/cortexm/exception_handlers.o  ./system/src/cmsis/system_stm32f4xx.o ./system/src/cmsis/vectors_stm32f401xc.o  ./src/GPIO_Program.o ./src/RCC_Program.o ./src/RTOS_Program.o ./src/STK_Program.o ./src/_initialize_hardware.o ./src/_write.o ./src/croutine.o ./src/event_groups.o ./src/heap_4.o ./src/list.o ./src/main.o ./src/port.o ./src/queue.o ./src/stm32f4xx_hal_msp.o ./src/stream_buffer.o ./src/tasks.o ./src/timers.o   
Finished building target: COTS_RTOS.elf
 
Invoking: Cross ARM GNU Create Flash Image
arm-none-eabi-objcopy -O ihex "COTS_RTOS.elf"  "COTS_RTOS.hex"
Finished building: COTS_RTOS.hex
 
Invoking: Cross ARM GNU Print Size
arm-none-eabi-size --format=berkeley "COTS_RTOS.elf"
   text	   data	    bss	    dec	    hex	filename
   7911	    160	    556	   8627	   21b3	COTS_RTOS.elf
Finished building: COTS_RTOS.siz
 
09:54:17 **** Incremental Build of configuration Debug for project COTS_RTOS ****
make all 
Building file: ../src/main.c
Invoking: Cross ARM GNU C Compiler
arm-none-eabi-gcc -mcpu=cortex-m4 -mthumb -mfloat-abi=softfp -mfpu=fpv4-sp-d16 -Og -fmessage-length=0 -fsigned-char -ffunction-sections -fdata-sections -ffreestanding -fno-move-loop-invariants -Wall -Wextra  -g3 -DDEBUG -DUSE_FULL_ASSERT -DTRACE -DOS_USE_TRACE_SEMIHOSTING_DEBUG -DSTM32F401xC -DUSE_HAL_DRIVER -DHSE_VALUE=25000000 -I"../include" -I"../system/include" -I"../system/include/cmsis" -I"../system/include/stm32f4-hal" -std=gnu11 -MMD -MP -MF"src/main.d" -MT"src/main.o" -c -o "src/main.o" "../src/main.c"
Finished building: ../src/main.c
 
Building target: COTS_RTOS.elf
Invoking: Cross ARM GNU C++ Linker
arm-none-eabi-g++ -mcpu=cortex-m4 -mthumb -mfloat-abi=softfp -mfpu=fpv4-sp-d16 -Og -fmessage-length=0 -fsigned-char -ffunction-sections -fdata-sections -ffreestanding -fno-move-loop-invariants -Wall -Wextra  -g3 -T mem.ld -T libs.ld -T sections.ld -nostartfiles -Xlinker --gc-sections -L"../ldscripts" -Wl,-Map,"COTS_RTOS.map" --specs=nano.specs -o "COTS_RTOS.elf"  ./system/src/stm32f4-hal/stm32f4xx_hal.o ./system/src/stm32f4-hal/stm32f4xx_hal_cortex.o ./system/src/stm32f4-hal/stm32f4xx_hal_dfsdm.o ./system/src/stm32f4-hal/stm32f4xx_hal_flash.o ./system/src/stm32f4-hal/stm32f4xx_hal_gpio.o ./system/src/stm32f4-hal/stm32f4xx_hal_iwdg.o ./system/src/stm32f4-hal/stm32f4xx_hal_pwr.o ./system/src/stm32f4-hal/stm32f4xx_hal_rcc.o  ./system/src/newlib/_cxx.o ./system/src/newlib/_exit.o ./system/src/newlib/_sbrk.o ./system/src/newlib/_startup.o ./system/src/newlib/_syscalls.o ./system/src/newlib/assert.o  ./system/src/diag/Trace.o ./system/src/diag/trace_impl.o  ./system/src/cortexm/_initialize_hardware.o ./system/src/cortexm/_reset_hardware.o ./system/src/cortexm/exception_handlers.o  ./system/src/cmsis/system_stm32f4xx.o ./system/src/cmsis/vectors_stm32f401xc.o  ./src/GPIO_Program.o ./src/RCC_Program.o ./src/RTOS_Program.o ./src/STK_Program.o ./src/_initialize_hardware.o ./src/_write.o ./src/croutine.o ./src/event_groups.o ./src/heap_4.o ./src/list.o ./src/main.o ./src/port.o ./src/queue.o ./src/stm32f4xx_hal_msp.o ./src/stream_buffer.o ./src/tasks.o ./src/timers.o   
Finished building target: COTS_RTOS.elf
 
Invoking: Cross ARM GNU Create Flash Image
arm-none-eabi-objcopy -O ihex "COTS_RTOS.elf"  "COTS_RTOS.hex"
Finished building: COTS_RTOS.hex
 
Invoking: Cross ARM GNU Print Size
arm-none-eabi-size --format=berkeley "COTS_RTOS.elf"
   text	   data	    bss	    dec	    hex	filename
   7911	    160	    556	   8627	   21b3	COTS_RTOS.elf
Finished building: COTS_RTOS.siz
 
09:56:56 **** Incremental Build of configuration Debug for project COTS_RTOS ****
make all 
Building file: ../src/main.c
Invoking: Cross ARM GNU C Compiler
arm-none-eabi-gcc -mcpu=cortex-m4 -mthumb -mfloat-abi=softfp -mfpu=fpv4-sp-d16 -Og -fmessage-length=0 -fsigned-char -ffunction-sections -fdata-sections -ffreestanding -fno-move-loop-invariants -Wall -Wextra  -g3 -DDEBUG -DUSE_FULL_ASSERT -DTRACE -DOS_USE_TRACE_SEMIHOSTING_DEBUG -DSTM32F401xC -DUSE_HAL_DRIVER -DHSE_VALUE=25000000 -I"../include" -I"../system/include" -I"../system/include/cmsis" -I"../system/include/stm32f4-hal" -std=gnu11 -MMD -MP -MF"src/main.d" -MT"src/main.o" -c -o "src/main.o" "../src/main.c"
Finished building: ../src/main.c
 
Building target: COTS_RTOS.elf
Invoking: Cross ARM GNU C++ Linker
arm-none-eabi-g++ -mcpu=cortex-m4 -mthumb -mfloat-abi=softfp -mfpu=fpv4-sp-d16 -Og -fmessage-length=0 -fsigned-char -ffunction-sections -fdata-sections -ffreestanding -fno-move-loop-invariants -Wall -Wextra  -g3 -T mem.ld -T libs.ld -T sections.ld -nostartfiles -Xlinker --gc-sections -L"../ldscripts" -Wl,-Map,"COTS_RTOS.map" --specs=nano.specs -o "COTS_RTOS.elf"  ./system/src/stm32f4-hal/stm32f4xx_hal.o ./system/src/stm32f4-hal/stm32f4xx_hal_cortex.o ./system/src/stm32f4-hal/stm32f4xx_hal_dfsdm.o ./system/src/stm32f4-hal/stm32f4xx_hal_flash.o ./system/src/stm32f4-hal/stm32f4xx_hal_gpio.o ./system/src/stm32f4-hal/stm32f4xx_hal_iwdg.o ./system/src/stm32f4-hal/stm32f4xx_hal_pwr.o ./system/src/stm32f4-hal/stm32f4xx_hal_rcc.o  ./system/src/newlib/_cxx.o ./system/src/newlib/_exit.o ./system/src/newlib/_sbrk.o ./system/src/newlib/_startup.o ./system/src/newlib/_syscalls.o ./system/src/newlib/assert.o  ./system/src/diag/Trace.o ./system/src/diag/trace_impl.o  ./system/src/cortexm/_initialize_hardware.o ./system/src/cortexm/_reset_hardware.o ./system/src/cortexm/exception_handlers.o  ./system/src/cmsis/system_stm32f4xx.o ./system/src/cmsis/vectors_stm32f401xc.o  ./src/GPIO_Program.o ./src/RCC_Program.o ./src/RTOS_Program.o ./src/STK_Program.o ./src/_initialize_hardware.o ./src/_write.o ./src/croutine.o ./src/event_groups.o ./src/heap_4.o ./src/list.o ./src/main.o ./src/port.o ./src/queue.o ./src/stm32f4xx_hal_msp.o ./src/stream_buffer.o ./src/tasks.o ./src/timers.o   
Finished building target: COTS_RTOS.elf
 
Invoking: Cross ARM GNU Create Flash Image
arm-none-eabi-objcopy -O ihex "COTS_RTOS.elf"  "COTS_RTOS.hex"
Finished building: COTS_RTOS.hex
 
Invoking: Cross ARM GNU Print Size
arm-none-eabi-size --format=berkeley "COTS_RTOS.elf"
   text	   data	    bss	    dec	    hex	filename
   7911	    160	    556	   8627	   21b3	COTS_RTOS.elf
Finished building: COTS_RTOS.siz
 
10:00:59 **** Incremental Build of configuration Debug for project COTS_RTOS ****
make all 
Building file: ../src/RCC_Program.c
Invoking: Cross ARM GNU C Compiler
arm-none-eabi-gcc -mcpu=cortex-m4 -mthumb -mfloat-abi=softfp -mfpu=fpv4-sp-d16 -Og -fmessage-length=0 -fsigned-char -ffunction-sections -fdata-sections -ffreestanding -fno-move-loop-invariants -Wall -Wextra  -g3 -DDEBUG -DUSE_FULL_ASSERT -DTRACE -DOS_USE_TRACE_SEMIHOSTING_DEBUG -DSTM32F401xC -DUSE_HAL_DRIVER -DHSE_VALUE=25000000 -I"../include" -I"../system/include" -I"../system/include/cmsis" -I"../system/include/stm32f4-hal" -std=gnu11 -MMD -MP -MF"src/RCC_Program.d" -MT"src/RCC_Program.o" -c -o "src/RCC_Program.o" "../src/RCC_Program.c"
Finished building: ../src/RCC_Program.c
 
Building file: ../src/main.c
Invoking: Cross ARM GNU C Compiler
arm-none-eabi-gcc -mcpu=cortex-m4 -mthumb -mfloat-abi=softfp -mfpu=fpv4-sp-d16 -Og -fmessage-length=0 -fsigned-char -ffunction-sections -fdata-sections -ffreestanding -fno-move-loop-invariants -Wall -Wextra  -g3 -DDEBUG -DUSE_FULL_ASSERT -DTRACE -DOS_USE_TRACE_SEMIHOSTING_DEBUG -DSTM32F401xC -DUSE_HAL_DRIVER -DHSE_VALUE=25000000 -I"../include" -I"../system/include" -I"../system/include/cmsis" -I"../system/include/stm32f4-hal" -std=gnu11 -MMD -MP -MF"src/main.d" -MT"src/main.o" -c -o "src/main.o" "../src/main.c"
Finished building: ../src/main.c
 
Building target: COTS_RTOS.elf
Invoking: Cross ARM GNU C++ Linker
arm-none-eabi-g++ -mcpu=cortex-m4 -mthumb -mfloat-abi=softfp -mfpu=fpv4-sp-d16 -Og -fmessage-length=0 -fsigned-char -ffunction-sections -fdata-sections -ffreestanding -fno-move-loop-invariants -Wall -Wextra  -g3 -T mem.ld -T libs.ld -T sections.ld -nostartfiles -Xlinker --gc-sections -L"../ldscripts" -Wl,-Map,"COTS_RTOS.map" --specs=nano.specs -o "COTS_RTOS.elf"  ./system/src/stm32f4-hal/stm32f4xx_hal.o ./system/src/stm32f4-hal/stm32f4xx_hal_cortex.o ./system/src/stm32f4-hal/stm32f4xx_hal_dfsdm.o ./system/src/stm32f4-hal/stm32f4xx_hal_flash.o ./system/src/stm32f4-hal/stm32f4xx_hal_gpio.o ./system/src/stm32f4-hal/stm32f4xx_hal_iwdg.o ./system/src/stm32f4-hal/stm32f4xx_hal_pwr.o ./system/src/stm32f4-hal/stm32f4xx_hal_rcc.o  ./system/src/newlib/_cxx.o ./system/src/newlib/_exit.o ./system/src/newlib/_sbrk.o ./system/src/newlib/_startup.o ./system/src/newlib/_syscalls.o ./system/src/newlib/assert.o  ./system/src/diag/Trace.o ./system/src/diag/trace_impl.o  ./system/src/cortexm/_initialize_hardware.o ./system/src/cortexm/_reset_hardware.o ./system/src/cortexm/exception_handlers.o  ./system/src/cmsis/system_stm32f4xx.o ./system/src/cmsis/vectors_stm32f401xc.o  ./src/GPIO_Program.o ./src/RCC_Program.o ./src/RTOS_Program.o ./src/STK_Program.o ./src/_initialize_hardware.o ./src/_write.o ./src/croutine.o ./src/event_groups.o ./src/heap_4.o ./src/list.o ./src/main.o ./src/port.o ./src/queue.o ./src/stm32f4xx_hal_msp.o ./src/stream_buffer.o ./src/tasks.o ./src/timers.o   
Finished building target: COTS_RTOS.elf
 
Invoking: Cross ARM GNU Create Flash Image
arm-none-eabi-objcopy -O ihex "COTS_RTOS.elf"  "COTS_RTOS.hex"
Finished building: COTS_RTOS.hex
 
Invoking: Cross ARM GNU Print Size
arm-none-eabi-size --format=berkeley "COTS_RTOS.elf"
   text	   data	    bss	    dec	    hex	filename
   8055	    160	    556	   8771	   2243	COTS_RTOS.elf
Finished building: COTS_RTOS.siz
 
10:06:18 **** Incremental Build of configuration Debug for project COTS_RTOS ****
make all 
Invoking: Cross ARM GNU Print Size
arm-none-eabi-size --format=berkeley "COTS_RTOS.elf"
   text	   data	    bss	    dec	    hex	filename
   8055	    160	    556	   8771	   2243	COTS_RTOS.elf
Finished building: COTS_RTOS.siz
 
10:06:34 **** Incremental Build of configuration Debug for project COTS_RTOS ****
make all 
Building file: ../src/main.c
Invoking: Cross ARM GNU C Compiler
arm-none-eabi-gcc -mcpu=cortex-m4 -mthumb -mfloat-abi=softfp -mfpu=fpv4-sp-d16 -Og -fmessage-length=0 -fsigned-char -ffunction-sections -fdata-sections -ffreestanding -fno-move-loop-invariants -Wall -Wextra  -g3 -DDEBUG -DUSE_FULL_ASSERT -DTRACE -DOS_USE_TRACE_SEMIHOSTING_DEBUG -DSTM32F401xC -DUSE_HAL_DRIVER -DHSE_VALUE=25000000 -I"../include" -I"../system/include" -I"../system/include/cmsis" -I"../system/include/stm32f4-hal" -std=gnu11 -MMD -MP -MF"src/main.d" -MT"src/main.o" -c -o "src/main.o" "../src/main.c"
../src/main.c: In function 'main':
../src/main.c:73:2: error: too few arguments to function 'GPIO_voidSetPinOutputConfig'
  GPIO_voidSetPinOutputConfig(GPIOA,PIN0,OUTPUT_MS);
  ^~~~~~~~~~~~~~~~~~~~~~~~~~~
In file included from ../src/main.c:4:0:
../include/GPIO_Interface.h:65:6: note: declared here
 void GPIO_voidSetPinOutputConfig(u8 Copy_u8PortId, u8 Copy_u8PinId, u8 Copy_u8Type, u8 Copy_u8Speed);
      ^~~~~~~~~~~~~~~~~~~~~~~~~~~
../src/main.c:74:2: error: too few arguments to function 'GPIO_voidSetPinOutputConfig'
  GPIO_voidSetPinOutputConfig(GPIOA,PIN1,OUTPUT_MS);
  ^~~~~~~~~~~~~~~~~~~~~~~~~~~
In file included from ../src/main.c:4:0:
../include/GPIO_Interface.h:65:6: note: declared here
 void GPIO_voidSetPinOutputConfig(u8 Copy_u8PortId, u8 Copy_u8PinId, u8 Copy_u8Type, u8 Copy_u8Speed);
      ^~~~~~~~~~~~~~~~~~~~~~~~~~~
../src/main.c:75:2: error: too few arguments to function 'GPIO_voidSetPinOutputConfig'
  GPIO_voidSetPinOutputConfig(GPIOA,PIN2,OUTPUT_MS);
  ^~~~~~~~~~~~~~~~~~~~~~~~~~~
In file included from ../src/main.c:4:0:
../include/GPIO_Interface.h:65:6: note: declared here
 void GPIO_voidSetPinOutputConfig(u8 Copy_u8PortId, u8 Copy_u8PinId, u8 Copy_u8Type, u8 Copy_u8Speed);
      ^~~~~~~~~~~~~~~~~~~~~~~~~~~
make: *** [src/subdir.mk:68: src/main.o] Error 1
10:06:40 **** Incremental Build of configuration Debug for project COTS_RTOS ****
make all 
Building file: ../src/main.c
Invoking: Cross ARM GNU C Compiler
arm-none-eabi-gcc -mcpu=cortex-m4 -mthumb -mfloat-abi=softfp -mfpu=fpv4-sp-d16 -Og -fmessage-length=0 -fsigned-char -ffunction-sections -fdata-sections -ffreestanding -fno-move-loop-invariants -Wall -Wextra  -g3 -DDEBUG -DUSE_FULL_ASSERT -DTRACE -DOS_USE_TRACE_SEMIHOSTING_DEBUG -DSTM32F401xC -DUSE_HAL_DRIVER -DHSE_VALUE=25000000 -I"../include" -I"../system/include" -I"../system/include/cmsis" -I"../system/include/stm32f4-hal" -std=gnu11 -MMD -MP -MF"src/main.d" -MT"src/main.o" -c -o "src/main.o" "../src/main.c"
../src/main.c: In function 'main':
../src/main.c:73:2: error: too few arguments to function 'GPIO_voidSetPinOutputConfig'
  GPIO_voidSetPinOutputConfig(GPIOA,PIN0,OUTPUT_MS);
  ^~~~~~~~~~~~~~~~~~~~~~~~~~~
In file included from ../src/main.c:4:0:
../include/GPIO_Interface.h:65:6: note: declared here
 void GPIO_voidSetPinOutputConfig(u8 Copy_u8PortId, u8 Copy_u8PinId, u8 Copy_u8Type, u8 Copy_u8Speed);
      ^~~~~~~~~~~~~~~~~~~~~~~~~~~
../src/main.c:74:2: error: too few arguments to function 'GPIO_voidSetPinOutputConfig'
  GPIO_voidSetPinOutputConfig(GPIOA,PIN1,OUTPUT_MS);
  ^~~~~~~~~~~~~~~~~~~~~~~~~~~
In file included from ../src/main.c:4:0:
../include/GPIO_Interface.h:65:6: note: declared here
 void GPIO_voidSetPinOutputConfig(u8 Copy_u8PortId, u8 Copy_u8PinId, u8 Copy_u8Type, u8 Copy_u8Speed);
      ^~~~~~~~~~~~~~~~~~~~~~~~~~~
../src/main.c:75:2: error: too few arguments to function 'GPIO_voidSetPinOutputConfig'
  GPIO_voidSetPinOutputConfig(GPIOA,PIN2,OUTPUT_MS);
  ^~~~~~~~~~~~~~~~~~~~~~~~~~~
In file included from ../src/main.c:4:0:
../include/GPIO_Interface.h:65:6: note: declared here
 void GPIO_voidSetPinOutputConfig(u8 Copy_u8PortId, u8 Copy_u8PinId, u8 Copy_u8Type, u8 Copy_u8Speed);
      ^~~~~~~~~~~~~~~~~~~~~~~~~~~
make: *** [src/subdir.mk:68: src/main.o] Error 1
10:09:43 **** Incremental Build of configuration Debug for project COTS_RTOS ****
make all 
Building file: ../src/main.c
Invoking: Cross ARM GNU C Compiler
arm-none-eabi-gcc -mcpu=cortex-m4 -mthumb -mfloat-abi=softfp -mfpu=fpv4-sp-d16 -Og -fmessage-length=0 -fsigned-char -ffunction-sections -fdata-sections -ffreestanding -fno-move-loop-invariants -Wall -Wextra  -g3 -DDEBUG -DUSE_FULL_ASSERT -DTRACE -DOS_USE_TRACE_SEMIHOSTING_DEBUG -DSTM32F401xC -DUSE_HAL_DRIVER -DHSE_VALUE=25000000 -I"../include" -I"../system/include" -I"../system/include/cmsis" -I"../system/include/stm32f4-hal" -std=gnu11 -MMD -MP -MF"src/main.d" -MT"src/main.o" -c -o "src/main.o" "../src/main.c"
../src/main.c: In function 'main':
../src/main.c:74:2: error: too few arguments to function 'GPIO_voidSetPinOutputConfig'
  GPIO_voidSetPinOutputConfig(GPIOA,PIN1,OUTPUT_MS);
  ^~~~~~~~~~~~~~~~~~~~~~~~~~~
In file included from ../src/main.c:4:0:
../include/GPIO_Interface.h:65:6: note: declared here
 void GPIO_voidSetPinOutputConfig(u8 Copy_u8PortId, u8 Copy_u8PinId, u8 Copy_u8Type, u8 Copy_u8Speed);
      ^~~~~~~~~~~~~~~~~~~~~~~~~~~
../src/main.c:75:2: error: too few arguments to function 'GPIO_voidSetPinOutputConfig'
  GPIO_voidSetPinOutputConfig(GPIOA,PIN2,OUTPUT_MS);
  ^~~~~~~~~~~~~~~~~~~~~~~~~~~
In file included from ../src/main.c:4:0:
../include/GPIO_Interface.h:65:6: note: declared here
 void GPIO_voidSetPinOutputConfig(u8 Copy_u8PortId, u8 Copy_u8PinId, u8 Copy_u8Type, u8 Copy_u8Speed);
      ^~~~~~~~~~~~~~~~~~~~~~~~~~~
make: *** [src/subdir.mk:68: src/main.o] Error 1
10:10:05 **** Incremental Build of configuration Debug for project COTS_RTOS ****
make all 
Building file: ../src/main.c
Invoking: Cross ARM GNU C Compiler
arm-none-eabi-gcc -mcpu=cortex-m4 -mthumb -mfloat-abi=softfp -mfpu=fpv4-sp-d16 -Og -fmessage-length=0 -fsigned-char -ffunction-sections -fdata-sections -ffreestanding -fno-move-loop-invariants -Wall -Wextra  -g3 -DDEBUG -DUSE_FULL_ASSERT -DTRACE -DOS_USE_TRACE_SEMIHOSTING_DEBUG -DSTM32F401xC -DUSE_HAL_DRIVER -DHSE_VALUE=25000000 -I"../include" -I"../system/include" -I"../system/include/cmsis" -I"../system/include/stm32f4-hal" -std=gnu11 -MMD -MP -MF"src/main.d" -MT"src/main.o" -c -o "src/main.o" "../src/main.c"
Finished building: ../src/main.c
 
Building target: COTS_RTOS.elf
Invoking: Cross ARM GNU C++ Linker
arm-none-eabi-g++ -mcpu=cortex-m4 -mthumb -mfloat-abi=softfp -mfpu=fpv4-sp-d16 -Og -fmessage-length=0 -fsigned-char -ffunction-sections -fdata-sections -ffreestanding -fno-move-loop-invariants -Wall -Wextra  -g3 -T mem.ld -T libs.ld -T sections.ld -nostartfiles -Xlinker --gc-sections -L"../ldscripts" -Wl,-Map,"COTS_RTOS.map" --specs=nano.specs -o "COTS_RTOS.elf"  ./system/src/stm32f4-hal/stm32f4xx_hal.o ./system/src/stm32f4-hal/stm32f4xx_hal_cortex.o ./system/src/stm32f4-hal/stm32f4xx_hal_dfsdm.o ./system/src/stm32f4-hal/stm32f4xx_hal_flash.o ./system/src/stm32f4-hal/stm32f4xx_hal_gpio.o ./system/src/stm32f4-hal/stm32f4xx_hal_iwdg.o ./system/src/stm32f4-hal/stm32f4xx_hal_pwr.o ./system/src/stm32f4-hal/stm32f4xx_hal_rcc.o  ./system/src/newlib/_cxx.o ./system/src/newlib/_exit.o ./system/src/newlib/_sbrk.o ./system/src/newlib/_startup.o ./system/src/newlib/_syscalls.o ./system/src/newlib/assert.o  ./system/src/diag/Trace.o ./system/src/diag/trace_impl.o  ./system/src/cortexm/_initialize_hardware.o ./system/src/cortexm/_reset_hardware.o ./system/src/cortexm/exception_handlers.o  ./system/src/cmsis/system_stm32f4xx.o ./system/src/cmsis/vectors_stm32f401xc.o  ./src/GPIO_Program.o ./src/RCC_Program.o ./src/RTOS_Program.o ./src/STK_Program.o ./src/_initialize_hardware.o ./src/_write.o ./src/croutine.o ./src/event_groups.o ./src/heap_4.o ./src/list.o ./src/main.o ./src/port.o ./src/queue.o ./src/stm32f4xx_hal_msp.o ./src/stream_buffer.o ./src/tasks.o ./src/timers.o   
Finished building target: COTS_RTOS.elf
 
Invoking: Cross ARM GNU Create Flash Image
arm-none-eabi-objcopy -O ihex "COTS_RTOS.elf"  "COTS_RTOS.hex"
Finished building: COTS_RTOS.hex
 
Invoking: Cross ARM GNU Print Size
arm-none-eabi-size --format=berkeley "COTS_RTOS.elf"
   text	   data	    bss	    dec	    hex	filename
   9703	    160	    556	  10419	   28b3	COTS_RTOS.elf
Finished building: COTS_RTOS.siz
 
10:13:01 **** Incremental Build of configuration Debug for project COTS_RTOS ****
make all 
Building file: ../src/main.c
Invoking: Cross ARM GNU C Compiler
arm-none-eabi-gcc -mcpu=cortex-m4 -mthumb -mfloat-abi=softfp -mfpu=fpv4-sp-d16 -Og -fmessage-length=0 -fsigned-char -ffunction-sections -fdata-sections -ffreestanding -fno-move-loop-invariants -Wall -Wextra  -g3 -DDEBUG -DUSE_FULL_ASSERT -DTRACE -DOS_USE_TRACE_SEMIHOSTING_DEBUG -DSTM32F401xC -DUSE_HAL_DRIVER -DHSE_VALUE=25000000 -I"../include" -I"../system/include" -I"../system/include/cmsis" -I"../system/include/stm32f4-hal" -std=gnu11 -MMD -MP -MF"src/main.d" -MT"src/main.o" -c -o "src/main.o" "../src/main.c"
../src/main.c: In function 'main':
../src/main.c:77:14: warning: passing argument 1 of 'xTaskCreate' from incompatible pointer type [-Wincompatible-pointer-types]
  xTaskCreate(Task1,NULL,50,NULL,1,NULL);
              ^~~~~
In file included from ../src/main.c:12:0:
../src/task.h:355:16: note: expected 'TaskFunction_t {aka void (*)(void *)}' but argument is of type 'void (*)(void)'
     BaseType_t xTaskCreate( TaskFunction_t pxTaskCode,
                ^~~~~~~~~~~
../src/main.c:78:14: warning: passing argument 1 of 'xTaskCreate' from incompatible pointer type [-Wincompatible-pointer-types]
  xTaskCreate(Task2,NULL,50,NULL,2,NULL);
              ^~~~~
In file included from ../src/main.c:12:0:
../src/task.h:355:16: note: expected 'TaskFunction_t {aka void (*)(void *)}' but argument is of type 'void (*)(void)'
     BaseType_t xTaskCreate( TaskFunction_t pxTaskCode,
                ^~~~~~~~~~~
../src/main.c:79:14: warning: passing argument 1 of 'xTaskCreate' from incompatible pointer type [-Wincompatible-pointer-types]
  xTaskCreate(Task3,NULL,50,NULL,3,NULL);
              ^~~~~
In file included from ../src/main.c:12:0:
../src/task.h:355:16: note: expected 'TaskFunction_t {aka void (*)(void *)}' but argument is of type 'void (*)(void)'
     BaseType_t xTaskCreate( TaskFunction_t pxTaskCode,
                ^~~~~~~~~~~
Finished building: ../src/main.c
 
Building target: COTS_RTOS.elf
Invoking: Cross ARM GNU C++ Linker
arm-none-eabi-g++ -mcpu=cortex-m4 -mthumb -mfloat-abi=softfp -mfpu=fpv4-sp-d16 -Og -fmessage-length=0 -fsigned-char -ffunction-sections -fdata-sections -ffreestanding -fno-move-loop-invariants -Wall -Wextra  -g3 -T mem.ld -T libs.ld -T sections.ld -nostartfiles -Xlinker --gc-sections -L"../ldscripts" -Wl,-Map,"COTS_RTOS.map" --specs=nano.specs -o "COTS_RTOS.elf"  ./system/src/stm32f4-hal/stm32f4xx_hal.o ./system/src/stm32f4-hal/stm32f4xx_hal_cortex.o ./system/src/stm32f4-hal/stm32f4xx_hal_dfsdm.o ./system/src/stm32f4-hal/stm32f4xx_hal_flash.o ./system/src/stm32f4-hal/stm32f4xx_hal_gpio.o ./system/src/stm32f4-hal/stm32f4xx_hal_iwdg.o ./system/src/stm32f4-hal/stm32f4xx_hal_pwr.o ./system/src/stm32f4-hal/stm32f4xx_hal_rcc.o  ./system/src/newlib/_cxx.o ./system/src/newlib/_exit.o ./system/src/newlib/_sbrk.o ./system/src/newlib/_startup.o ./system/src/newlib/_syscalls.o ./system/src/newlib/assert.o  ./system/src/diag/Trace.o ./system/src/diag/trace_impl.o  ./system/src/cortexm/_initialize_hardware.o ./system/src/cortexm/_reset_hardware.o ./system/src/cortexm/exception_handlers.o  ./system/src/cmsis/system_stm32f4xx.o ./system/src/cmsis/vectors_stm32f401xc.o  ./src/GPIO_Program.o ./src/RCC_Program.o ./src/RTOS_Program.o ./src/STK_Program.o ./src/_initialize_hardware.o ./src/_write.o ./src/croutine.o ./src/event_groups.o ./src/heap_4.o ./src/list.o ./src/main.o ./src/port.o ./src/queue.o ./src/stm32f4xx_hal_msp.o ./src/stream_buffer.o ./src/tasks.o ./src/timers.o   
Finished building target: COTS_RTOS.elf
 
Invoking: Cross ARM GNU Create Flash Image
arm-none-eabi-objcopy -O ihex "COTS_RTOS.elf"  "COTS_RTOS.hex"
Finished building: COTS_RTOS.hex
 
Invoking: Cross ARM GNU Print Size
arm-none-eabi-size --format=berkeley "COTS_RTOS.elf"
   text	   data	    bss	    dec	    hex	filename
  12119	    164	  21140	  33423	   828f	COTS_RTOS.elf
Finished building: COTS_RTOS.siz
 
10:16:03 **** Incremental Build of configuration Debug for project COTS_RTOS ****
make all 
Building file: ../src/main.c
Invoking: Cross ARM GNU C Compiler
arm-none-eabi-gcc -mcpu=cortex-m4 -mthumb -mfloat-abi=softfp -mfpu=fpv4-sp-d16 -Og -fmessage-length=0 -fsigned-char -ffunction-sections -fdata-sections -ffreestanding -fno-move-loop-invariants -Wall -Wextra  -g3 -DDEBUG -DUSE_FULL_ASSERT -DTRACE -DOS_USE_TRACE_SEMIHOSTING_DEBUG -DSTM32F401xC -DUSE_HAL_DRIVER -DHSE_VALUE=25000000 -I"../include" -I"../system/include" -I"../system/include/cmsis" -I"../system/include/stm32f4-hal" -std=gnu11 -MMD -MP -MF"src/main.d" -MT"src/main.o" -c -o "src/main.o" "../src/main.c"
../src/main.c: In function 'main':
../src/main.c:77:14: warning: passing argument 1 of 'xTaskCreate' from incompatible pointer type [-Wincompatible-pointer-types]
  xTaskCreate(Task1,NULL,50,NULL,1,NULL);
              ^~~~~
In file included from ../src/main.c:12:0:
../src/task.h:355:16: note: expected 'TaskFunction_t {aka void (*)(void *)}' but argument is of type 'void (*)(void)'
     BaseType_t xTaskCreate( TaskFunction_t pxTaskCode,
                ^~~~~~~~~~~
../src/main.c:78:14: warning: passing argument 1 of 'xTaskCreate' from incompatible pointer type [-Wincompatible-pointer-types]
  xTaskCreate(Task2,NULL,50,NULL,2,NULL);
              ^~~~~
In file included from ../src/main.c:12:0:
../src/task.h:355:16: note: expected 'TaskFunction_t {aka void (*)(void *)}' but argument is of type 'void (*)(void)'
     BaseType_t xTaskCreate( TaskFunction_t pxTaskCode,
                ^~~~~~~~~~~
../src/main.c:79:14: warning: passing argument 1 of 'xTaskCreate' from incompatible pointer type [-Wincompatible-pointer-types]
  xTaskCreate(Task3,NULL,50,NULL,3,NULL);
              ^~~~~
In file included from ../src/main.c:12:0:
../src/task.h:355:16: note: expected 'TaskFunction_t {aka void (*)(void *)}' but argument is of type 'void (*)(void)'
     BaseType_t xTaskCreate( TaskFunction_t pxTaskCode,
                ^~~~~~~~~~~
Finished building: ../src/main.c
 
Building target: COTS_RTOS.elf
Invoking: Cross ARM GNU C++ Linker
arm-none-eabi-g++ -mcpu=cortex-m4 -mthumb -mfloat-abi=softfp -mfpu=fpv4-sp-d16 -Og -fmessage-length=0 -fsigned-char -ffunction-sections -fdata-sections -ffreestanding -fno-move-loop-invariants -Wall -Wextra  -g3 -T mem.ld -T libs.ld -T sections.ld -nostartfiles -Xlinker --gc-sections -L"../ldscripts" -Wl,-Map,"COTS_RTOS.map" --specs=nano.specs -o "COTS_RTOS.elf"  ./system/src/stm32f4-hal/stm32f4xx_hal.o ./system/src/stm32f4-hal/stm32f4xx_hal_cortex.o ./system/src/stm32f4-hal/stm32f4xx_hal_dfsdm.o ./system/src/stm32f4-hal/stm32f4xx_hal_flash.o ./system/src/stm32f4-hal/stm32f4xx_hal_gpio.o ./system/src/stm32f4-hal/stm32f4xx_hal_iwdg.o ./system/src/stm32f4-hal/stm32f4xx_hal_pwr.o ./system/src/stm32f4-hal/stm32f4xx_hal_rcc.o  ./system/src/newlib/_cxx.o ./system/src/newlib/_exit.o ./system/src/newlib/_sbrk.o ./system/src/newlib/_startup.o ./system/src/newlib/_syscalls.o ./system/src/newlib/assert.o  ./system/src/diag/Trace.o ./system/src/diag/trace_impl.o  ./system/src/cortexm/_initialize_hardware.o ./system/src/cortexm/_reset_hardware.o ./system/src/cortexm/exception_handlers.o  ./system/src/cmsis/system_stm32f4xx.o ./system/src/cmsis/vectors_stm32f401xc.o  ./src/GPIO_Program.o ./src/RCC_Program.o ./src/RTOS_Program.o ./src/STK_Program.o ./src/_initialize_hardware.o ./src/_write.o ./src/croutine.o ./src/event_groups.o ./src/heap_4.o ./src/list.o ./src/main.o ./src/port.o ./src/queue.o ./src/stm32f4xx_hal_msp.o ./src/stream_buffer.o ./src/tasks.o ./src/timers.o   
Finished building target: COTS_RTOS.elf
 
Invoking: Cross ARM GNU Create Flash Image
arm-none-eabi-objcopy -O ihex "COTS_RTOS.elf"  "COTS_RTOS.hex"
Finished building: COTS_RTOS.hex
 
Invoking: Cross ARM GNU Print Size
arm-none-eabi-size --format=berkeley "COTS_RTOS.elf"
   text	   data	    bss	    dec	    hex	filename
  12119	    164	  21140	  33423	   828f	COTS_RTOS.elf
Finished building: COTS_RTOS.siz
 
10:16:54 **** Incremental Build of configuration Debug for project COTS_RTOS ****
make all 
Building file: ../src/main.c
Invoking: Cross ARM GNU C Compiler
arm-none-eabi-gcc -mcpu=cortex-m4 -mthumb -mfloat-abi=softfp -mfpu=fpv4-sp-d16 -Og -fmessage-length=0 -fsigned-char -ffunction-sections -fdata-sections -ffreestanding -fno-move-loop-invariants -Wall -Wextra  -g3 -DDEBUG -DUSE_FULL_ASSERT -DTRACE -DOS_USE_TRACE_SEMIHOSTING_DEBUG -DSTM32F401xC -DUSE_HAL_DRIVER -DHSE_VALUE=25000000 -I"../include" -I"../system/include" -I"../system/include/cmsis" -I"../system/include/stm32f4-hal" -std=gnu11 -MMD -MP -MF"src/main.d" -MT"src/main.o" -c -o "src/main.o" "../src/main.c"
../src/main.c: In function 'main':
../src/main.c:77:14: warning: passing argument 1 of 'xTaskCreate' from incompatible pointer type [-Wincompatible-pointer-types]
  xTaskCreate(Task1,NULL,50,NULL,1,NULL);
              ^~~~~
In file included from ../src/main.c:12:0:
../src/task.h:355:16: note: expected 'TaskFunction_t {aka void (*)(void *)}' but argument is of type 'void (*)(void)'
     BaseType_t xTaskCreate( TaskFunction_t pxTaskCode,
                ^~~~~~~~~~~
../src/main.c:78:14: warning: passing argument 1 of 'xTaskCreate' from incompatible pointer type [-Wincompatible-pointer-types]
  xTaskCreate(Task2,NULL,50,NULL,2,NULL);
              ^~~~~
In file included from ../src/main.c:12:0:
../src/task.h:355:16: note: expected 'TaskFunction_t {aka void (*)(void *)}' but argument is of type 'void (*)(void)'
     BaseType_t xTaskCreate( TaskFunction_t pxTaskCode,
                ^~~~~~~~~~~
../src/main.c:79:14: warning: passing argument 1 of 'xTaskCreate' from incompatible pointer type [-Wincompatible-pointer-types]
  xTaskCreate(Task3,NULL,50,NULL,3,NULL);
              ^~~~~
In file included from ../src/main.c:12:0:
../src/task.h:355:16: note: expected 'TaskFunction_t {aka void (*)(void *)}' but argument is of type 'void (*)(void)'
     BaseType_t xTaskCreate( TaskFunction_t pxTaskCode,
                ^~~~~~~~~~~
Finished building: ../src/main.c
 
Building target: COTS_RTOS.elf
Invoking: Cross ARM GNU C++ Linker
arm-none-eabi-g++ -mcpu=cortex-m4 -mthumb -mfloat-abi=softfp -mfpu=fpv4-sp-d16 -Og -fmessage-length=0 -fsigned-char -ffunction-sections -fdata-sections -ffreestanding -fno-move-loop-invariants -Wall -Wextra  -g3 -T mem.ld -T libs.ld -T sections.ld -nostartfiles -Xlinker --gc-sections -L"../ldscripts" -Wl,-Map,"COTS_RTOS.map" --specs=nano.specs -o "COTS_RTOS.elf"  ./system/src/stm32f4-hal/stm32f4xx_hal.o ./system/src/stm32f4-hal/stm32f4xx_hal_cortex.o ./system/src/stm32f4-hal/stm32f4xx_hal_dfsdm.o ./system/src/stm32f4-hal/stm32f4xx_hal_flash.o ./system/src/stm32f4-hal/stm32f4xx_hal_gpio.o ./system/src/stm32f4-hal/stm32f4xx_hal_iwdg.o ./system/src/stm32f4-hal/stm32f4xx_hal_pwr.o ./system/src/stm32f4-hal/stm32f4xx_hal_rcc.o  ./system/src/newlib/_cxx.o ./system/src/newlib/_exit.o ./system/src/newlib/_sbrk.o ./system/src/newlib/_startup.o ./system/src/newlib/_syscalls.o ./system/src/newlib/assert.o  ./system/src/diag/Trace.o ./system/src/diag/trace_impl.o  ./system/src/cortexm/_initialize_hardware.o ./system/src/cortexm/_reset_hardware.o ./system/src/cortexm/exception_handlers.o  ./system/src/cmsis/system_stm32f4xx.o ./system/src/cmsis/vectors_stm32f401xc.o  ./src/GPIO_Program.o ./src/RCC_Program.o ./src/RTOS_Program.o ./src/STK_Program.o ./src/_initialize_hardware.o ./src/_write.o ./src/croutine.o ./src/event_groups.o ./src/heap_4.o ./src/list.o ./src/main.o ./src/port.o ./src/queue.o ./src/stm32f4xx_hal_msp.o ./src/stream_buffer.o ./src/tasks.o ./src/timers.o   
Finished building target: COTS_RTOS.elf
 
Invoking: Cross ARM GNU Create Flash Image
arm-none-eabi-objcopy -O ihex "COTS_RTOS.elf"  "COTS_RTOS.hex"
Finished building: COTS_RTOS.hex
 
Invoking: Cross ARM GNU Print Size
arm-none-eabi-size --format=berkeley "COTS_RTOS.elf"
   text	   data	    bss	    dec	    hex	filename
  14983	    168	  21208	  36359	   8e07	COTS_RTOS.elf
Finished building: COTS_RTOS.siz
 
10:18:46 **** Incremental Build of configuration Debug for project COTS_RTOS ****
make all 
Building file: ../src/main.c
Invoking: Cross ARM GNU C Compiler
arm-none-eabi-gcc -mcpu=cortex-m4 -mthumb -mfloat-abi=softfp -mfpu=fpv4-sp-d16 -Og -fmessage-length=0 -fsigned-char -ffunction-sections -fdata-sections -ffreestanding -fno-move-loop-invariants -Wall -Wextra  -g3 -DDEBUG -DUSE_FULL_ASSERT -DTRACE -DOS_USE_TRACE_SEMIHOSTING_DEBUG -DSTM32F401xC -DUSE_HAL_DRIVER -DHSE_VALUE=25000000 -I"../include" -I"../system/include" -I"../system/include/cmsis" -I"../system/include/stm32f4-hal" -std=gnu11 -MMD -MP -MF"src/main.d" -MT"src/main.o" -c -o "src/main.o" "../src/main.c"
../src/main.c: In function 'main':
../src/main.c:77:14: warning: passing argument 1 of 'xTaskCreate' from incompatible pointer type [-Wincompatible-pointer-types]
  xTaskCreate(Task1,NULL,50,NULL,1,NULL);
              ^~~~~
In file included from ../src/main.c:12:0:
../src/task.h:355:16: note: expected 'TaskFunction_t {aka void (*)(void *)}' but argument is of type 'void (*)(void)'
     BaseType_t xTaskCreate( TaskFunction_t pxTaskCode,
                ^~~~~~~~~~~
../src/main.c:78:14: warning: passing argument 1 of 'xTaskCreate' from incompatible pointer type [-Wincompatible-pointer-types]
  xTaskCreate(Task2,NULL,50,NULL,2,NULL);
              ^~~~~
In file included from ../src/main.c:12:0:
../src/task.h:355:16: note: expected 'TaskFunction_t {aka void (*)(void *)}' but argument is of type 'void (*)(void)'
     BaseType_t xTaskCreate( TaskFunction_t pxTaskCode,
                ^~~~~~~~~~~
../src/main.c:79:14: warning: passing argument 1 of 'xTaskCreate' from incompatible pointer type [-Wincompatible-pointer-types]
  xTaskCreate(Task3,NULL,50,NULL,3,NULL);
              ^~~~~
In file included from ../src/main.c:12:0:
../src/task.h:355:16: note: expected 'TaskFunction_t {aka void (*)(void *)}' but argument is of type 'void (*)(void)'
     BaseType_t xTaskCreate( TaskFunction_t pxTaskCode,
                ^~~~~~~~~~~
Finished building: ../src/main.c
 
Building target: COTS_RTOS.elf
Invoking: Cross ARM GNU C++ Linker
arm-none-eabi-g++ -mcpu=cortex-m4 -mthumb -mfloat-abi=softfp -mfpu=fpv4-sp-d16 -Og -fmessage-length=0 -fsigned-char -ffunction-sections -fdata-sections -ffreestanding -fno-move-loop-invariants -Wall -Wextra  -g3 -T mem.ld -T libs.ld -T sections.ld -nostartfiles -Xlinker --gc-sections -L"../ldscripts" -Wl,-Map,"COTS_RTOS.map" --specs=nano.specs -o "COTS_RTOS.elf"  ./system/src/stm32f4-hal/stm32f4xx_hal.o ./system/src/stm32f4-hal/stm32f4xx_hal_cortex.o ./system/src/stm32f4-hal/stm32f4xx_hal_dfsdm.o ./system/src/stm32f4-hal/stm32f4xx_hal_flash.o ./system/src/stm32f4-hal/stm32f4xx_hal_gpio.o ./system/src/stm32f4-hal/stm32f4xx_hal_iwdg.o ./system/src/stm32f4-hal/stm32f4xx_hal_pwr.o ./system/src/stm32f4-hal/stm32f4xx_hal_rcc.o  ./system/src/newlib/_cxx.o ./system/src/newlib/_exit.o ./system/src/newlib/_sbrk.o ./system/src/newlib/_startup.o ./system/src/newlib/_syscalls.o ./system/src/newlib/assert.o  ./system/src/diag/Trace.o ./system/src/diag/trace_impl.o  ./system/src/cortexm/_initialize_hardware.o ./system/src/cortexm/_reset_hardware.o ./system/src/cortexm/exception_handlers.o  ./system/src/cmsis/system_stm32f4xx.o ./system/src/cmsis/vectors_stm32f401xc.o  ./src/GPIO_Program.o ./src/RCC_Program.o ./src/RTOS_Program.o ./src/STK_Program.o ./src/_initialize_hardware.o ./src/_write.o ./src/croutine.o ./src/event_groups.o ./src/heap_4.o ./src/list.o ./src/main.o ./src/port.o ./src/queue.o ./src/stm32f4xx_hal_msp.o ./src/stream_buffer.o ./src/tasks.o ./src/timers.o   
Finished building target: COTS_RTOS.elf
 
Invoking: Cross ARM GNU Create Flash Image
arm-none-eabi-objcopy -O ihex "COTS_RTOS.elf"  "COTS_RTOS.hex"
Finished building: COTS_RTOS.hex
 
Invoking: Cross ARM GNU Print Size
arm-none-eabi-size --format=berkeley "COTS_RTOS.elf"
   text	   data	    bss	    dec	    hex	filename
  14983	    168	  21208	  36359	   8e07	COTS_RTOS.elf
Finished building: COTS_RTOS.siz
 
10:19:37 **** Incremental Build of configuration Debug for project COTS_RTOS ****
make all 
Building file: ../src/main.c
Invoking: Cross ARM GNU C Compiler
arm-none-eabi-gcc -mcpu=cortex-m4 -mthumb -mfloat-abi=softfp -mfpu=fpv4-sp-d16 -Og -fmessage-length=0 -fsigned-char -ffunction-sections -fdata-sections -ffreestanding -fno-move-loop-invariants -Wall -Wextra  -g3 -DDEBUG -DUSE_FULL_ASSERT -DTRACE -DOS_USE_TRACE_SEMIHOSTING_DEBUG -DSTM32F401xC -DUSE_HAL_DRIVER -DHSE_VALUE=25000000 -I"../include" -I"../system/include" -I"../system/include/cmsis" -I"../system/include/stm32f4-hal" -std=gnu11 -MMD -MP -MF"src/main.d" -MT"src/main.o" -c -o "src/main.o" "../src/main.c"
../src/main.c: In function 'main':
../src/main.c:77:14: warning: passing argument 1 of 'xTaskCreate' from incompatible pointer type [-Wincompatible-pointer-types]
  xTaskCreate(Task1,NULL,50,NULL,1,NULL);
              ^~~~~
In file included from ../src/main.c:12:0:
../src/task.h:355:16: note: expected 'TaskFunction_t {aka void (*)(void *)}' but argument is of type 'void (*)(void)'
     BaseType_t xTaskCreate( TaskFunction_t pxTaskCode,
                ^~~~~~~~~~~
../src/main.c:78:14: warning: passing argument 1 of 'xTaskCreate' from incompatible pointer type [-Wincompatible-pointer-types]
  xTaskCreate(Task2,NULL,50,NULL,2,NULL);
              ^~~~~
In file included from ../src/main.c:12:0:
../src/task.h:355:16: note: expected 'TaskFunction_t {aka void (*)(void *)}' but argument is of type 'void (*)(void)'
     BaseType_t xTaskCreate( TaskFunction_t pxTaskCode,
                ^~~~~~~~~~~
../src/main.c:79:14: warning: passing argument 1 of 'xTaskCreate' from incompatible pointer type [-Wincompatible-pointer-types]
  xTaskCreate(Task3,NULL,50,NULL,3,NULL);
              ^~~~~
In file included from ../src/main.c:12:0:
../src/task.h:355:16: note: expected 'TaskFunction_t {aka void (*)(void *)}' but argument is of type 'void (*)(void)'
     BaseType_t xTaskCreate( TaskFunction_t pxTaskCode,
                ^~~~~~~~~~~
Finished building: ../src/main.c
 
Building target: COTS_RTOS.elf
Invoking: Cross ARM GNU C++ Linker
arm-none-eabi-g++ -mcpu=cortex-m4 -mthumb -mfloat-abi=softfp -mfpu=fpv4-sp-d16 -Og -fmessage-length=0 -fsigned-char -ffunction-sections -fdata-sections -ffreestanding -fno-move-loop-invariants -Wall -Wextra  -g3 -T mem.ld -T libs.ld -T sections.ld -nostartfiles -Xlinker --gc-sections -L"../ldscripts" -Wl,-Map,"COTS_RTOS.map" --specs=nano.specs -o "COTS_RTOS.elf"  ./system/src/stm32f4-hal/stm32f4xx_hal.o ./system/src/stm32f4-hal/stm32f4xx_hal_cortex.o ./system/src/stm32f4-hal/stm32f4xx_hal_dfsdm.o ./system/src/stm32f4-hal/stm32f4xx_hal_flash.o ./system/src/stm32f4-hal/stm32f4xx_hal_gpio.o ./system/src/stm32f4-hal/stm32f4xx_hal_iwdg.o ./system/src/stm32f4-hal/stm32f4xx_hal_pwr.o ./system/src/stm32f4-hal/stm32f4xx_hal_rcc.o  ./system/src/newlib/_cxx.o ./system/src/newlib/_exit.o ./system/src/newlib/_sbrk.o ./system/src/newlib/_startup.o ./system/src/newlib/_syscalls.o ./system/src/newlib/assert.o  ./system/src/diag/Trace.o ./system/src/diag/trace_impl.o  ./system/src/cortexm/_initialize_hardware.o ./system/src/cortexm/_reset_hardware.o ./system/src/cortexm/exception_handlers.o  ./system/src/cmsis/system_stm32f4xx.o ./system/src/cmsis/vectors_stm32f401xc.o  ./src/GPIO_Program.o ./src/RCC_Program.o ./src/RTOS_Program.o ./src/STK_Program.o ./src/_initialize_hardware.o ./src/_write.o ./src/croutine.o ./src/event_groups.o ./src/heap_4.o ./src/list.o ./src/main.o ./src/port.o ./src/queue.o ./src/stm32f4xx_hal_msp.o ./src/stream_buffer.o ./src/tasks.o ./src/timers.o   
Finished building target: COTS_RTOS.elf
 
Invoking: Cross ARM GNU Create Flash Image
arm-none-eabi-objcopy -O ihex "COTS_RTOS.elf"  "COTS_RTOS.hex"
Finished building: COTS_RTOS.hex
 
Invoking: Cross ARM GNU Print Size
arm-none-eabi-size --format=berkeley "COTS_RTOS.elf"
   text	   data	    bss	    dec	    hex	filename
  14983	    168	  21208	  36359	   8e07	COTS_RTOS.elf
Finished building: COTS_RTOS.siz
 
10:21:35 **** Incremental Build of configuration Debug for project COTS_RTOS ****
make all 
Invoking: Cross ARM GNU Print Size
arm-none-eabi-size --format=berkeley "COTS_RTOS.elf"
   text	   data	    bss	    dec	    hex	filename
  14983	    168	  21208	  36359	   8e07	COTS_RTOS.elf
Finished building: COTS_RTOS.siz
 
11:05:27 **** Build of configuration Debug for project COTS_RTOS ****
make all 
Building file: ../src/main.c
Invoking: Cross ARM GNU C Compiler
arm-none-eabi-gcc -mcpu=cortex-m4 -mthumb -mfloat-abi=softfp -mfpu=fpv4-sp-d16 -Og -fmessage-length=0 -fsigned-char -ffunction-sections -fdata-sections -ffreestanding -fno-move-loop-invariants -Wall -Wextra  -g3 -DDEBUG -DUSE_FULL_ASSERT -DTRACE -DOS_USE_TRACE_SEMIHOSTING_DEBUG -DSTM32F401xC -DUSE_HAL_DRIVER -DHSE_VALUE=25000000 -I"../include" -I"../system/include" -I"../system/include/cmsis" -I"../system/include/stm32f4-hal" -std=gnu11 -MMD -MP -MF"src/main.d" -MT"src/main.o" -c -o "src/main.o" "../src/main.c"
../src/main.c: In function 'main':
../src/main.c:82:14: warning: passing argument 1 of 'xTaskCreate' from incompatible pointer type [-Wincompatible-pointer-types]
  xTaskCreate(Task1,NULL,50,NULL,1,NULL);
              ^~~~~
In file included from ../src/main.c:12:0:
../src/task.h:355:16: note: expected 'TaskFunction_t {aka void (*)(void *)}' but argument is of type 'void (*)(void)'
     BaseType_t xTaskCreate( TaskFunction_t pxTaskCode,
                ^~~~~~~~~~~
../src/main.c:83:14: warning: passing argument 1 of 'xTaskCreate' from incompatible pointer type [-Wincompatible-pointer-types]
  xTaskCreate(Task2,NULL,50,NULL,2,NULL);
              ^~~~~
In file included from ../src/main.c:12:0:
../src/task.h:355:16: note: expected 'TaskFunction_t {aka void (*)(void *)}' but argument is of type 'void (*)(void)'
     BaseType_t xTaskCreate( TaskFunction_t pxTaskCode,
                ^~~~~~~~~~~
../src/main.c:84:14: warning: passing argument 1 of 'xTaskCreate' from incompatible pointer type [-Wincompatible-pointer-types]
  xTaskCreate(Task3,NULL,50,NULL,3,NULL);
              ^~~~~
In file included from ../src/main.c:12:0:
../src/task.h:355:16: note: expected 'TaskFunction_t {aka void (*)(void *)}' but argument is of type 'void (*)(void)'
     BaseType_t xTaskCreate( TaskFunction_t pxTaskCode,
                ^~~~~~~~~~~
Finished building: ../src/main.c
 
Building target: COTS_RTOS.elf
Invoking: Cross ARM GNU C++ Linker
arm-none-eabi-g++ -mcpu=cortex-m4 -mthumb -mfloat-abi=softfp -mfpu=fpv4-sp-d16 -Og -fmessage-length=0 -fsigned-char -ffunction-sections -fdata-sections -ffreestanding -fno-move-loop-invariants -Wall -Wextra  -g3 -T mem.ld -T libs.ld -T sections.ld -nostartfiles -Xlinker --gc-sections -L"../ldscripts" -Wl,-Map,"COTS_RTOS.map" --specs=nano.specs -o "COTS_RTOS.elf"  ./system/src/stm32f4-hal/stm32f4xx_hal.o ./system/src/stm32f4-hal/stm32f4xx_hal_cortex.o ./system/src/stm32f4-hal/stm32f4xx_hal_dfsdm.o ./system/src/stm32f4-hal/stm32f4xx_hal_flash.o ./system/src/stm32f4-hal/stm32f4xx_hal_gpio.o ./system/src/stm32f4-hal/stm32f4xx_hal_iwdg.o ./system/src/stm32f4-hal/stm32f4xx_hal_pwr.o ./system/src/stm32f4-hal/stm32f4xx_hal_rcc.o  ./system/src/newlib/_cxx.o ./system/src/newlib/_exit.o ./system/src/newlib/_sbrk.o ./system/src/newlib/_startup.o ./system/src/newlib/_syscalls.o ./system/src/newlib/assert.o  ./system/src/diag/Trace.o ./system/src/diag/trace_impl.o  ./system/src/cortexm/_initialize_hardware.o ./system/src/cortexm/_reset_hardware.o ./system/src/cortexm/exception_handlers.o  ./system/src/cmsis/system_stm32f4xx.o ./system/src/cmsis/vectors_stm32f401xc.o  ./src/GPIO_Program.o ./src/RCC_Program.o ./src/RTOS_Program.o ./src/STK_Program.o ./src/_initialize_hardware.o ./src/_write.o ./src/croutine.o ./src/event_groups.o ./src/heap_4.o ./src/list.o ./src/main.o ./src/port.o ./src/queue.o ./src/stm32f4xx_hal_msp.o ./src/stream_buffer.o ./src/tasks.o ./src/timers.o   
Finished building target: COTS_RTOS.elf
 
Invoking: Cross ARM GNU Create Flash Image
arm-none-eabi-objcopy -O ihex "COTS_RTOS.elf"  "COTS_RTOS.hex"
Finished building: COTS_RTOS.hex
 
Invoking: Cross ARM GNU Print Size
arm-none-eabi-size --format=berkeley "COTS_RTOS.elf"
   text	   data	    bss	    dec	    hex	filename
  15735	    168	  21212	  37115	   90fb	COTS_RTOS.elf
Finished building: COTS_RTOS.siz
 
11:11:55 **** Incremental Build of configuration Debug for project COTS_RTOS ****
make all 
Building file: ../src/main.c
Invoking: Cross ARM GNU C Compiler
arm-none-eabi-gcc -mcpu=cortex-m4 -mthumb -mfloat-abi=softfp -mfpu=fpv4-sp-d16 -Og -fmessage-length=0 -fsigned-char -ffunction-sections -fdata-sections -ffreestanding -fno-move-loop-invariants -Wall -Wextra  -g3 -DDEBUG -DUSE_FULL_ASSERT -DTRACE -DOS_USE_TRACE_SEMIHOSTING_DEBUG -DSTM32F401xC -DUSE_HAL_DRIVER -DHSE_VALUE=25000000 -I"../include" -I"../system/include" -I"../system/include/cmsis" -I"../system/include/stm32f4-hal" -std=gnu11 -MMD -MP -MF"src/main.d" -MT"src/main.o" -c -o "src/main.o" "../src/main.c"
../src/main.c: In function 'main':
../src/main.c:84:14: warning: passing argument 1 of 'xTaskCreate' from incompatible pointer type [-Wincompatible-pointer-types]
  xTaskCreate(Task1,NULL,50,NULL,1,NULL);
              ^~~~~
In file included from ../src/main.c:12:0:
../src/task.h:355:16: note: expected 'TaskFunction_t {aka void (*)(void *)}' but argument is of type 'void (*)(void)'
     BaseType_t xTaskCreate( TaskFunction_t pxTaskCode,
                ^~~~~~~~~~~
../src/main.c:85:14: warning: passing argument 1 of 'xTaskCreate' from incompatible pointer type [-Wincompatible-pointer-types]
  xTaskCreate(Task2,NULL,50,NULL,2,NULL);
              ^~~~~
In file included from ../src/main.c:12:0:
../src/task.h:355:16: note: expected 'TaskFunction_t {aka void (*)(void *)}' but argument is of type 'void (*)(void)'
     BaseType_t xTaskCreate( TaskFunction_t pxTaskCode,
                ^~~~~~~~~~~
../src/main.c:86:14: warning: passing argument 1 of 'xTaskCreate' from incompatible pointer type [-Wincompatible-pointer-types]
  xTaskCreate(Task3,NULL,50,NULL,3,NULL);
              ^~~~~
In file included from ../src/main.c:12:0:
../src/task.h:355:16: note: expected 'TaskFunction_t {aka void (*)(void *)}' but argument is of type 'void (*)(void)'
     BaseType_t xTaskCreate( TaskFunction_t pxTaskCode,
                ^~~~~~~~~~~
Finished building: ../src/main.c
 
Building target: COTS_RTOS.elf
Invoking: Cross ARM GNU C++ Linker
arm-none-eabi-g++ -mcpu=cortex-m4 -mthumb -mfloat-abi=softfp -mfpu=fpv4-sp-d16 -Og -fmessage-length=0 -fsigned-char -ffunction-sections -fdata-sections -ffreestanding -fno-move-loop-invariants -Wall -Wextra  -g3 -T mem.ld -T libs.ld -T sections.ld -nostartfiles -Xlinker --gc-sections -L"../ldscripts" -Wl,-Map,"COTS_RTOS.map" --specs=nano.specs -o "COTS_RTOS.elf"  ./system/src/stm32f4-hal/stm32f4xx_hal.o ./system/src/stm32f4-hal/stm32f4xx_hal_cortex.o ./system/src/stm32f4-hal/stm32f4xx_hal_dfsdm.o ./system/src/stm32f4-hal/stm32f4xx_hal_flash.o ./system/src/stm32f4-hal/stm32f4xx_hal_gpio.o ./system/src/stm32f4-hal/stm32f4xx_hal_iwdg.o ./system/src/stm32f4-hal/stm32f4xx_hal_pwr.o ./system/src/stm32f4-hal/stm32f4xx_hal_rcc.o  ./system/src/newlib/_cxx.o ./system/src/newlib/_exit.o ./system/src/newlib/_sbrk.o ./system/src/newlib/_startup.o ./system/src/newlib/_syscalls.o ./system/src/newlib/assert.o  ./system/src/diag/Trace.o ./system/src/diag/trace_impl.o  ./system/src/cortexm/_initialize_hardware.o ./system/src/cortexm/_reset_hardware.o ./system/src/cortexm/exception_handlers.o  ./system/src/cmsis/system_stm32f4xx.o ./system/src/cmsis/vectors_stm32f401xc.o  ./src/GPIO_Program.o ./src/RCC_Program.o ./src/RTOS_Program.o ./src/STK_Program.o ./src/_initialize_hardware.o ./src/_write.o ./src/croutine.o ./src/event_groups.o ./src/heap_4.o ./src/list.o ./src/main.o ./src/port.o ./src/queue.o ./src/stm32f4xx_hal_msp.o ./src/stream_buffer.o ./src/tasks.o ./src/timers.o   
Finished building target: COTS_RTOS.elf
 
Invoking: Cross ARM GNU Create Flash Image
arm-none-eabi-objcopy -O ihex "COTS_RTOS.elf"  "COTS_RTOS.hex"
Finished building: COTS_RTOS.hex
 
Invoking: Cross ARM GNU Print Size
arm-none-eabi-size --format=berkeley "COTS_RTOS.elf"
   text	   data	    bss	    dec	    hex	filename
  16599	    168	  21216	  37983	   945f	COTS_RTOS.elf
Finished building: COTS_RTOS.siz
 
11:19:02 **** Incremental Build of configuration Debug for project COTS_RTOS ****
make all 
Building file: ../src/main.c
Invoking: Cross ARM GNU C Compiler
arm-none-eabi-gcc -mcpu=cortex-m4 -mthumb -mfloat-abi=softfp -mfpu=fpv4-sp-d16 -Og -fmessage-length=0 -fsigned-char -ffunction-sections -fdata-sections -ffreestanding -fno-move-loop-invariants -Wall -Wextra  -g3 -DDEBUG -DUSE_FULL_ASSERT -DTRACE -DOS_USE_TRACE_SEMIHOSTING_DEBUG -DSTM32F401xC -DUSE_HAL_DRIVER -DHSE_VALUE=25000000 -I"../include" -I"../system/include" -I"../system/include/cmsis" -I"../system/include/stm32f4-hal" -std=gnu11 -MMD -MP -MF"src/main.d" -MT"src/main.o" -c -o "src/main.o" "../src/main.c"
../src/main.c: In function 'main':
../src/main.c:97:14: warning: passing argument 1 of 'xTaskCreate' from incompatible pointer type [-Wincompatible-pointer-types]
  xTaskCreate(Task1,NULL,50,NULL,1,NULL);
              ^~~~~
In file included from ../src/main.c:12:0:
../src/task.h:355:16: note: expected 'TaskFunction_t {aka void (*)(void *)}' but argument is of type 'void (*)(void)'
     BaseType_t xTaskCreate( TaskFunction_t pxTaskCode,
                ^~~~~~~~~~~
../src/main.c:98:14: warning: passing argument 1 of 'xTaskCreate' from incompatible pointer type [-Wincompatible-pointer-types]
  xTaskCreate(Task2,NULL,50,NULL,2,NULL);
              ^~~~~
In file included from ../src/main.c:12:0:
../src/task.h:355:16: note: expected 'TaskFunction_t {aka void (*)(void *)}' but argument is of type 'void (*)(void)'
     BaseType_t xTaskCreate( TaskFunction_t pxTaskCode,
                ^~~~~~~~~~~
../src/main.c:99:14: warning: passing argument 1 of 'xTaskCreate' from incompatible pointer type [-Wincompatible-pointer-types]
  xTaskCreate(Task3,NULL,50,NULL,3,NULL);
              ^~~~~
In file included from ../src/main.c:12:0:
../src/task.h:355:16: note: expected 'TaskFunction_t {aka void (*)(void *)}' but argument is of type 'void (*)(void)'
     BaseType_t xTaskCreate( TaskFunction_t pxTaskCode,
                ^~~~~~~~~~~
Finished building: ../src/main.c
 
Building target: COTS_RTOS.elf
Invoking: Cross ARM GNU C++ Linker
arm-none-eabi-g++ -mcpu=cortex-m4 -mthumb -mfloat-abi=softfp -mfpu=fpv4-sp-d16 -Og -fmessage-length=0 -fsigned-char -ffunction-sections -fdata-sections -ffreestanding -fno-move-loop-invariants -Wall -Wextra  -g3 -T mem.ld -T libs.ld -T sections.ld -nostartfiles -Xlinker --gc-sections -L"../ldscripts" -Wl,-Map,"COTS_RTOS.map" --specs=nano.specs -o "COTS_RTOS.elf"  ./system/src/stm32f4-hal/stm32f4xx_hal.o ./system/src/stm32f4-hal/stm32f4xx_hal_cortex.o ./system/src/stm32f4-hal/stm32f4xx_hal_dfsdm.o ./system/src/stm32f4-hal/stm32f4xx_hal_flash.o ./system/src/stm32f4-hal/stm32f4xx_hal_gpio.o ./system/src/stm32f4-hal/stm32f4xx_hal_iwdg.o ./system/src/stm32f4-hal/stm32f4xx_hal_pwr.o ./system/src/stm32f4-hal/stm32f4xx_hal_rcc.o  ./system/src/newlib/_cxx.o ./system/src/newlib/_exit.o ./system/src/newlib/_sbrk.o ./system/src/newlib/_startup.o ./system/src/newlib/_syscalls.o ./system/src/newlib/assert.o  ./system/src/diag/Trace.o ./system/src/diag/trace_impl.o  ./system/src/cortexm/_initialize_hardware.o ./system/src/cortexm/_reset_hardware.o ./system/src/cortexm/exception_handlers.o  ./system/src/cmsis/system_stm32f4xx.o ./system/src/cmsis/vectors_stm32f401xc.o  ./src/GPIO_Program.o ./src/RCC_Program.o ./src/RTOS_Program.o ./src/STK_Program.o ./src/_initialize_hardware.o ./src/_write.o ./src/croutine.o ./src/event_groups.o ./src/heap_4.o ./src/list.o ./src/main.o ./src/port.o ./src/queue.o ./src/stm32f4xx_hal_msp.o ./src/stream_buffer.o ./src/tasks.o ./src/timers.o   
Finished building target: COTS_RTOS.elf
 
Invoking: Cross ARM GNU Create Flash Image
arm-none-eabi-objcopy -O ihex "COTS_RTOS.elf"  "COTS_RTOS.hex"
Finished building: COTS_RTOS.hex
 
Invoking: Cross ARM GNU Print Size
arm-none-eabi-size --format=berkeley "COTS_RTOS.elf"
   text	   data	    bss	    dec	    hex	filename
  16695	    168	  21216	  38079	   94bf	COTS_RTOS.elf
Finished building: COTS_RTOS.siz
 
11:24:34 **** Incremental Build of configuration Debug for project COTS_RTOS ****
make all 
Invoking: Cross ARM GNU Print Size
arm-none-eabi-size --format=berkeley "COTS_RTOS.elf"
   text	   data	    bss	    dec	    hex	filename
  16695	    168	  21216	  38079	   94bf	COTS_RTOS.elf
Finished building: COTS_RTOS.siz
 
11:29:14 **** Incremental Build of configuration Debug for project COTS_RTOS ****
make all 
Building file: ../src/main.c
Invoking: Cross ARM GNU C Compiler
arm-none-eabi-gcc -mcpu=cortex-m4 -mthumb -mfloat-abi=softfp -mfpu=fpv4-sp-d16 -Og -fmessage-length=0 -fsigned-char -ffunction-sections -fdata-sections -ffreestanding -fno-move-loop-invariants -Wall -Wextra  -g3 -DDEBUG -DUSE_FULL_ASSERT -DTRACE -DOS_USE_TRACE_SEMIHOSTING_DEBUG -DSTM32F401xC -DUSE_HAL_DRIVER -DHSE_VALUE=25000000 -I"../include" -I"../system/include" -I"../system/include/cmsis" -I"../system/include/stm32f4-hal" -std=gnu11 -MMD -MP -MF"src/main.d" -MT"src/main.o" -c -o "src/main.o" "../src/main.c"
../src/main.c: In function 'main':
../src/main.c:97:14: warning: passing argument 1 of 'xTaskCreate' from incompatible pointer type [-Wincompatible-pointer-types]
  xTaskCreate(Task1,NULL,50,NULL,1,NULL);
              ^~~~~
In file included from ../src/main.c:12:0:
../src/task.h:355:16: note: expected 'TaskFunction_t {aka void (*)(void *)}' but argument is of type 'void (*)(void)'
     BaseType_t xTaskCreate( TaskFunction_t pxTaskCode,
                ^~~~~~~~~~~
../src/main.c:98:14: warning: passing argument 1 of 'xTaskCreate' from incompatible pointer type [-Wincompatible-pointer-types]
  xTaskCreate(Task2,NULL,50,NULL,2,NULL);
              ^~~~~
In file included from ../src/main.c:12:0:
../src/task.h:355:16: note: expected 'TaskFunction_t {aka void (*)(void *)}' but argument is of type 'void (*)(void)'
     BaseType_t xTaskCreate( TaskFunction_t pxTaskCode,
                ^~~~~~~~~~~
../src/main.c:99:14: warning: passing argument 1 of 'xTaskCreate' from incompatible pointer type [-Wincompatible-pointer-types]
  xTaskCreate(Task3,NULL,50,NULL,3,NULL);
              ^~~~~
In file included from ../src/main.c:12:0:
../src/task.h:355:16: note: expected 'TaskFunction_t {aka void (*)(void *)}' but argument is of type 'void (*)(void)'
     BaseType_t xTaskCreate( TaskFunction_t pxTaskCode,
                ^~~~~~~~~~~
Finished building: ../src/main.c
 
Building target: COTS_RTOS.elf
Invoking: Cross ARM GNU C++ Linker
arm-none-eabi-g++ -mcpu=cortex-m4 -mthumb -mfloat-abi=softfp -mfpu=fpv4-sp-d16 -Og -fmessage-length=0 -fsigned-char -ffunction-sections -fdata-sections -ffreestanding -fno-move-loop-invariants -Wall -Wextra  -g3 -T mem.ld -T libs.ld -T sections.ld -nostartfiles -Xlinker --gc-sections -L"../ldscripts" -Wl,-Map,"COTS_RTOS.map" --specs=nano.specs -o "COTS_RTOS.elf"  ./system/src/stm32f4-hal/stm32f4xx_hal.o ./system/src/stm32f4-hal/stm32f4xx_hal_cortex.o ./system/src/stm32f4-hal/stm32f4xx_hal_dfsdm.o ./system/src/stm32f4-hal/stm32f4xx_hal_flash.o ./system/src/stm32f4-hal/stm32f4xx_hal_gpio.o ./system/src/stm32f4-hal/stm32f4xx_hal_iwdg.o ./system/src/stm32f4-hal/stm32f4xx_hal_pwr.o ./system/src/stm32f4-hal/stm32f4xx_hal_rcc.o  ./system/src/newlib/_cxx.o ./system/src/newlib/_exit.o ./system/src/newlib/_sbrk.o ./system/src/newlib/_startup.o ./system/src/newlib/_syscalls.o ./system/src/newlib/assert.o  ./system/src/diag/Trace.o ./system/src/diag/trace_impl.o  ./system/src/cortexm/_initialize_hardware.o ./system/src/cortexm/_reset_hardware.o ./system/src/cortexm/exception_handlers.o  ./system/src/cmsis/system_stm32f4xx.o ./system/src/cmsis/vectors_stm32f401xc.o  ./src/GPIO_Program.o ./src/RCC_Program.o ./src/RTOS_Program.o ./src/STK_Program.o ./src/_initialize_hardware.o ./src/_write.o ./src/croutine.o ./src/event_groups.o ./src/heap_4.o ./src/list.o ./src/main.o ./src/port.o ./src/queue.o ./src/stm32f4xx_hal_msp.o ./src/stream_buffer.o ./src/tasks.o ./src/timers.o   
Finished building target: COTS_RTOS.elf
 
Invoking: Cross ARM GNU Create Flash Image
arm-none-eabi-objcopy -O ihex "COTS_RTOS.elf"  "COTS_RTOS.hex"
Finished building: COTS_RTOS.hex
 
Invoking: Cross ARM GNU Print Size
arm-none-eabi-size --format=berkeley "COTS_RTOS.elf"
   text	   data	    bss	    dec	    hex	filename
  16695	    168	  21216	  38079	   94bf	COTS_RTOS.elf
Finished building: COTS_RTOS.siz
 
11:32:54 **** Build of configuration Debug for project COTS_GPIO ****
make all 
Invoking: Cross ARM GNU Print Size
arm-none-eabi-size --format=berkeley "COTS_GPIO.elf"
   text	   data	    bss	    dec	    hex	filename
   9115	    160	    416	   9691	   25db	COTS_GPIO.elf
Finished building: COTS_GPIO.siz
 
11:32:55 **** Incremental Build of configuration Debug for project COTS_RTOS ****
make all 
Building file: ../src/main.c
Invoking: Cross ARM GNU C Compiler
arm-none-eabi-gcc -mcpu=cortex-m4 -mthumb -mfloat-abi=softfp -mfpu=fpv4-sp-d16 -Og -fmessage-length=0 -fsigned-char -ffunction-sections -fdata-sections -ffreestanding -fno-move-loop-invariants -Wall -Wextra  -g3 -DDEBUG -DUSE_FULL_ASSERT -DTRACE -DOS_USE_TRACE_SEMIHOSTING_DEBUG -DSTM32F401xC -DUSE_HAL_DRIVER -DHSE_VALUE=25000000 -I"../include" -I"../system/include" -I"../system/include/cmsis" -I"../system/include/stm32f4-hal" -std=gnu11 -MMD -MP -MF"src/main.d" -MT"src/main.o" -c -o "src/main.o" "../src/main.c"
../src/main.c: In function 'main':
../src/main.c:97:14: warning: passing argument 1 of 'xTaskCreate' from incompatible pointer type [-Wincompatible-pointer-types]
  xTaskCreate(Task1,NULL,50,NULL,1,NULL);
              ^~~~~
In file included from ../src/main.c:12:0:
../src/task.h:355:16: note: expected 'TaskFunction_t {aka void (*)(void *)}' but argument is of type 'void (*)(void)'
     BaseType_t xTaskCreate( TaskFunction_t pxTaskCode,
                ^~~~~~~~~~~
../src/main.c:98:14: warning: passing argument 1 of 'xTaskCreate' from incompatible pointer type [-Wincompatible-pointer-types]
  xTaskCreate(Task2,NULL,50,NULL,2,NULL);
              ^~~~~
In file included from ../src/main.c:12:0:
../src/task.h:355:16: note: expected 'TaskFunction_t {aka void (*)(void *)}' but argument is of type 'void (*)(void)'
     BaseType_t xTaskCreate( TaskFunction_t pxTaskCode,
                ^~~~~~~~~~~
../src/main.c:99:14: warning: passing argument 1 of 'xTaskCreate' from incompatible pointer type [-Wincompatible-pointer-types]
  xTaskCreate(Task3,NULL,50,NULL,3,NULL);
              ^~~~~
In file included from ../src/main.c:12:0:
../src/task.h:355:16: note: expected 'TaskFunction_t {aka void (*)(void *)}' but argument is of type 'void (*)(void)'
     BaseType_t xTaskCreate( TaskFunction_t pxTaskCode,
                ^~~~~~~~~~~
Finished building: ../src/main.c
 
Building target: COTS_RTOS.elf
Invoking: Cross ARM GNU C++ Linker
arm-none-eabi-g++ -mcpu=cortex-m4 -mthumb -mfloat-abi=softfp -mfpu=fpv4-sp-d16 -Og -fmessage-length=0 -fsigned-char -ffunction-sections -fdata-sections -ffreestanding -fno-move-loop-invariants -Wall -Wextra  -g3 -T mem.ld -T libs.ld -T sections.ld -nostartfiles -Xlinker --gc-sections -L"../ldscripts" -Wl,-Map,"COTS_RTOS.map" --specs=nano.specs -o "COTS_RTOS.elf"  ./system/src/stm32f4-hal/stm32f4xx_hal.o ./system/src/stm32f4-hal/stm32f4xx_hal_cortex.o ./system/src/stm32f4-hal/stm32f4xx_hal_dfsdm.o ./system/src/stm32f4-hal/stm32f4xx_hal_flash.o ./system/src/stm32f4-hal/stm32f4xx_hal_gpio.o ./system/src/stm32f4-hal/stm32f4xx_hal_iwdg.o ./system/src/stm32f4-hal/stm32f4xx_hal_pwr.o ./system/src/stm32f4-hal/stm32f4xx_hal_rcc.o  ./system/src/newlib/_cxx.o ./system/src/newlib/_exit.o ./system/src/newlib/_sbrk.o ./system/src/newlib/_startup.o ./system/src/newlib/_syscalls.o ./system/src/newlib/assert.o  ./system/src/diag/Trace.o ./system/src/diag/trace_impl.o  ./system/src/cortexm/_initialize_hardware.o ./system/src/cortexm/_reset_hardware.o ./system/src/cortexm/exception_handlers.o  ./system/src/cmsis/system_stm32f4xx.o ./system/src/cmsis/vectors_stm32f401xc.o  ./src/GPIO_Program.o ./src/RCC_Program.o ./src/RTOS_Program.o ./src/STK_Program.o ./src/_initialize_hardware.o ./src/_write.o ./src/croutine.o ./src/event_groups.o ./src/heap_4.o ./src/list.o ./src/main.o ./src/port.o ./src/queue.o ./src/stm32f4xx_hal_msp.o ./src/stream_buffer.o ./src/tasks.o ./src/timers.o   
Finished building target: COTS_RTOS.elf
 
Invoking: Cross ARM GNU Create Flash Image
arm-none-eabi-objcopy -O ihex "COTS_RTOS.elf"  "COTS_RTOS.hex"
Finished building: COTS_RTOS.hex
 
Invoking: Cross ARM GNU Print Size
arm-none-eabi-size --format=berkeley "COTS_RTOS.elf"
   text	   data	    bss	    dec	    hex	filename
  16695	    168	  21216	  38079	   94bf	COTS_RTOS.elf
Finished building: COTS_RTOS.siz
 
